ready file /home/mininet/CSE222A/wolfssl/wolfssl_resume_ready7649
-e 
Starting example server for resume test...

-e 
Resume test supported
-e waiting for ready file...
-e found ready file, starting client...
SSL version is TLSv1.2
SSL cipher suite is TLS_ECDHE_RSA_WITH_AES_256_GCM_SHA384
SSL curve name is SECP256R1
Client message: hello wolfssl!
SSL version is TLSv1.2
SSL cipher suite is TLS_ECDHE_RSA_WITH_AES_256_GCM_SHA384
SSL curve name is SECP256R1
SSL reused session
Client message: resuming wolfssl!
-e removing existing ready file
resumed session
-e 
Repeating resume test without extended master secret...
-e 
Starting example server for resume test...

-e 
Resume test supported
-e waiting for ready file...
-e found ready file, starting client...
SSL version is TLSv1.2
SSL cipher suite is TLS_ECDHE_RSA_WITH_AES_256_GCM_SHA384
SSL curve name is SECP256R1
Client message: hello wolfssl!
SSL version is TLSv1.2
SSL cipher suite is TLS_ECDHE_RSA_WITH_AES_256_GCM_SHA384
SSL curve name is SECP256R1
SSL reused session
Client message: resuming wolfssl!
-e removing existing ready file
resumed session
-e 
Success!

