-e 
Starting example server for tls no signer fail test...

-e waiting for ready file...
-e found ready file, starting client...
SSL_accept error -308, error state on socket
wolfSSL error: SSL_accept failed

Using bad certificate for testing
wolfSSL_connect error -188, ASN no signer error to confirm failure
wolfSSL error: wolfSSL_connect failed

No signer error as expected! Test pass

-e 
Starting example server for tls sig confirm fail test...

-e removing existing ready file
-e waiting for ready file...
-e found ready file, starting client...
Using bad certificate for testing
SSL_accept error -308, error state on socket
wolfSSL error: SSL_accept failed

wolfSSL_connect error -155, ASN sig error, confirm failure
wolfSSL error: wolfSSL_connect failed

Sig confirm error as expected! Test pass

exiting with 0
-e removing existing ready file
