This file contains any messages produced by compilers while
running configure, to aid debugging if configure makes a mistake.

It was created by wolfssl configure 3.13.0, which was
generated by GNU Autoconf 2.69.  Invocation command line was

  $ ./configure 

## --------- ##
## Platform. ##
## --------- ##

hostname = mininet-vm
uname -m = x86_64
uname -r = 4.2.0-27-generic
uname -s = Linux
uname -v = #32~14.04.1-Ubuntu SMP Fri Jan 22 15:32:26 UTC 2016

/usr/bin/uname -p = unknown
/bin/uname -X     = unknown

/bin/arch              = unknown
/usr/bin/arch -k       = unknown
/usr/convex/getsysinfo = unknown
/usr/bin/hostinfo      = unknown
/bin/machine           = unknown
/usr/bin/oslevel       = unknown
/bin/universe          = unknown

PATH: /usr/local/sbin
PATH: /usr/local/bin
PATH: /usr/sbin
PATH: /usr/bin
PATH: /sbin
PATH: /bin
PATH: /usr/games
PATH: /usr/local/games


## ----------- ##
## Core tests. ##
## ----------- ##

configure:3231: checking build system type
configure:3245: result: x86_64-unknown-linux-gnu
configure:3265: checking host system type
configure:3278: result: x86_64-unknown-linux-gnu
configure:3316: checking for a BSD-compatible install
configure:3384: result: /usr/bin/install -c
configure:3395: checking whether build environment is sane
configure:3450: result: yes
configure:3601: checking for a thread-safe mkdir -p
configure:3640: result: /bin/mkdir -p
configure:3647: checking for gawk
configure:3677: result: no
configure:3647: checking for mawk
configure:3663: found /usr/bin/mawk
configure:3674: result: mawk
configure:3685: checking whether make sets $(MAKE)
configure:3707: result: yes
configure:3736: checking whether make supports nested variables
configure:3753: result: yes
configure:3833: checking whether UID '1000' is supported by ustar format
configure:3836: result: yes
configure:3843: checking whether GID '1000' is supported by ustar format
configure:3846: result: yes
configure:3854: checking how to create a ustar tar archive
configure:3865: tar --version
tar (GNU tar) 1.27.1
Copyright (C) 2013 Free Software Foundation, Inc.
License GPLv3+: GNU GPL version 3 or later <http://gnu.org/licenses/gpl.html>.
This is free software: you are free to change and redistribute it.
There is NO WARRANTY, to the extent permitted by law.

Written by John Gilmore and Jay Fenlason.
configure:3868: $? = 0
configure:3908: tardir=conftest.dir && eval tar --format=ustar -chf - "$tardir" >conftest.tar
configure:3911: $? = 0
configure:3915: tar -xf - <conftest.tar
configure:3918: $? = 0
configure:3920: cat conftest.dir/file
GrepMe
configure:3923: $? = 0
configure:3936: result: gnutar
configure:4062: checking how to print strings
configure:4089: result: printf
configure:4122: checking for style of include used by make
configure:4150: result: GNU
configure:4221: checking for gcc
configure:4237: found /usr/bin/gcc
configure:4248: result: gcc
configure:4477: checking for C compiler version
configure:4486: gcc --version >&5
gcc (Ubuntu 4.8.4-2ubuntu1~14.04.3) 4.8.4
Copyright (C) 2013 Free Software Foundation, Inc.
This is free software; see the source for copying conditions.  There is NO
warranty; not even for MERCHANTABILITY or FITNESS FOR A PARTICULAR PURPOSE.

configure:4497: $? = 0
configure:4486: gcc -v >&5
Using built-in specs.
COLLECT_GCC=gcc
COLLECT_LTO_WRAPPER=/usr/lib/gcc/x86_64-linux-gnu/4.8/lto-wrapper
Target: x86_64-linux-gnu
Configured with: ../src/configure -v --with-pkgversion='Ubuntu 4.8.4-2ubuntu1~14.04.3' --with-bugurl=file:///usr/share/doc/gcc-4.8/README.Bugs --enable-languages=c,c++,java,go,d,fortran,objc,obj-c++ --prefix=/usr --program-suffix=-4.8 --enable-shared --enable-linker-build-id --libexecdir=/usr/lib --without-included-gettext --enable-threads=posix --with-gxx-include-dir=/usr/include/c++/4.8 --libdir=/usr/lib --enable-nls --with-sysroot=/ --enable-clocale=gnu --enable-libstdcxx-debug --enable-libstdcxx-time=yes --enable-gnu-unique-object --disable-libmudflap --enable-plugin --with-system-zlib --disable-browser-plugin --enable-java-awt=gtk --enable-gtk-cairo --with-java-home=/usr/lib/jvm/java-1.5.0-gcj-4.8-amd64/jre --enable-java-home --with-jvm-root-dir=/usr/lib/jvm/java-1.5.0-gcj-4.8-amd64 --with-jvm-jar-dir=/usr/lib/jvm-exports/java-1.5.0-gcj-4.8-amd64 --with-arch-directory=amd64 --with-ecj-jar=/usr/share/java/eclipse-ecj.jar --enable-objc-gc --enable-multiarch --disable-werror --with-arch-32=i686 --with-abi=m64 --with-multilib-list=m32,m64,mx32 --with-tune=generic --enable-checking=release --build=x86_64-linux-gnu --host=x86_64-linux-gnu --target=x86_64-linux-gnu
Thread model: posix
gcc version 4.8.4 (Ubuntu 4.8.4-2ubuntu1~14.04.3) 
configure:4497: $? = 0
configure:4486: gcc -V >&5
gcc: error: unrecognized command line option '-V'
gcc: fatal error: no input files
compilation terminated.
configure:4497: $? = 4
configure:4486: gcc -qversion >&5
gcc: error: unrecognized command line option '-qversion'
gcc: fatal error: no input files
compilation terminated.
configure:4497: $? = 4
configure:4517: checking whether the C compiler works
configure:4539: gcc    conftest.c  >&5
configure:4543: $? = 0
configure:4591: result: yes
configure:4594: checking for C compiler default output file name
configure:4596: result: a.out
configure:4602: checking for suffix of executables
configure:4609: gcc -o conftest    conftest.c  >&5
configure:4613: $? = 0
configure:4635: result: 
configure:4657: checking whether we are cross compiling
configure:4665: gcc -o conftest    conftest.c  >&5
configure:4669: $? = 0
configure:4676: ./conftest
configure:4680: $? = 0
configure:4695: result: no
configure:4700: checking for suffix of object files
configure:4722: gcc -c   conftest.c >&5
configure:4726: $? = 0
configure:4747: result: o
configure:4751: checking whether we are using the GNU C compiler
configure:4770: gcc -c   conftest.c >&5
configure:4770: $? = 0
configure:4779: result: yes
configure:4788: checking whether gcc accepts -g
configure:4808: gcc -c -g  conftest.c >&5
configure:4808: $? = 0
configure:4849: result: yes
configure:4866: checking for gcc option to accept ISO C89
configure:4929: gcc  -c   conftest.c >&5
configure:4929: $? = 0
configure:4942: result: none needed
configure:4967: checking whether gcc understands -c and -o together
configure:4989: gcc -c conftest.c -o conftest2.o
configure:4992: $? = 0
configure:4989: gcc -c conftest.c -o conftest2.o
configure:4992: $? = 0
configure:5004: result: yes
configure:5023: checking dependency style of gcc
configure:5134: result: gcc3
configure:5149: checking for a sed that does not truncate output
configure:5213: result: /bin/sed
configure:5231: checking for grep that handles long lines and -e
configure:5289: result: /bin/grep
configure:5294: checking for egrep
configure:5356: result: /bin/grep -E
configure:5361: checking for fgrep
configure:5423: result: /bin/grep -F
configure:5458: checking for ld used by gcc
configure:5525: result: /usr/bin/ld
configure:5532: checking if the linker (/usr/bin/ld) is GNU ld
configure:5547: result: yes
configure:5559: checking for BSD- or MS-compatible name lister (nm)
configure:5608: result: /usr/bin/nm -B
configure:5738: checking the name lister (/usr/bin/nm -B) interface
configure:5745: gcc -c   conftest.c >&5
configure:5748: /usr/bin/nm -B "conftest.o"
configure:5751: output
0000000000000000 B some_variable
configure:5758: result: BSD nm
configure:5761: checking whether ln -s works
configure:5765: result: yes
configure:5773: checking the maximum length of command line arguments
configure:5904: result: 1572864
configure:5921: checking whether the shell understands some XSI constructs
configure:5931: result: yes
configure:5935: checking whether the shell understands "+="
configure:5941: result: yes
configure:5976: checking how to convert x86_64-unknown-linux-gnu file names to x86_64-unknown-linux-gnu format
configure:6016: result: func_convert_file_noop
configure:6023: checking how to convert x86_64-unknown-linux-gnu file names to toolchain format
configure:6043: result: func_convert_file_noop
configure:6050: checking for /usr/bin/ld option to reload object files
configure:6057: result: -r
configure:6131: checking for objdump
configure:6147: found /usr/bin/objdump
configure:6158: result: objdump
configure:6190: checking how to recognize dependent libraries
configure:6388: result: pass_all
configure:6473: checking for dlltool
configure:6503: result: no
configure:6533: checking how to associate runtime and link libraries
configure:6560: result: printf %s\n
configure:6621: checking for ar
configure:6637: found /usr/bin/ar
configure:6648: result: ar
configure:6685: checking for archiver @FILE support
configure:6702: gcc -c   conftest.c >&5
configure:6702: $? = 0
configure:6705: ar cru libconftest.a @conftest.lst >&5
configure:6708: $? = 0
configure:6713: ar cru libconftest.a @conftest.lst >&5
ar: conftest.o: No such file or directory
configure:6716: $? = 1
configure:6728: result: @
configure:6786: checking for strip
configure:6802: found /usr/bin/strip
configure:6813: result: strip
configure:6885: checking for ranlib
configure:6901: found /usr/bin/ranlib
configure:6912: result: ranlib
configure:7014: checking command to parse /usr/bin/nm -B output from gcc object
configure:7134: gcc -c   conftest.c >&5
configure:7137: $? = 0
configure:7141: /usr/bin/nm -B conftest.o \| sed -n -e 's/^.*[ ]\([ABCDGIRSTW][ABCDGIRSTW]*\)[ ][ ]*\([_A-Za-z][_A-Za-z0-9]*\)$/\1 \2 \2/p' | sed '/ __gnu_lto/d' \> conftest.nm
configure:7144: $? = 0
configure:7210: gcc -o conftest    conftest.c conftstm.o >&5
configure:7213: $? = 0
configure:7251: result: ok
configure:7288: checking for sysroot
configure:7318: result: no
configure:7395: gcc -c   conftest.c >&5
configure:7398: $? = 0
configure:7587: checking for mt
configure:7603: found /bin/mt
configure:7614: result: mt
configure:7637: checking if mt is a manifest tool
configure:7643: mt '-?'
configure:7651: result: no
configure:8293: checking how to run the C preprocessor
configure:8324: gcc -E  conftest.c
configure:8324: $? = 0
configure:8338: gcc -E  conftest.c
conftest.c:9:28: fatal error: ac_nonexistent.h: No such file or directory
 #include <ac_nonexistent.h>
                            ^
compilation terminated.
configure:8338: $? = 1
configure: failed program was:
| /* confdefs.h */
| #define PACKAGE_NAME "wolfssl"
| #define PACKAGE_TARNAME "wolfssl"
| #define PACKAGE_VERSION "3.13.0"
| #define PACKAGE_STRING "wolfssl 3.13.0"
| #define PACKAGE_BUGREPORT "https://github.com/wolfssl/wolfssl/issues"
| #define PACKAGE_URL "http://www.wolfssl.com"
| /* end confdefs.h.  */
| #include <ac_nonexistent.h>
configure:8363: result: gcc -E
configure:8383: gcc -E  conftest.c
configure:8383: $? = 0
configure:8397: gcc -E  conftest.c
conftest.c:9:28: fatal error: ac_nonexistent.h: No such file or directory
 #include <ac_nonexistent.h>
                            ^
compilation terminated.
configure:8397: $? = 1
configure: failed program was:
| /* confdefs.h */
| #define PACKAGE_NAME "wolfssl"
| #define PACKAGE_TARNAME "wolfssl"
| #define PACKAGE_VERSION "3.13.0"
| #define PACKAGE_STRING "wolfssl 3.13.0"
| #define PACKAGE_BUGREPORT "https://github.com/wolfssl/wolfssl/issues"
| #define PACKAGE_URL "http://www.wolfssl.com"
| /* end confdefs.h.  */
| #include <ac_nonexistent.h>
configure:8426: checking for ANSI C header files
configure:8446: gcc -c   conftest.c >&5
configure:8446: $? = 0
configure:8519: gcc -o conftest    conftest.c  >&5
configure:8519: $? = 0
configure:8519: ./conftest
configure:8519: $? = 0
configure:8530: result: yes
configure:8543: checking for sys/types.h
configure:8543: gcc -c   conftest.c >&5
configure:8543: $? = 0
configure:8543: result: yes
configure:8543: checking for sys/stat.h
configure:8543: gcc -c   conftest.c >&5
configure:8543: $? = 0
configure:8543: result: yes
configure:8543: checking for stdlib.h
configure:8543: gcc -c   conftest.c >&5
configure:8543: $? = 0
configure:8543: result: yes
configure:8543: checking for string.h
configure:8543: gcc -c   conftest.c >&5
configure:8543: $? = 0
configure:8543: result: yes
configure:8543: checking for memory.h
configure:8543: gcc -c   conftest.c >&5
configure:8543: $? = 0
configure:8543: result: yes
configure:8543: checking for strings.h
configure:8543: gcc -c   conftest.c >&5
configure:8543: $? = 0
configure:8543: result: yes
configure:8543: checking for inttypes.h
configure:8543: gcc -c   conftest.c >&5
configure:8543: $? = 0
configure:8543: result: yes
configure:8543: checking for stdint.h
configure:8543: gcc -c   conftest.c >&5
configure:8543: $? = 0
configure:8543: result: yes
configure:8543: checking for unistd.h
configure:8543: gcc -c   conftest.c >&5
configure:8543: $? = 0
configure:8543: result: yes
configure:8557: checking for dlfcn.h
configure:8557: gcc -c   conftest.c >&5
configure:8557: $? = 0
configure:8557: result: yes
configure:8762: checking for objdir
configure:8777: result: .libs
configure:9048: checking if gcc supports -fno-rtti -fno-exceptions
configure:9066: gcc -c   -fno-rtti -fno-exceptions conftest.c >&5
cc1: warning: command line option '-fno-rtti' is valid for C++/ObjC++ but not for C [enabled by default]
configure:9070: $? = 0
configure:9083: result: no
configure:9410: checking for gcc option to produce PIC
configure:9417: result: -fPIC -DPIC
configure:9425: checking if gcc PIC flag -fPIC -DPIC works
configure:9443: gcc -c   -fPIC -DPIC -DPIC conftest.c >&5
configure:9447: $? = 0
configure:9460: result: yes
configure:9489: checking if gcc static flag -static works
configure:9517: result: yes
configure:9532: checking if gcc supports -c -o file.o
configure:9553: gcc -c   -o out/conftest2.o conftest.c >&5
configure:9557: $? = 0
configure:9579: result: yes
configure:9587: checking if gcc supports -c -o file.o
configure:9634: result: yes
configure:9667: checking whether the gcc linker (/usr/bin/ld -m elf_x86_64) supports shared libraries
configure:10824: result: yes
configure:10861: checking whether -lc should be explicitly linked in
configure:10869: gcc -c   conftest.c >&5
configure:10872: $? = 0
configure:10887: gcc -shared  -fPIC -DPIC conftest.o  -v -Wl,-soname -Wl,conftest -o conftest 2\>\&1 \| /bin/grep  -lc  \>/dev/null 2\>\&1
configure:10890: $? = 0
configure:10904: result: no
configure:11064: checking dynamic linker characteristics
configure:11564: gcc -o conftest    -Wl,-rpath -Wl,/foo conftest.c  >&5
configure:11564: $? = 0
configure:11798: result: GNU/Linux ld.so
configure:11905: checking how to hardcode library paths into programs
configure:11930: result: immediate
configure:12470: checking whether stripping libraries is possible
configure:12475: result: yes
configure:12510: checking if libtool supports shared libraries
configure:12512: result: yes
configure:12515: checking whether to build shared libraries
configure:12536: result: yes
configure:12539: checking whether to build static libraries
configure:12543: result: no
configure:12638: checking for g++
configure:12654: found /usr/bin/g++
configure:12665: result: g++
configure:12692: checking for C++ compiler version
configure:12701: g++ --version >&5
g++ (Ubuntu 4.8.4-2ubuntu1~14.04.3) 4.8.4
Copyright (C) 2013 Free Software Foundation, Inc.
This is free software; see the source for copying conditions.  There is NO
warranty; not even for MERCHANTABILITY or FITNESS FOR A PARTICULAR PURPOSE.

configure:12712: $? = 0
configure:12701: g++ -v >&5
Using built-in specs.
COLLECT_GCC=g++
COLLECT_LTO_WRAPPER=/usr/lib/gcc/x86_64-linux-gnu/4.8/lto-wrapper
Target: x86_64-linux-gnu
Configured with: ../src/configure -v --with-pkgversion='Ubuntu 4.8.4-2ubuntu1~14.04.3' --with-bugurl=file:///usr/share/doc/gcc-4.8/README.Bugs --enable-languages=c,c++,java,go,d,fortran,objc,obj-c++ --prefix=/usr --program-suffix=-4.8 --enable-shared --enable-linker-build-id --libexecdir=/usr/lib --without-included-gettext --enable-threads=posix --with-gxx-include-dir=/usr/include/c++/4.8 --libdir=/usr/lib --enable-nls --with-sysroot=/ --enable-clocale=gnu --enable-libstdcxx-debug --enable-libstdcxx-time=yes --enable-gnu-unique-object --disable-libmudflap --enable-plugin --with-system-zlib --disable-browser-plugin --enable-java-awt=gtk --enable-gtk-cairo --with-java-home=/usr/lib/jvm/java-1.5.0-gcj-4.8-amd64/jre --enable-java-home --with-jvm-root-dir=/usr/lib/jvm/java-1.5.0-gcj-4.8-amd64 --with-jvm-jar-dir=/usr/lib/jvm-exports/java-1.5.0-gcj-4.8-amd64 --with-arch-directory=amd64 --with-ecj-jar=/usr/share/java/eclipse-ecj.jar --enable-objc-gc --enable-multiarch --disable-werror --with-arch-32=i686 --with-abi=m64 --with-multilib-list=m32,m64,mx32 --with-tune=generic --enable-checking=release --build=x86_64-linux-gnu --host=x86_64-linux-gnu --target=x86_64-linux-gnu
Thread model: posix
gcc version 4.8.4 (Ubuntu 4.8.4-2ubuntu1~14.04.3) 
configure:12712: $? = 0
configure:12701: g++ -V >&5
g++: error: unrecognized command line option '-V'
g++: fatal error: no input files
compilation terminated.
configure:12712: $? = 4
configure:12701: g++ -qversion >&5
g++: error: unrecognized command line option '-qversion'
g++: fatal error: no input files
compilation terminated.
configure:12712: $? = 4
configure:12716: checking whether we are using the GNU C++ compiler
configure:12735: g++ -c   conftest.cpp >&5
configure:12735: $? = 0
configure:12744: result: yes
configure:12753: checking whether g++ accepts -g
configure:12773: g++ -c -g  conftest.cpp >&5
configure:12773: $? = 0
configure:12814: result: yes
configure:12839: checking dependency style of g++
configure:12950: result: gcc3
configure:12984: checking how to run the C++ preprocessor
configure:13011: g++ -E  conftest.cpp
configure:13011: $? = 0
configure:13025: g++ -E  conftest.cpp
conftest.cpp:21:28: fatal error: ac_nonexistent.h: No such file or directory
 #include <ac_nonexistent.h>
                            ^
compilation terminated.
configure:13025: $? = 1
configure: failed program was:
| /* confdefs.h */
| #define PACKAGE_NAME "wolfssl"
| #define PACKAGE_TARNAME "wolfssl"
| #define PACKAGE_VERSION "3.13.0"
| #define PACKAGE_STRING "wolfssl 3.13.0"
| #define PACKAGE_BUGREPORT "https://github.com/wolfssl/wolfssl/issues"
| #define PACKAGE_URL "http://www.wolfssl.com"
| #define STDC_HEADERS 1
| #define HAVE_SYS_TYPES_H 1
| #define HAVE_SYS_STAT_H 1
| #define HAVE_STDLIB_H 1
| #define HAVE_STRING_H 1
| #define HAVE_MEMORY_H 1
| #define HAVE_STRINGS_H 1
| #define HAVE_INTTYPES_H 1
| #define HAVE_STDINT_H 1
| #define HAVE_UNISTD_H 1
| #define HAVE_DLFCN_H 1
| #define LT_OBJDIR ".libs/"
| /* end confdefs.h.  */
| #include <ac_nonexistent.h>
configure:13050: result: g++ -E
configure:13070: g++ -E  conftest.cpp
configure:13070: $? = 0
configure:13084: g++ -E  conftest.cpp
conftest.cpp:21:28: fatal error: ac_nonexistent.h: No such file or directory
 #include <ac_nonexistent.h>
                            ^
compilation terminated.
configure:13084: $? = 1
configure: failed program was:
| /* confdefs.h */
| #define PACKAGE_NAME "wolfssl"
| #define PACKAGE_TARNAME "wolfssl"
| #define PACKAGE_VERSION "3.13.0"
| #define PACKAGE_STRING "wolfssl 3.13.0"
| #define PACKAGE_BUGREPORT "https://github.com/wolfssl/wolfssl/issues"
| #define PACKAGE_URL "http://www.wolfssl.com"
| #define STDC_HEADERS 1
| #define HAVE_SYS_TYPES_H 1
| #define HAVE_SYS_STAT_H 1
| #define HAVE_STDLIB_H 1
| #define HAVE_STRING_H 1
| #define HAVE_MEMORY_H 1
| #define HAVE_STRINGS_H 1
| #define HAVE_INTTYPES_H 1
| #define HAVE_STDINT_H 1
| #define HAVE_UNISTD_H 1
| #define HAVE_DLFCN_H 1
| #define LT_OBJDIR ".libs/"
| /* end confdefs.h.  */
| #include <ac_nonexistent.h>
configure:13253: checking for ld used by g++
configure:13320: result: /usr/bin/ld -m elf_x86_64
configure:13327: checking if the linker (/usr/bin/ld -m elf_x86_64) is GNU ld
configure:13342: result: yes
configure:13397: checking whether the g++ linker (/usr/bin/ld -m elf_x86_64) supports shared libraries
configure:14399: result: yes
configure:14435: g++ -c -g -O2  conftest.cpp >&5
configure:14438: $? = 0
configure:14958: checking for g++ option to produce PIC
configure:14965: result: -fPIC -DPIC
configure:14973: checking if g++ PIC flag -fPIC -DPIC works
configure:14991: g++ -c -g -O2  -fPIC -DPIC -DPIC conftest.cpp >&5
configure:14995: $? = 0
configure:15008: result: yes
configure:15031: checking if g++ static flag -static works
configure:15059: result: yes
configure:15071: checking if g++ supports -c -o file.o
configure:15092: g++ -c -g -O2  -o out/conftest2.o conftest.cpp >&5
configure:15096: $? = 0
configure:15118: result: yes
configure:15123: checking if g++ supports -c -o file.o
configure:15170: result: yes
configure:15200: checking whether the g++ linker (/usr/bin/ld -m elf_x86_64) supports shared libraries
configure:15239: result: yes
configure:15380: checking dynamic linker characteristics
configure:16048: result: GNU/Linux ld.so
configure:16101: checking how to hardcode library paths into programs
configure:16126: result: immediate
configure:16173: checking whether the -Werror option is usable
configure:16192: gcc -c  -Werror  conftest.c >&5
configure:16192: $? = 0
configure:16201: result: yes
configure:16203: checking for simple visibility declarations
configure:16230: gcc -c  -fvisibility=hidden -Werror  conftest.c >&5
configure:16230: $? = 0
configure:16239: result: yes
configure:16272: checking whether make supports nested variables
configure:16289: result: yes
configure:16309: checking size of long long
configure:16314: gcc -o conftest   -fvisibility=hidden  conftest.c  >&5
configure:16314: $? = 0
configure:16314: ./conftest
configure:16314: $? = 0
configure:16328: result: 8
configure:16342: checking size of long
configure:16347: gcc -o conftest   -fvisibility=hidden  conftest.c  >&5
configure:16347: $? = 0
configure:16347: ./conftest
configure:16347: $? = 0
configure:16361: result: 8
configure:16371: checking for __uint128_t
configure:16371: gcc -c   -fvisibility=hidden conftest.c >&5
configure:16371: $? = 0
configure:16371: gcc -c   -fvisibility=hidden conftest.c >&5
conftest.c: In function 'main':
conftest.c:60:26: error: expected expression before ')' token
 if (sizeof ((__uint128_t)))
                          ^
configure:16371: $? = 1
configure: failed program was:
| /* confdefs.h */
| #define PACKAGE_NAME "wolfssl"
| #define PACKAGE_TARNAME "wolfssl"
| #define PACKAGE_VERSION "3.13.0"
| #define PACKAGE_STRING "wolfssl 3.13.0"
| #define PACKAGE_BUGREPORT "https://github.com/wolfssl/wolfssl/issues"
| #define PACKAGE_URL "http://www.wolfssl.com"
| #define STDC_HEADERS 1
| #define HAVE_SYS_TYPES_H 1
| #define HAVE_SYS_STAT_H 1
| #define HAVE_STDLIB_H 1
| #define HAVE_STRING_H 1
| #define HAVE_MEMORY_H 1
| #define HAVE_STRINGS_H 1
| #define HAVE_INTTYPES_H 1
| #define HAVE_STDINT_H 1
| #define HAVE_UNISTD_H 1
| #define HAVE_DLFCN_H 1
| #define LT_OBJDIR ".libs/"
| #define HAVE_VISIBILITY 1
| #define SIZEOF_LONG_LONG 8
| #define SIZEOF_LONG 8
| /* end confdefs.h.  */
| #include <stdio.h>
| #ifdef HAVE_SYS_TYPES_H
| # include <sys/types.h>
| #endif
| #ifdef HAVE_SYS_STAT_H
| # include <sys/stat.h>
| #endif
| #ifdef STDC_HEADERS
| # include <stdlib.h>
| # include <stddef.h>
| #else
| # ifdef HAVE_STDLIB_H
| #  include <stdlib.h>
| # endif
| #endif
| #ifdef HAVE_STRING_H
| # if !defined STDC_HEADERS && defined HAVE_MEMORY_H
| #  include <memory.h>
| # endif
| # include <string.h>
| #endif
| #ifdef HAVE_STRINGS_H
| # include <strings.h>
| #endif
| #ifdef HAVE_INTTYPES_H
| # include <inttypes.h>
| #endif
| #ifdef HAVE_STDINT_H
| # include <stdint.h>
| #endif
| #ifdef HAVE_UNISTD_H
| # include <unistd.h>
| #endif
| int
| main ()
| {
| if (sizeof ((__uint128_t)))
| 	    return 0;
|   ;
|   return 0;
| }
configure:16371: result: yes
configure:16383: checking for gethostbyname
configure:16383: gcc -o conftest   -fvisibility=hidden  conftest.c  >&5
configure:16383: $? = 0
configure:16383: result: yes
configure:16394: checking for getaddrinfo
configure:16394: gcc -o conftest   -fvisibility=hidden  conftest.c  >&5
configure:16394: $? = 0
configure:16394: result: yes
configure:16405: checking for gettimeofday
configure:16405: gcc -o conftest   -fvisibility=hidden  conftest.c  >&5
configure:16405: $? = 0
configure:16405: result: yes
configure:16416: checking for gmtime_r
configure:16416: gcc -o conftest   -fvisibility=hidden  conftest.c  >&5
configure:16416: $? = 0
configure:16416: result: yes
configure:16427: checking for inet_ntoa
configure:16427: gcc -o conftest   -fvisibility=hidden  conftest.c  >&5
configure:16427: $? = 0
configure:16427: result: yes
configure:16438: checking for memset
configure:16438: gcc -o conftest   -fvisibility=hidden  conftest.c  >&5
conftest.c:53:6: warning: conflicting types for built-in function 'memset' [enabled by default]
 char memset ();
      ^
configure:16438: $? = 0
configure:16438: result: yes
configure:16449: checking for socket
configure:16449: gcc -o conftest   -fvisibility=hidden  conftest.c  >&5
configure:16449: $? = 0
configure:16449: result: yes
configure:16460: checking arpa/inet.h usability
configure:16460: gcc -c   -fvisibility=hidden conftest.c >&5
configure:16460: $? = 0
configure:16460: result: yes
configure:16460: checking arpa/inet.h presence
configure:16460: gcc -E  -fvisibility=hidden conftest.c
configure:16460: $? = 0
configure:16460: result: yes
configure:16460: checking for arpa/inet.h
configure:16460: result: yes
configure:16472: checking fcntl.h usability
configure:16472: gcc -c   -fvisibility=hidden conftest.c >&5
configure:16472: $? = 0
configure:16472: result: yes
configure:16472: checking fcntl.h presence
configure:16472: gcc -E  -fvisibility=hidden conftest.c
configure:16472: $? = 0
configure:16472: result: yes
configure:16472: checking for fcntl.h
configure:16472: result: yes
configure:16484: checking limits.h usability
configure:16484: gcc -c   -fvisibility=hidden conftest.c >&5
configure:16484: $? = 0
configure:16484: result: yes
configure:16484: checking limits.h presence
configure:16484: gcc -E  -fvisibility=hidden conftest.c
configure:16484: $? = 0
configure:16484: result: yes
configure:16484: checking for limits.h
configure:16484: result: yes
configure:16496: checking netdb.h usability
configure:16496: gcc -c   -fvisibility=hidden conftest.c >&5
configure:16496: $? = 0
configure:16496: result: yes
configure:16496: checking netdb.h presence
configure:16496: gcc -E  -fvisibility=hidden conftest.c
configure:16496: $? = 0
configure:16496: result: yes
configure:16496: checking for netdb.h
configure:16496: result: yes
configure:16508: checking netinet/in.h usability
configure:16508: gcc -c   -fvisibility=hidden conftest.c >&5
configure:16508: $? = 0
configure:16508: result: yes
configure:16508: checking netinet/in.h presence
configure:16508: gcc -E  -fvisibility=hidden conftest.c
configure:16508: $? = 0
configure:16508: result: yes
configure:16508: checking for netinet/in.h
configure:16508: result: yes
configure:16520: checking stddef.h usability
configure:16520: gcc -c   -fvisibility=hidden conftest.c >&5
configure:16520: $? = 0
configure:16520: result: yes
configure:16520: checking stddef.h presence
configure:16520: gcc -E  -fvisibility=hidden conftest.c
configure:16520: $? = 0
configure:16520: result: yes
configure:16520: checking for stddef.h
configure:16520: result: yes
configure:16532: checking sys/ioctl.h usability
configure:16532: gcc -c   -fvisibility=hidden conftest.c >&5
configure:16532: $? = 0
configure:16532: result: yes
configure:16532: checking sys/ioctl.h presence
configure:16532: gcc -E  -fvisibility=hidden conftest.c
configure:16532: $? = 0
configure:16532: result: yes
configure:16532: checking for sys/ioctl.h
configure:16532: result: yes
configure:16544: checking sys/socket.h usability
configure:16544: gcc -c   -fvisibility=hidden conftest.c >&5
configure:16544: $? = 0
configure:16544: result: yes
configure:16544: checking sys/socket.h presence
configure:16544: gcc -E  -fvisibility=hidden conftest.c
configure:16544: $? = 0
configure:16544: result: yes
configure:16544: checking for sys/socket.h
configure:16544: result: yes
configure:16556: checking sys/time.h usability
configure:16556: gcc -c   -fvisibility=hidden conftest.c >&5
configure:16556: $? = 0
configure:16556: result: yes
configure:16556: checking sys/time.h presence
configure:16556: gcc -E  -fvisibility=hidden conftest.c
configure:16556: $? = 0
configure:16556: result: yes
configure:16556: checking for sys/time.h
configure:16556: result: yes
configure:16568: checking errno.h usability
configure:16568: gcc -c   -fvisibility=hidden conftest.c >&5
configure:16568: $? = 0
configure:16568: result: yes
configure:16568: checking errno.h presence
configure:16568: gcc -E  -fvisibility=hidden conftest.c
configure:16568: $? = 0
configure:16568: result: yes
configure:16568: checking for errno.h
configure:16568: result: yes
configure:16578: checking for socket in -lnetwork
configure:16603: gcc -o conftest   -fvisibility=hidden  conftest.c -lnetwork   >&5
/usr/bin/ld: cannot find -lnetwork
collect2: error: ld returned 1 exit status
configure:16603: $? = 1
configure: failed program was:
| /* confdefs.h */
| #define PACKAGE_NAME "wolfssl"
| #define PACKAGE_TARNAME "wolfssl"
| #define PACKAGE_VERSION "3.13.0"
| #define PACKAGE_STRING "wolfssl 3.13.0"
| #define PACKAGE_BUGREPORT "https://github.com/wolfssl/wolfssl/issues"
| #define PACKAGE_URL "http://www.wolfssl.com"
| #define STDC_HEADERS 1
| #define HAVE_SYS_TYPES_H 1
| #define HAVE_SYS_STAT_H 1
| #define HAVE_STDLIB_H 1
| #define HAVE_STRING_H 1
| #define HAVE_MEMORY_H 1
| #define HAVE_STRINGS_H 1
| #define HAVE_INTTYPES_H 1
| #define HAVE_STDINT_H 1
| #define HAVE_UNISTD_H 1
| #define HAVE_DLFCN_H 1
| #define LT_OBJDIR ".libs/"
| #define HAVE_VISIBILITY 1
| #define SIZEOF_LONG_LONG 8
| #define SIZEOF_LONG 8
| #define HAVE___UINT128_T 1
| #define HAVE_GETHOSTBYNAME 1
| #define HAVE_GETADDRINFO 1
| #define HAVE_GETTIMEOFDAY 1
| #define HAVE_GMTIME_R 1
| #define HAVE_INET_NTOA 1
| #define HAVE_MEMSET 1
| #define HAVE_SOCKET 1
| #define HAVE_ARPA_INET_H 1
| #define HAVE_FCNTL_H 1
| #define HAVE_LIMITS_H 1
| #define HAVE_NETDB_H 1
| #define HAVE_NETINET_IN_H 1
| #define HAVE_STDDEF_H 1
| #define HAVE_SYS_IOCTL_H 1
| #define HAVE_SYS_SOCKET_H 1
| #define HAVE_SYS_TIME_H 1
| #define HAVE_ERRNO_H 1
| /* end confdefs.h.  */
| 
| /* Override any GCC internal prototype to avoid an error.
|    Use char because int might match the return type of a GCC
|    builtin and then its argument prototype would still apply.  */
| #ifdef __cplusplus
| extern "C"
| #endif
| char socket ();
| int
| main ()
| {
| return socket ();
|   ;
|   return 0;
| }
configure:16612: result: no
configure:16623: checking whether byte ordering is bigendian
configure:16638: gcc -c   -fvisibility=hidden conftest.c >&5
conftest.c:43:9: error: unknown type name 'not'
         not a universal capable compiler
         ^
conftest.c:43:15: error: expected '=', ',', ';', 'asm' or '__attribute__' before 'universal'
         not a universal capable compiler
               ^
conftest.c:43:15: error: unknown type name 'universal'
configure:16638: $? = 1
configure: failed program was:
| /* confdefs.h */
| #define PACKAGE_NAME "wolfssl"
| #define PACKAGE_TARNAME "wolfssl"
| #define PACKAGE_VERSION "3.13.0"
| #define PACKAGE_STRING "wolfssl 3.13.0"
| #define PACKAGE_BUGREPORT "https://github.com/wolfssl/wolfssl/issues"
| #define PACKAGE_URL "http://www.wolfssl.com"
| #define STDC_HEADERS 1
| #define HAVE_SYS_TYPES_H 1
| #define HAVE_SYS_STAT_H 1
| #define HAVE_STDLIB_H 1
| #define HAVE_STRING_H 1
| #define HAVE_MEMORY_H 1
| #define HAVE_STRINGS_H 1
| #define HAVE_INTTYPES_H 1
| #define HAVE_STDINT_H 1
| #define HAVE_UNISTD_H 1
| #define HAVE_DLFCN_H 1
| #define LT_OBJDIR ".libs/"
| #define HAVE_VISIBILITY 1
| #define SIZEOF_LONG_LONG 8
| #define SIZEOF_LONG 8
| #define HAVE___UINT128_T 1
| #define HAVE_GETHOSTBYNAME 1
| #define HAVE_GETADDRINFO 1
| #define HAVE_GETTIMEOFDAY 1
| #define HAVE_GMTIME_R 1
| #define HAVE_INET_NTOA 1
| #define HAVE_MEMSET 1
| #define HAVE_SOCKET 1
| #define HAVE_ARPA_INET_H 1
| #define HAVE_FCNTL_H 1
| #define HAVE_LIMITS_H 1
| #define HAVE_NETDB_H 1
| #define HAVE_NETINET_IN_H 1
| #define HAVE_STDDEF_H 1
| #define HAVE_SYS_IOCTL_H 1
| #define HAVE_SYS_SOCKET_H 1
| #define HAVE_SYS_TIME_H 1
| #define HAVE_ERRNO_H 1
| /* end confdefs.h.  */
| #ifndef __APPLE_CC__
| 	       not a universal capable compiler
| 	     #endif
| 	     typedef int dummy;
| 
configure:16683: gcc -c   -fvisibility=hidden conftest.c >&5
configure:16683: $? = 0
configure:16701: gcc -c   -fvisibility=hidden conftest.c >&5
conftest.c: In function 'main':
conftest.c:49:4: error: unknown type name 'not'
    not big endian
    ^
conftest.c:49:12: error: expected '=', ',', ';', 'asm' or '__attribute__' before 'endian'
    not big endian
            ^
configure:16701: $? = 1
configure: failed program was:
| /* confdefs.h */
| #define PACKAGE_NAME "wolfssl"
| #define PACKAGE_TARNAME "wolfssl"
| #define PACKAGE_VERSION "3.13.0"
| #define PACKAGE_STRING "wolfssl 3.13.0"
| #define PACKAGE_BUGREPORT "https://github.com/wolfssl/wolfssl/issues"
| #define PACKAGE_URL "http://www.wolfssl.com"
| #define STDC_HEADERS 1
| #define HAVE_SYS_TYPES_H 1
| #define HAVE_SYS_STAT_H 1
| #define HAVE_STDLIB_H 1
| #define HAVE_STRING_H 1
| #define HAVE_MEMORY_H 1
| #define HAVE_STRINGS_H 1
| #define HAVE_INTTYPES_H 1
| #define HAVE_STDINT_H 1
| #define HAVE_UNISTD_H 1
| #define HAVE_DLFCN_H 1
| #define LT_OBJDIR ".libs/"
| #define HAVE_VISIBILITY 1
| #define SIZEOF_LONG_LONG 8
| #define SIZEOF_LONG 8
| #define HAVE___UINT128_T 1
| #define HAVE_GETHOSTBYNAME 1
| #define HAVE_GETADDRINFO 1
| #define HAVE_GETTIMEOFDAY 1
| #define HAVE_GMTIME_R 1
| #define HAVE_INET_NTOA 1
| #define HAVE_MEMSET 1
| #define HAVE_SOCKET 1
| #define HAVE_ARPA_INET_H 1
| #define HAVE_FCNTL_H 1
| #define HAVE_LIMITS_H 1
| #define HAVE_NETDB_H 1
| #define HAVE_NETINET_IN_H 1
| #define HAVE_STDDEF_H 1
| #define HAVE_SYS_IOCTL_H 1
| #define HAVE_SYS_SOCKET_H 1
| #define HAVE_SYS_TIME_H 1
| #define HAVE_ERRNO_H 1
| /* end confdefs.h.  */
| #include <sys/types.h>
| 		#include <sys/param.h>
| 
| int
| main ()
| {
| #if BYTE_ORDER != BIG_ENDIAN
| 		 not big endian
| 		#endif
| 
|   ;
|   return 0;
| }
configure:16829: result: no
configure:16899: checking for gcc
configure:16926: result: gcc
configure:17155: checking for C compiler version
configure:17164: gcc --version >&5
gcc (Ubuntu 4.8.4-2ubuntu1~14.04.3) 4.8.4
Copyright (C) 2013 Free Software Foundation, Inc.
This is free software; see the source for copying conditions.  There is NO
warranty; not even for MERCHANTABILITY or FITNESS FOR A PARTICULAR PURPOSE.

configure:17175: $? = 0
configure:17164: gcc -v >&5
Using built-in specs.
COLLECT_GCC=gcc
COLLECT_LTO_WRAPPER=/usr/lib/gcc/x86_64-linux-gnu/4.8/lto-wrapper
Target: x86_64-linux-gnu
Configured with: ../src/configure -v --with-pkgversion='Ubuntu 4.8.4-2ubuntu1~14.04.3' --with-bugurl=file:///usr/share/doc/gcc-4.8/README.Bugs --enable-languages=c,c++,java,go,d,fortran,objc,obj-c++ --prefix=/usr --program-suffix=-4.8 --enable-shared --enable-linker-build-id --libexecdir=/usr/lib --without-included-gettext --enable-threads=posix --with-gxx-include-dir=/usr/include/c++/4.8 --libdir=/usr/lib --enable-nls --with-sysroot=/ --enable-clocale=gnu --enable-libstdcxx-debug --enable-libstdcxx-time=yes --enable-gnu-unique-object --disable-libmudflap --enable-plugin --with-system-zlib --disable-browser-plugin --enable-java-awt=gtk --enable-gtk-cairo --with-java-home=/usr/lib/jvm/java-1.5.0-gcj-4.8-amd64/jre --enable-java-home --with-jvm-root-dir=/usr/lib/jvm/java-1.5.0-gcj-4.8-amd64 --with-jvm-jar-dir=/usr/lib/jvm-exports/java-1.5.0-gcj-4.8-amd64 --with-arch-directory=amd64 --with-ecj-jar=/usr/share/java/eclipse-ecj.jar --enable-objc-gc --enable-multiarch --disable-werror --with-arch-32=i686 --with-abi=m64 --with-multilib-list=m32,m64,mx32 --with-tune=generic --enable-checking=release --build=x86_64-linux-gnu --host=x86_64-linux-gnu --target=x86_64-linux-gnu
Thread model: posix
gcc version 4.8.4 (Ubuntu 4.8.4-2ubuntu1~14.04.3) 
configure:17175: $? = 0
configure:17164: gcc -V >&5
gcc: error: unrecognized command line option '-V'
gcc: fatal error: no input files
compilation terminated.
configure:17175: $? = 4
configure:17164: gcc -qversion >&5
gcc: error: unrecognized command line option '-qversion'
gcc: fatal error: no input files
compilation terminated.
configure:17175: $? = 4
configure:17179: checking whether we are using the GNU C compiler
configure:17207: result: yes
configure:17216: checking whether gcc accepts -g
configure:17277: result: yes
configure:17294: checking for gcc option to accept ISO C89
configure:17370: result: none needed
configure:17395: checking whether gcc understands -c and -o together
configure:17432: result: yes
configure:17451: checking dependency style of gcc
configure:17562: result: gcc3
configure:17578: checking whether gcc and cc understand -c and -o together
configure:17609: gcc -c conftest.c -o conftest2.o >&5
configure:17613: $? = 0
configure:17619: gcc -c conftest.c -o conftest2.o >&5
configure:17623: $? = 0
configure:17634: cc -c conftest.c >&5
configure:17638: $? = 0
configure:17646: cc -c conftest.c -o conftest2.o >&5
configure:17650: $? = 0
configure:17656: cc -c conftest.c -o conftest2.o >&5
configure:17660: $? = 0
configure:17678: result: yes
configure:17800: checking for C++ compiler version
configure:17809: g++ --version >&5
g++ (Ubuntu 4.8.4-2ubuntu1~14.04.3) 4.8.4
Copyright (C) 2013 Free Software Foundation, Inc.
This is free software; see the source for copying conditions.  There is NO
warranty; not even for MERCHANTABILITY or FITNESS FOR A PARTICULAR PURPOSE.

configure:17820: $? = 0
configure:17809: g++ -v >&5
Using built-in specs.
COLLECT_GCC=g++
COLLECT_LTO_WRAPPER=/usr/lib/gcc/x86_64-linux-gnu/4.8/lto-wrapper
Target: x86_64-linux-gnu
Configured with: ../src/configure -v --with-pkgversion='Ubuntu 4.8.4-2ubuntu1~14.04.3' --with-bugurl=file:///usr/share/doc/gcc-4.8/README.Bugs --enable-languages=c,c++,java,go,d,fortran,objc,obj-c++ --prefix=/usr --program-suffix=-4.8 --enable-shared --enable-linker-build-id --libexecdir=/usr/lib --without-included-gettext --enable-threads=posix --with-gxx-include-dir=/usr/include/c++/4.8 --libdir=/usr/lib --enable-nls --with-sysroot=/ --enable-clocale=gnu --enable-libstdcxx-debug --enable-libstdcxx-time=yes --enable-gnu-unique-object --disable-libmudflap --enable-plugin --with-system-zlib --disable-browser-plugin --enable-java-awt=gtk --enable-gtk-cairo --with-java-home=/usr/lib/jvm/java-1.5.0-gcj-4.8-amd64/jre --enable-java-home --with-jvm-root-dir=/usr/lib/jvm/java-1.5.0-gcj-4.8-amd64 --with-jvm-jar-dir=/usr/lib/jvm-exports/java-1.5.0-gcj-4.8-amd64 --with-arch-directory=amd64 --with-ecj-jar=/usr/share/java/eclipse-ecj.jar --enable-objc-gc --enable-multiarch --disable-werror --with-arch-32=i686 --with-abi=m64 --with-multilib-list=m32,m64,mx32 --with-tune=generic --enable-checking=release --build=x86_64-linux-gnu --host=x86_64-linux-gnu --target=x86_64-linux-gnu
Thread model: posix
gcc version 4.8.4 (Ubuntu 4.8.4-2ubuntu1~14.04.3) 
configure:17820: $? = 0
configure:17809: g++ -V >&5
g++: error: unrecognized command line option '-V'
g++: fatal error: no input files
compilation terminated.
configure:17820: $? = 4
configure:17809: g++ -qversion >&5
g++: error: unrecognized command line option '-qversion'
g++: fatal error: no input files
compilation terminated.
configure:17820: $? = 4
configure:17824: checking whether we are using the GNU C++ compiler
configure:17852: result: yes
configure:17861: checking whether g++ accepts -g
configure:17922: result: yes
configure:17947: checking dependency style of g++
configure:18058: result: gcc3
configure:18074: checking for size_t
configure:18074: gcc -c   -fvisibility=hidden conftest.c >&5
configure:18074: $? = 0
configure:18074: gcc -c   -fvisibility=hidden conftest.c >&5
conftest.c: In function 'main':
conftest.c:78:21: error: expected expression before ')' token
 if (sizeof ((size_t)))
                     ^
configure:18074: $? = 1
configure: failed program was:
| /* confdefs.h */
| #define PACKAGE_NAME "wolfssl"
| #define PACKAGE_TARNAME "wolfssl"
| #define PACKAGE_VERSION "3.13.0"
| #define PACKAGE_STRING "wolfssl 3.13.0"
| #define PACKAGE_BUGREPORT "https://github.com/wolfssl/wolfssl/issues"
| #define PACKAGE_URL "http://www.wolfssl.com"
| #define STDC_HEADERS 1
| #define HAVE_SYS_TYPES_H 1
| #define HAVE_SYS_STAT_H 1
| #define HAVE_STDLIB_H 1
| #define HAVE_STRING_H 1
| #define HAVE_MEMORY_H 1
| #define HAVE_STRINGS_H 1
| #define HAVE_INTTYPES_H 1
| #define HAVE_STDINT_H 1
| #define HAVE_UNISTD_H 1
| #define HAVE_DLFCN_H 1
| #define LT_OBJDIR ".libs/"
| #define HAVE_VISIBILITY 1
| #define SIZEOF_LONG_LONG 8
| #define SIZEOF_LONG 8
| #define HAVE___UINT128_T 1
| #define HAVE_GETHOSTBYNAME 1
| #define HAVE_GETADDRINFO 1
| #define HAVE_GETTIMEOFDAY 1
| #define HAVE_GMTIME_R 1
| #define HAVE_INET_NTOA 1
| #define HAVE_MEMSET 1
| #define HAVE_SOCKET 1
| #define HAVE_ARPA_INET_H 1
| #define HAVE_FCNTL_H 1
| #define HAVE_LIMITS_H 1
| #define HAVE_NETDB_H 1
| #define HAVE_NETINET_IN_H 1
| #define HAVE_STDDEF_H 1
| #define HAVE_SYS_IOCTL_H 1
| #define HAVE_SYS_SOCKET_H 1
| #define HAVE_SYS_TIME_H 1
| #define HAVE_ERRNO_H 1
| /* end confdefs.h.  */
| #include <stdio.h>
| #ifdef HAVE_SYS_TYPES_H
| # include <sys/types.h>
| #endif
| #ifdef HAVE_SYS_STAT_H
| # include <sys/stat.h>
| #endif
| #ifdef STDC_HEADERS
| # include <stdlib.h>
| # include <stddef.h>
| #else
| # ifdef HAVE_STDLIB_H
| #  include <stdlib.h>
| # endif
| #endif
| #ifdef HAVE_STRING_H
| # if !defined STDC_HEADERS && defined HAVE_MEMORY_H
| #  include <memory.h>
| # endif
| # include <string.h>
| #endif
| #ifdef HAVE_STRINGS_H
| # include <strings.h>
| #endif
| #ifdef HAVE_INTTYPES_H
| # include <inttypes.h>
| #endif
| #ifdef HAVE_STDINT_H
| # include <stdint.h>
| #endif
| #ifdef HAVE_UNISTD_H
| # include <unistd.h>
| #endif
| int
| main ()
| {
| if (sizeof ((size_t)))
| 	    return 0;
|   ;
|   return 0;
| }
configure:18074: result: yes
configure:18085: checking for uint8_t
configure:18085: gcc -c   -fvisibility=hidden conftest.c >&5
configure:18085: $? = 0
configure:18085: result: yes
configure:18108: checking dependency style of gcc
configure:18217: result: gcc3
configure:18321: checking for cos in -lm
configure:18346: gcc -o conftest   -fvisibility=hidden  conftest.c -lm   >&5
conftest.c:49:6: warning: conflicting types for built-in function 'cos' [enabled by default]
 char cos ();
      ^
configure:18346: $? = 0
configure:18355: result: yes
configure:18376: checking for thread local storage (TLS) class
configure:18404: gcc -c   -fvisibility=hidden conftest.c >&5
configure:18404: $? = 0
configure:18416: result: __thread
configure:18456: checking for debug
configure:18458: result: no
configure:18815: checking for the pthreads library -lpthreads
configure:18853: gcc -o conftest    -fvisibility=hidden  conftest.c -lpthreads  >&5
/usr/bin/ld: cannot find -lpthreads
collect2: error: ld returned 1 exit status
configure:18853: $? = 1
configure: failed program was:
| /* confdefs.h */
| #define PACKAGE_NAME "wolfssl"
| #define PACKAGE_TARNAME "wolfssl"
| #define PACKAGE_VERSION "3.13.0"
| #define PACKAGE_STRING "wolfssl 3.13.0"
| #define PACKAGE_BUGREPORT "https://github.com/wolfssl/wolfssl/issues"
| #define PACKAGE_URL "http://www.wolfssl.com"
| #define STDC_HEADERS 1
| #define HAVE_SYS_TYPES_H 1
| #define HAVE_SYS_STAT_H 1
| #define HAVE_STDLIB_H 1
| #define HAVE_STRING_H 1
| #define HAVE_MEMORY_H 1
| #define HAVE_STRINGS_H 1
| #define HAVE_INTTYPES_H 1
| #define HAVE_STDINT_H 1
| #define HAVE_UNISTD_H 1
| #define HAVE_DLFCN_H 1
| #define LT_OBJDIR ".libs/"
| #define HAVE_VISIBILITY 1
| #define SIZEOF_LONG_LONG 8
| #define SIZEOF_LONG 8
| #define HAVE___UINT128_T 1
| #define HAVE_GETHOSTBYNAME 1
| #define HAVE_GETADDRINFO 1
| #define HAVE_GETTIMEOFDAY 1
| #define HAVE_GMTIME_R 1
| #define HAVE_INET_NTOA 1
| #define HAVE_MEMSET 1
| #define HAVE_SOCKET 1
| #define HAVE_ARPA_INET_H 1
| #define HAVE_FCNTL_H 1
| #define HAVE_LIMITS_H 1
| #define HAVE_NETDB_H 1
| #define HAVE_NETINET_IN_H 1
| #define HAVE_STDDEF_H 1
| #define HAVE_SYS_IOCTL_H 1
| #define HAVE_SYS_SOCKET_H 1
| #define HAVE_SYS_TIME_H 1
| #define HAVE_ERRNO_H 1
| #define TLS __thread
| #define DEBUG 0
| /* end confdefs.h.  */
| #include <pthread.h>
|                         static void routine(void *a) { a = 0; }
|                         static void *start_routine(void *a) { return a; }
| int
| main ()
| {
| pthread_t th; pthread_attr_t attr;
|                         pthread_create(&th, 0, start_routine, 0);
|                         pthread_join(th, 0);
|                         pthread_attr_init(&attr);
|                         pthread_cleanup_push(routine, 0);
|                         pthread_cleanup_pop(0) /* ; */
|   ;
|   return 0;
| }
configure:18862: result: no
configure:18760: checking whether pthreads work without any flags
configure:18853: gcc -o conftest    -fvisibility=hidden  conftest.c   >&5
/tmp/ccNG3tsX.o: In function `main':
conftest.c:(.text+0x55): undefined reference to `pthread_create'
conftest.c:(.text+0x69): undefined reference to `pthread_join'
conftest.c:(.text+0xe3): undefined reference to `__pthread_register_cancel'
conftest.c:(.text+0xf2): undefined reference to `__pthread_unregister_cancel'
collect2: error: ld returned 1 exit status
configure:18853: $? = 1
configure: failed program was:
| /* confdefs.h */
| #define PACKAGE_NAME "wolfssl"
| #define PACKAGE_TARNAME "wolfssl"
| #define PACKAGE_VERSION "3.13.0"
| #define PACKAGE_STRING "wolfssl 3.13.0"
| #define PACKAGE_BUGREPORT "https://github.com/wolfssl/wolfssl/issues"
| #define PACKAGE_URL "http://www.wolfssl.com"
| #define STDC_HEADERS 1
| #define HAVE_SYS_TYPES_H 1
| #define HAVE_SYS_STAT_H 1
| #define HAVE_STDLIB_H 1
| #define HAVE_STRING_H 1
| #define HAVE_MEMORY_H 1
| #define HAVE_STRINGS_H 1
| #define HAVE_INTTYPES_H 1
| #define HAVE_STDINT_H 1
| #define HAVE_UNISTD_H 1
| #define HAVE_DLFCN_H 1
| #define LT_OBJDIR ".libs/"
| #define HAVE_VISIBILITY 1
| #define SIZEOF_LONG_LONG 8
| #define SIZEOF_LONG 8
| #define HAVE___UINT128_T 1
| #define HAVE_GETHOSTBYNAME 1
| #define HAVE_GETADDRINFO 1
| #define HAVE_GETTIMEOFDAY 1
| #define HAVE_GMTIME_R 1
| #define HAVE_INET_NTOA 1
| #define HAVE_MEMSET 1
| #define HAVE_SOCKET 1
| #define HAVE_ARPA_INET_H 1
| #define HAVE_FCNTL_H 1
| #define HAVE_LIMITS_H 1
| #define HAVE_NETDB_H 1
| #define HAVE_NETINET_IN_H 1
| #define HAVE_STDDEF_H 1
| #define HAVE_SYS_IOCTL_H 1
| #define HAVE_SYS_SOCKET_H 1
| #define HAVE_SYS_TIME_H 1
| #define HAVE_ERRNO_H 1
| #define TLS __thread
| #define DEBUG 0
| /* end confdefs.h.  */
| #include <pthread.h>
|                         static void routine(void *a) { a = 0; }
|                         static void *start_routine(void *a) { return a; }
| int
| main ()
| {
| pthread_t th; pthread_attr_t attr;
|                         pthread_create(&th, 0, start_routine, 0);
|                         pthread_join(th, 0);
|                         pthread_attr_init(&attr);
|                         pthread_cleanup_push(routine, 0);
|                         pthread_cleanup_pop(0) /* ; */
|   ;
|   return 0;
| }
configure:18862: result: no
configure:18765: checking whether pthreads work with -Kthread
configure:18853: gcc -o conftest  -Kthread  -fvisibility=hidden  conftest.c   >&5
gcc: error: unrecognized command line option '-Kthread'
configure:18853: $? = 1
configure: failed program was:
| /* confdefs.h */
| #define PACKAGE_NAME "wolfssl"
| #define PACKAGE_TARNAME "wolfssl"
| #define PACKAGE_VERSION "3.13.0"
| #define PACKAGE_STRING "wolfssl 3.13.0"
| #define PACKAGE_BUGREPORT "https://github.com/wolfssl/wolfssl/issues"
| #define PACKAGE_URL "http://www.wolfssl.com"
| #define STDC_HEADERS 1
| #define HAVE_SYS_TYPES_H 1
| #define HAVE_SYS_STAT_H 1
| #define HAVE_STDLIB_H 1
| #define HAVE_STRING_H 1
| #define HAVE_MEMORY_H 1
| #define HAVE_STRINGS_H 1
| #define HAVE_INTTYPES_H 1
| #define HAVE_STDINT_H 1
| #define HAVE_UNISTD_H 1
| #define HAVE_DLFCN_H 1
| #define LT_OBJDIR ".libs/"
| #define HAVE_VISIBILITY 1
| #define SIZEOF_LONG_LONG 8
| #define SIZEOF_LONG 8
| #define HAVE___UINT128_T 1
| #define HAVE_GETHOSTBYNAME 1
| #define HAVE_GETADDRINFO 1
| #define HAVE_GETTIMEOFDAY 1
| #define HAVE_GMTIME_R 1
| #define HAVE_INET_NTOA 1
| #define HAVE_MEMSET 1
| #define HAVE_SOCKET 1
| #define HAVE_ARPA_INET_H 1
| #define HAVE_FCNTL_H 1
| #define HAVE_LIMITS_H 1
| #define HAVE_NETDB_H 1
| #define HAVE_NETINET_IN_H 1
| #define HAVE_STDDEF_H 1
| #define HAVE_SYS_IOCTL_H 1
| #define HAVE_SYS_SOCKET_H 1
| #define HAVE_SYS_TIME_H 1
| #define HAVE_ERRNO_H 1
| #define TLS __thread
| #define DEBUG 0
| /* end confdefs.h.  */
| #include <pthread.h>
|                         static void routine(void *a) { a = 0; }
|                         static void *start_routine(void *a) { return a; }
| int
| main ()
| {
| pthread_t th; pthread_attr_t attr;
|                         pthread_create(&th, 0, start_routine, 0);
|                         pthread_join(th, 0);
|                         pthread_attr_init(&attr);
|                         pthread_cleanup_push(routine, 0);
|                         pthread_cleanup_pop(0) /* ; */
|   ;
|   return 0;
| }
configure:18862: result: no
configure:18765: checking whether pthreads work with -kthread
configure:18853: gcc -o conftest  -kthread  -fvisibility=hidden  conftest.c   >&5
gcc: error: unrecognized command line option '-kthread'
configure:18853: $? = 1
configure: failed program was:
| /* confdefs.h */
| #define PACKAGE_NAME "wolfssl"
| #define PACKAGE_TARNAME "wolfssl"
| #define PACKAGE_VERSION "3.13.0"
| #define PACKAGE_STRING "wolfssl 3.13.0"
| #define PACKAGE_BUGREPORT "https://github.com/wolfssl/wolfssl/issues"
| #define PACKAGE_URL "http://www.wolfssl.com"
| #define STDC_HEADERS 1
| #define HAVE_SYS_TYPES_H 1
| #define HAVE_SYS_STAT_H 1
| #define HAVE_STDLIB_H 1
| #define HAVE_STRING_H 1
| #define HAVE_MEMORY_H 1
| #define HAVE_STRINGS_H 1
| #define HAVE_INTTYPES_H 1
| #define HAVE_STDINT_H 1
| #define HAVE_UNISTD_H 1
| #define HAVE_DLFCN_H 1
| #define LT_OBJDIR ".libs/"
| #define HAVE_VISIBILITY 1
| #define SIZEOF_LONG_LONG 8
| #define SIZEOF_LONG 8
| #define HAVE___UINT128_T 1
| #define HAVE_GETHOSTBYNAME 1
| #define HAVE_GETADDRINFO 1
| #define HAVE_GETTIMEOFDAY 1
| #define HAVE_GMTIME_R 1
| #define HAVE_INET_NTOA 1
| #define HAVE_MEMSET 1
| #define HAVE_SOCKET 1
| #define HAVE_ARPA_INET_H 1
| #define HAVE_FCNTL_H 1
| #define HAVE_LIMITS_H 1
| #define HAVE_NETDB_H 1
| #define HAVE_NETINET_IN_H 1
| #define HAVE_STDDEF_H 1
| #define HAVE_SYS_IOCTL_H 1
| #define HAVE_SYS_SOCKET_H 1
| #define HAVE_SYS_TIME_H 1
| #define HAVE_ERRNO_H 1
| #define TLS __thread
| #define DEBUG 0
| /* end confdefs.h.  */
| #include <pthread.h>
|                         static void routine(void *a) { a = 0; }
|                         static void *start_routine(void *a) { return a; }
| int
| main ()
| {
| pthread_t th; pthread_attr_t attr;
|                         pthread_create(&th, 0, start_routine, 0);
|                         pthread_join(th, 0);
|                         pthread_attr_init(&attr);
|                         pthread_cleanup_push(routine, 0);
|                         pthread_cleanup_pop(0) /* ; */
|   ;
|   return 0;
| }
configure:18862: result: no
configure:18815: checking for the pthreads library -llthread
configure:18853: gcc -o conftest    -fvisibility=hidden  conftest.c -llthread  >&5
/usr/bin/ld: cannot find -llthread
collect2: error: ld returned 1 exit status
configure:18853: $? = 1
configure: failed program was:
| /* confdefs.h */
| #define PACKAGE_NAME "wolfssl"
| #define PACKAGE_TARNAME "wolfssl"
| #define PACKAGE_VERSION "3.13.0"
| #define PACKAGE_STRING "wolfssl 3.13.0"
| #define PACKAGE_BUGREPORT "https://github.com/wolfssl/wolfssl/issues"
| #define PACKAGE_URL "http://www.wolfssl.com"
| #define STDC_HEADERS 1
| #define HAVE_SYS_TYPES_H 1
| #define HAVE_SYS_STAT_H 1
| #define HAVE_STDLIB_H 1
| #define HAVE_STRING_H 1
| #define HAVE_MEMORY_H 1
| #define HAVE_STRINGS_H 1
| #define HAVE_INTTYPES_H 1
| #define HAVE_STDINT_H 1
| #define HAVE_UNISTD_H 1
| #define HAVE_DLFCN_H 1
| #define LT_OBJDIR ".libs/"
| #define HAVE_VISIBILITY 1
| #define SIZEOF_LONG_LONG 8
| #define SIZEOF_LONG 8
| #define HAVE___UINT128_T 1
| #define HAVE_GETHOSTBYNAME 1
| #define HAVE_GETADDRINFO 1
| #define HAVE_GETTIMEOFDAY 1
| #define HAVE_GMTIME_R 1
| #define HAVE_INET_NTOA 1
| #define HAVE_MEMSET 1
| #define HAVE_SOCKET 1
| #define HAVE_ARPA_INET_H 1
| #define HAVE_FCNTL_H 1
| #define HAVE_LIMITS_H 1
| #define HAVE_NETDB_H 1
| #define HAVE_NETINET_IN_H 1
| #define HAVE_STDDEF_H 1
| #define HAVE_SYS_IOCTL_H 1
| #define HAVE_SYS_SOCKET_H 1
| #define HAVE_SYS_TIME_H 1
| #define HAVE_ERRNO_H 1
| #define TLS __thread
| #define DEBUG 0
| /* end confdefs.h.  */
| #include <pthread.h>
|                         static void routine(void *a) { a = 0; }
|                         static void *start_routine(void *a) { return a; }
| int
| main ()
| {
| pthread_t th; pthread_attr_t attr;
|                         pthread_create(&th, 0, start_routine, 0);
|                         pthread_join(th, 0);
|                         pthread_attr_init(&attr);
|                         pthread_cleanup_push(routine, 0);
|                         pthread_cleanup_pop(0) /* ; */
|   ;
|   return 0;
| }
configure:18862: result: no
configure:18765: checking whether pthreads work with -pthread
configure:18853: gcc -o conftest  -pthread  -fvisibility=hidden  conftest.c   >&5
configure:18853: $? = 0
configure:18862: result: yes
configure:18881: checking for joinable pthread attribute
configure:18896: gcc -o conftest  -pthread  -fvisibility=hidden  conftest.c   >&5
configure:18896: $? = 0
configure:18902: result: PTHREAD_CREATE_JOINABLE
configure:18912: checking if more special flags are required for pthreads
configure:18926: result: no
configure:18932: checking for PTHREAD_PRIO_INHERIT
configure:18950: gcc -o conftest  -pthread  -fvisibility=hidden  conftest.c   >&5
configure:18950: $? = 0
configure:18959: result: yes
configure:24083: checking for fast RSA
configure:24098: result: no
configure:25028: checking for library containing gethostbyname
configure:25059: gcc -o conftest   -fvisibility=hidden  conftest.c   >&5
configure:25059: $? = 0
configure:25076: result: none required
configure:25084: checking for library containing socket
configure:25115: gcc -o conftest   -fvisibility=hidden  conftest.c   >&5
configure:25115: $? = 0
configure:25132: result: none required
configure:25183: checking for vcs system
configure:25203: result: git
configure:25212: checking for vcs checkout
configure:25224: result: yes
configure:25253: checking whether the linker accepts -Werror
configure:25272: gcc -o conftest   -fvisibility=hidden   -Werror conftest.c   >&5
configure:25272: $? = 0
configure:25281: result: yes
configure:25336: checking whether the linker accepts -z relro -z now
configure:25355: gcc -o conftest   -fvisibility=hidden   -z relro -z now conftest.c   >&5
configure:25355: $? = 0
configure:25365: result: yes
configure:25377: checking whether the linker accepts -pie
configure:25396: gcc -o conftest   -fvisibility=hidden   -pie conftest.c   >&5
configure:25396: $? = 0
configure:25406: result: yes
configure:25419: checking whether C compiler accepts 
configure:25438: gcc -c     -fvisibility=hidden conftest.c >&5
configure:25438: $? = 0
configure:25446: result: yes
configure:25457: : CFLAGS already contains 
configure:25460: $? = 0
configure:25494: checking whether C compiler accepts -Werror
configure:25513: gcc -c   -Werror  -fvisibility=hidden conftest.c >&5
configure:25513: $? = 0
configure:25522: result: yes
configure:25535: : CFLAGS="$CFLAGS $flag"
configure:25538: $? = 0
configure:25821: checking whether C compiler accepts -Wno-pragmas
configure:25840: gcc -c  -Werror  -Wno-pragmas  -fvisibility=hidden conftest.c >&5
configure:25840: $? = 0
configure:25849: result: yes
configure:25862: : CFLAGS="$CFLAGS $flag"
configure:25865: $? = 0
configure:25885: checking whether C compiler accepts -Wall
configure:25904: gcc -c  -Werror -Wno-pragmas  -Wall  -fvisibility=hidden conftest.c >&5
configure:25904: $? = 0
configure:25913: result: yes
configure:25926: : CFLAGS="$CFLAGS $flag"
configure:25929: $? = 0
configure:25948: checking whether C compiler accepts -Wno-strict-aliasing
configure:25967: gcc -c  -Werror -Wno-pragmas -Wall  -Wno-strict-aliasing  -fvisibility=hidden conftest.c >&5
configure:25967: $? = 0
configure:25976: result: yes
configure:25989: : CFLAGS="$CFLAGS $flag"
configure:25992: $? = 0
configure:26011: checking whether C compiler accepts -Wextra
configure:26030: gcc -c  -Werror -Wno-pragmas -Wall -Wno-strict-aliasing  -Wextra  -fvisibility=hidden conftest.c >&5
configure:26030: $? = 0
configure:26039: result: yes
configure:26052: : CFLAGS="$CFLAGS $flag"
configure:26055: $? = 0
configure:26074: checking whether C compiler accepts -Wunknown-pragmas
configure:26093: gcc -c  -Werror -Wno-pragmas -Wall -Wno-strict-aliasing -Wextra  -Wunknown-pragmas  -fvisibility=hidden conftest.c >&5
configure:26093: $? = 0
configure:26102: result: yes
configure:26115: : CFLAGS="$CFLAGS $flag"
configure:26118: $? = 0
configure:26137: checking whether C compiler accepts -Wthis-test-should-fail
configure:26156: gcc -c  -Werror -Wno-pragmas -Wall -Wno-strict-aliasing -Wextra -Wunknown-pragmas  -Wthis-test-should-fail  -fvisibility=hidden conftest.c >&5
gcc: error: unrecognized command line option '-Wthis-test-should-fail'
configure:26156: $? = 1
configure: failed program was:
| /* confdefs.h */
| #define PACKAGE_NAME "wolfssl"
| #define PACKAGE_TARNAME "wolfssl"
| #define PACKAGE_VERSION "3.13.0"
| #define PACKAGE_STRING "wolfssl 3.13.0"
| #define PACKAGE_BUGREPORT "https://github.com/wolfssl/wolfssl/issues"
| #define PACKAGE_URL "http://www.wolfssl.com"
| #define STDC_HEADERS 1
| #define HAVE_SYS_TYPES_H 1
| #define HAVE_SYS_STAT_H 1
| #define HAVE_STDLIB_H 1
| #define HAVE_STRING_H 1
| #define HAVE_MEMORY_H 1
| #define HAVE_STRINGS_H 1
| #define HAVE_INTTYPES_H 1
| #define HAVE_STDINT_H 1
| #define HAVE_UNISTD_H 1
| #define HAVE_DLFCN_H 1
| #define LT_OBJDIR ".libs/"
| #define HAVE_VISIBILITY 1
| #define SIZEOF_LONG_LONG 8
| #define SIZEOF_LONG 8
| #define HAVE___UINT128_T 1
| #define HAVE_GETHOSTBYNAME 1
| #define HAVE_GETADDRINFO 1
| #define HAVE_GETTIMEOFDAY 1
| #define HAVE_GMTIME_R 1
| #define HAVE_INET_NTOA 1
| #define HAVE_MEMSET 1
| #define HAVE_SOCKET 1
| #define HAVE_ARPA_INET_H 1
| #define HAVE_FCNTL_H 1
| #define HAVE_LIMITS_H 1
| #define HAVE_NETDB_H 1
| #define HAVE_NETINET_IN_H 1
| #define HAVE_STDDEF_H 1
| #define HAVE_SYS_IOCTL_H 1
| #define HAVE_SYS_SOCKET_H 1
| #define HAVE_SYS_TIME_H 1
| #define HAVE_ERRNO_H 1
| #define TLS __thread
| #define DEBUG 0
| #define HAVE_PTHREAD_PRIO_INHERIT 1
| #define HAVE_PTHREAD 1
| #define BUILD_USER_RSA /**/
| #define VCS_SYSTEM "git"
| #define VCS_CHECKOUT 1
| /* end confdefs.h.  */
| 
| int
| main ()
| {
| 
|   ;
|   return 0;
| }
configure:26165: result: no
configure:26204: checking whether C compiler accepts --param=ssp-buffer-size=1
configure:26223: gcc -c  -Werror -Wno-pragmas -Wall -Wno-strict-aliasing -Wextra -Wunknown-pragmas  --param=ssp-buffer-size=1  -fvisibility=hidden conftest.c >&5
configure:26223: $? = 0
configure:26232: result: yes
configure:26245: : CFLAGS="$CFLAGS $flag"
configure:26248: $? = 0
configure:26269: checking whether C compiler accepts -Waddress
configure:26288: gcc -c  -Werror -Wno-pragmas -Wall -Wno-strict-aliasing -Wextra -Wunknown-pragmas --param=ssp-buffer-size=1  -Waddress  -fvisibility=hidden conftest.c >&5
configure:26288: $? = 0
configure:26297: result: yes
configure:26310: : CFLAGS="$CFLAGS $flag"
configure:26313: $? = 0
configure:26332: checking whether C compiler accepts -Warray-bounds
configure:26351: gcc -c  -Werror -Wno-pragmas -Wall -Wno-strict-aliasing -Wextra -Wunknown-pragmas --param=ssp-buffer-size=1 -Waddress  -Warray-bounds  -fvisibility=hidden conftest.c >&5
configure:26351: $? = 0
configure:26360: result: yes
configure:26373: : CFLAGS="$CFLAGS $flag"
configure:26376: $? = 0
configure:26395: checking whether C compiler accepts -Wbad-function-cast
configure:26414: gcc -c  -Werror -Wno-pragmas -Wall -Wno-strict-aliasing -Wextra -Wunknown-pragmas --param=ssp-buffer-size=1 -Waddress -Warray-bounds  -Wbad-function-cast  -fvisibility=hidden conftest.c >&5
configure:26414: $? = 0
configure:26423: result: yes
configure:26436: : CFLAGS="$CFLAGS $flag"
configure:26439: $? = 0
configure:26458: checking whether C compiler accepts -Wchar-subscripts
configure:26477: gcc -c  -Werror -Wno-pragmas -Wall -Wno-strict-aliasing -Wextra -Wunknown-pragmas --param=ssp-buffer-size=1 -Waddress -Warray-bounds -Wbad-function-cast  -Wchar-subscripts  -fvisibility=hidden conftest.c >&5
configure:26477: $? = 0
configure:26486: result: yes
configure:26499: : CFLAGS="$CFLAGS $flag"
configure:26502: $? = 0
configure:26521: checking whether C compiler accepts -Wcomment
configure:26540: gcc -c  -Werror -Wno-pragmas -Wall -Wno-strict-aliasing -Wextra -Wunknown-pragmas --param=ssp-buffer-size=1 -Waddress -Warray-bounds -Wbad-function-cast -Wchar-subscripts  -Wcomment  -fvisibility=hidden conftest.c >&5
configure:26540: $? = 0
configure:26549: result: yes
configure:26562: : CFLAGS="$CFLAGS $flag"
configure:26565: $? = 0
configure:26584: checking whether C compiler accepts -Wfloat-equal
configure:26603: gcc -c  -Werror -Wno-pragmas -Wall -Wno-strict-aliasing -Wextra -Wunknown-pragmas --param=ssp-buffer-size=1 -Waddress -Warray-bounds -Wbad-function-cast -Wchar-subscripts -Wcomment  -Wfloat-equal  -fvisibility=hidden conftest.c >&5
configure:26603: $? = 0
configure:26612: result: yes
configure:26625: : CFLAGS="$CFLAGS $flag"
configure:26628: $? = 0
configure:26647: checking whether C compiler accepts -Wformat-security
configure:26666: gcc -c  -Werror -Wno-pragmas -Wall -Wno-strict-aliasing -Wextra -Wunknown-pragmas --param=ssp-buffer-size=1 -Waddress -Warray-bounds -Wbad-function-cast -Wchar-subscripts -Wcomment -Wfloat-equal  -Wformat-security  -fvisibility=hidden conftest.c >&5
configure:26666: $? = 0
configure:26675: result: yes
configure:26688: : CFLAGS="$CFLAGS $flag"
configure:26691: $? = 0
configure:26710: checking whether C compiler accepts -Wformat=2
configure:26729: gcc -c  -Werror -Wno-pragmas -Wall -Wno-strict-aliasing -Wextra -Wunknown-pragmas --param=ssp-buffer-size=1 -Waddress -Warray-bounds -Wbad-function-cast -Wchar-subscripts -Wcomment -Wfloat-equal -Wformat-security  -Wformat=2  -fvisibility=hidden conftest.c >&5
configure:26729: $? = 0
configure:26738: result: yes
configure:26751: : CFLAGS="$CFLAGS $flag"
configure:26754: $? = 0
configure:26773: checking whether C compiler accepts -Wmaybe-uninitialized
configure:26792: gcc -c  -Werror -Wno-pragmas -Wall -Wno-strict-aliasing -Wextra -Wunknown-pragmas --param=ssp-buffer-size=1 -Waddress -Warray-bounds -Wbad-function-cast -Wchar-subscripts -Wcomment -Wfloat-equal -Wformat-security -Wformat=2  -Wmaybe-uninitialized  -fvisibility=hidden conftest.c >&5
configure:26792: $? = 0
configure:26801: result: yes
configure:26814: : CFLAGS="$CFLAGS $flag"
configure:26817: $? = 0
configure:26836: checking whether C compiler accepts -Wmissing-field-initializers
configure:26855: gcc -c  -Werror -Wno-pragmas -Wall -Wno-strict-aliasing -Wextra -Wunknown-pragmas --param=ssp-buffer-size=1 -Waddress -Warray-bounds -Wbad-function-cast -Wchar-subscripts -Wcomment -Wfloat-equal -Wformat-security -Wformat=2 -Wmaybe-uninitialized  -Wmissing-field-initializers  -fvisibility=hidden conftest.c >&5
configure:26855: $? = 0
configure:26864: result: yes
configure:26877: : CFLAGS="$CFLAGS $flag"
configure:26880: $? = 0
configure:26899: checking whether C compiler accepts -Wmissing-noreturn
configure:26918: gcc -c  -Werror -Wno-pragmas -Wall -Wno-strict-aliasing -Wextra -Wunknown-pragmas --param=ssp-buffer-size=1 -Waddress -Warray-bounds -Wbad-function-cast -Wchar-subscripts -Wcomment -Wfloat-equal -Wformat-security -Wformat=2 -Wmaybe-uninitialized -Wmissing-field-initializers  -Wmissing-noreturn  -fvisibility=hidden conftest.c >&5
configure:26918: $? = 0
configure:26927: result: yes
configure:26940: : CFLAGS="$CFLAGS $flag"
configure:26943: $? = 0
configure:26962: checking whether C compiler accepts -Wmissing-prototypes
configure:26981: gcc -c  -Werror -Wno-pragmas -Wall -Wno-strict-aliasing -Wextra -Wunknown-pragmas --param=ssp-buffer-size=1 -Waddress -Warray-bounds -Wbad-function-cast -Wchar-subscripts -Wcomment -Wfloat-equal -Wformat-security -Wformat=2 -Wmaybe-uninitialized -Wmissing-field-initializers -Wmissing-noreturn  -Wmissing-prototypes  -fvisibility=hidden conftest.c >&5
configure:26981: $? = 0
configure:26990: result: yes
configure:27003: : CFLAGS="$CFLAGS $flag"
configure:27006: $? = 0
configure:27025: checking whether C compiler accepts -Wnested-externs
configure:27044: gcc -c  -Werror -Wno-pragmas -Wall -Wno-strict-aliasing -Wextra -Wunknown-pragmas --param=ssp-buffer-size=1 -Waddress -Warray-bounds -Wbad-function-cast -Wchar-subscripts -Wcomment -Wfloat-equal -Wformat-security -Wformat=2 -Wmaybe-uninitialized -Wmissing-field-initializers -Wmissing-noreturn -Wmissing-prototypes  -Wnested-externs  -fvisibility=hidden conftest.c >&5
configure:27044: $? = 0
configure:27053: result: yes
configure:27066: : CFLAGS="$CFLAGS $flag"
configure:27069: $? = 0
configure:27088: checking whether C compiler accepts -Wnormalized=id
configure:27107: gcc -c  -Werror -Wno-pragmas -Wall -Wno-strict-aliasing -Wextra -Wunknown-pragmas --param=ssp-buffer-size=1 -Waddress -Warray-bounds -Wbad-function-cast -Wchar-subscripts -Wcomment -Wfloat-equal -Wformat-security -Wformat=2 -Wmaybe-uninitialized -Wmissing-field-initializers -Wmissing-noreturn -Wmissing-prototypes -Wnested-externs  -Wnormalized=id  -fvisibility=hidden conftest.c >&5
configure:27107: $? = 0
configure:27116: result: yes
configure:27129: : CFLAGS="$CFLAGS $flag"
configure:27132: $? = 0
configure:27151: checking whether C compiler accepts -Woverride-init
configure:27170: gcc -c  -Werror -Wno-pragmas -Wall -Wno-strict-aliasing -Wextra -Wunknown-pragmas --param=ssp-buffer-size=1 -Waddress -Warray-bounds -Wbad-function-cast -Wchar-subscripts -Wcomment -Wfloat-equal -Wformat-security -Wformat=2 -Wmaybe-uninitialized -Wmissing-field-initializers -Wmissing-noreturn -Wmissing-prototypes -Wnested-externs -Wnormalized=id  -Woverride-init  -fvisibility=hidden conftest.c >&5
configure:27170: $? = 0
configure:27179: result: yes
configure:27192: : CFLAGS="$CFLAGS $flag"
configure:27195: $? = 0
configure:27214: checking whether C compiler accepts -Wpointer-arith
configure:27233: gcc -c  -Werror -Wno-pragmas -Wall -Wno-strict-aliasing -Wextra -Wunknown-pragmas --param=ssp-buffer-size=1 -Waddress -Warray-bounds -Wbad-function-cast -Wchar-subscripts -Wcomment -Wfloat-equal -Wformat-security -Wformat=2 -Wmaybe-uninitialized -Wmissing-field-initializers -Wmissing-noreturn -Wmissing-prototypes -Wnested-externs -Wnormalized=id -Woverride-init  -Wpointer-arith  -fvisibility=hidden conftest.c >&5
configure:27233: $? = 0
configure:27242: result: yes
configure:27255: : CFLAGS="$CFLAGS $flag"
configure:27258: $? = 0
configure:27277: checking whether C compiler accepts -Wpointer-sign
configure:27296: gcc -c  -Werror -Wno-pragmas -Wall -Wno-strict-aliasing -Wextra -Wunknown-pragmas --param=ssp-buffer-size=1 -Waddress -Warray-bounds -Wbad-function-cast -Wchar-subscripts -Wcomment -Wfloat-equal -Wformat-security -Wformat=2 -Wmaybe-uninitialized -Wmissing-field-initializers -Wmissing-noreturn -Wmissing-prototypes -Wnested-externs -Wnormalized=id -Woverride-init -Wpointer-arith  -Wpointer-sign  -fvisibility=hidden conftest.c >&5
configure:27296: $? = 0
configure:27305: result: yes
configure:27318: : CFLAGS="$CFLAGS $flag"
configure:27321: $? = 0
configure:27340: checking whether C compiler accepts -Wredundant-decls
configure:27359: gcc -c  -Werror -Wno-pragmas -Wall -Wno-strict-aliasing -Wextra -Wunknown-pragmas --param=ssp-buffer-size=1 -Waddress -Warray-bounds -Wbad-function-cast -Wchar-subscripts -Wcomment -Wfloat-equal -Wformat-security -Wformat=2 -Wmaybe-uninitialized -Wmissing-field-initializers -Wmissing-noreturn -Wmissing-prototypes -Wnested-externs -Wnormalized=id -Woverride-init -Wpointer-arith -Wpointer-sign  -Wredundant-decls  -fvisibility=hidden conftest.c >&5
configure:27359: $? = 0
configure:27368: result: yes
configure:27381: : CFLAGS="$CFLAGS $flag"
configure:27384: $? = 0
configure:27403: checking whether C compiler accepts -Wshadow
configure:27422: gcc -c  -Werror -Wno-pragmas -Wall -Wno-strict-aliasing -Wextra -Wunknown-pragmas --param=ssp-buffer-size=1 -Waddress -Warray-bounds -Wbad-function-cast -Wchar-subscripts -Wcomment -Wfloat-equal -Wformat-security -Wformat=2 -Wmaybe-uninitialized -Wmissing-field-initializers -Wmissing-noreturn -Wmissing-prototypes -Wnested-externs -Wnormalized=id -Woverride-init -Wpointer-arith -Wpointer-sign -Wredundant-decls  -Wshadow  -fvisibility=hidden conftest.c >&5
configure:27422: $? = 0
configure:27431: result: yes
configure:27444: : CFLAGS="$CFLAGS $flag"
configure:27447: $? = 0
configure:27466: checking whether C compiler accepts -Wshorten-64-to-32
configure:27485: gcc -c  -Werror -Wno-pragmas -Wall -Wno-strict-aliasing -Wextra -Wunknown-pragmas --param=ssp-buffer-size=1 -Waddress -Warray-bounds -Wbad-function-cast -Wchar-subscripts -Wcomment -Wfloat-equal -Wformat-security -Wformat=2 -Wmaybe-uninitialized -Wmissing-field-initializers -Wmissing-noreturn -Wmissing-prototypes -Wnested-externs -Wnormalized=id -Woverride-init -Wpointer-arith -Wpointer-sign -Wredundant-decls -Wshadow  -Wshorten-64-to-32  -fvisibility=hidden conftest.c >&5
gcc: error: unrecognized command line option '-Wshorten-64-to-32'
configure:27485: $? = 1
configure: failed program was:
| /* confdefs.h */
| #define PACKAGE_NAME "wolfssl"
| #define PACKAGE_TARNAME "wolfssl"
| #define PACKAGE_VERSION "3.13.0"
| #define PACKAGE_STRING "wolfssl 3.13.0"
| #define PACKAGE_BUGREPORT "https://github.com/wolfssl/wolfssl/issues"
| #define PACKAGE_URL "http://www.wolfssl.com"
| #define STDC_HEADERS 1
| #define HAVE_SYS_TYPES_H 1
| #define HAVE_SYS_STAT_H 1
| #define HAVE_STDLIB_H 1
| #define HAVE_STRING_H 1
| #define HAVE_MEMORY_H 1
| #define HAVE_STRINGS_H 1
| #define HAVE_INTTYPES_H 1
| #define HAVE_STDINT_H 1
| #define HAVE_UNISTD_H 1
| #define HAVE_DLFCN_H 1
| #define LT_OBJDIR ".libs/"
| #define HAVE_VISIBILITY 1
| #define SIZEOF_LONG_LONG 8
| #define SIZEOF_LONG 8
| #define HAVE___UINT128_T 1
| #define HAVE_GETHOSTBYNAME 1
| #define HAVE_GETADDRINFO 1
| #define HAVE_GETTIMEOFDAY 1
| #define HAVE_GMTIME_R 1
| #define HAVE_INET_NTOA 1
| #define HAVE_MEMSET 1
| #define HAVE_SOCKET 1
| #define HAVE_ARPA_INET_H 1
| #define HAVE_FCNTL_H 1
| #define HAVE_LIMITS_H 1
| #define HAVE_NETDB_H 1
| #define HAVE_NETINET_IN_H 1
| #define HAVE_STDDEF_H 1
| #define HAVE_SYS_IOCTL_H 1
| #define HAVE_SYS_SOCKET_H 1
| #define HAVE_SYS_TIME_H 1
| #define HAVE_ERRNO_H 1
| #define TLS __thread
| #define DEBUG 0
| #define HAVE_PTHREAD_PRIO_INHERIT 1
| #define HAVE_PTHREAD 1
| #define BUILD_USER_RSA /**/
| #define VCS_SYSTEM "git"
| #define VCS_CHECKOUT 1
| /* end confdefs.h.  */
| 
| int
| main ()
| {
| 
|   ;
|   return 0;
| }
configure:27494: result: no
configure:27529: checking whether C compiler accepts -Wsign-compare
configure:27548: gcc -c  -Werror -Wno-pragmas -Wall -Wno-strict-aliasing -Wextra -Wunknown-pragmas --param=ssp-buffer-size=1 -Waddress -Warray-bounds -Wbad-function-cast -Wchar-subscripts -Wcomment -Wfloat-equal -Wformat-security -Wformat=2 -Wmaybe-uninitialized -Wmissing-field-initializers -Wmissing-noreturn -Wmissing-prototypes -Wnested-externs -Wnormalized=id -Woverride-init -Wpointer-arith -Wpointer-sign -Wredundant-decls -Wshadow  -Wsign-compare  -fvisibility=hidden conftest.c >&5
configure:27548: $? = 0
configure:27557: result: yes
configure:27570: : CFLAGS="$CFLAGS $flag"
configure:27573: $? = 0
configure:27592: checking whether C compiler accepts -Wstrict-overflow=1
configure:27611: gcc -c  -Werror -Wno-pragmas -Wall -Wno-strict-aliasing -Wextra -Wunknown-pragmas --param=ssp-buffer-size=1 -Waddress -Warray-bounds -Wbad-function-cast -Wchar-subscripts -Wcomment -Wfloat-equal -Wformat-security -Wformat=2 -Wmaybe-uninitialized -Wmissing-field-initializers -Wmissing-noreturn -Wmissing-prototypes -Wnested-externs -Wnormalized=id -Woverride-init -Wpointer-arith -Wpointer-sign -Wredundant-decls -Wshadow -Wsign-compare  -Wstrict-overflow=1  -fvisibility=hidden conftest.c >&5
configure:27611: $? = 0
configure:27620: result: yes
configure:27633: : CFLAGS="$CFLAGS $flag"
configure:27636: $? = 0
configure:27655: checking whether C compiler accepts -Wstrict-prototypes
configure:27674: gcc -c  -Werror -Wno-pragmas -Wall -Wno-strict-aliasing -Wextra -Wunknown-pragmas --param=ssp-buffer-size=1 -Waddress -Warray-bounds -Wbad-function-cast -Wchar-subscripts -Wcomment -Wfloat-equal -Wformat-security -Wformat=2 -Wmaybe-uninitialized -Wmissing-field-initializers -Wmissing-noreturn -Wmissing-prototypes -Wnested-externs -Wnormalized=id -Woverride-init -Wpointer-arith -Wpointer-sign -Wredundant-decls -Wshadow -Wsign-compare -Wstrict-overflow=1  -Wstrict-prototypes  -fvisibility=hidden conftest.c >&5
conftest.c:51:1: error: function declaration isn't a prototype [-Werror=strict-prototypes]
 main ()
 ^
cc1: all warnings being treated as errors
configure:27674: $? = 1
configure: failed program was:
| /* confdefs.h */
| #define PACKAGE_NAME "wolfssl"
| #define PACKAGE_TARNAME "wolfssl"
| #define PACKAGE_VERSION "3.13.0"
| #define PACKAGE_STRING "wolfssl 3.13.0"
| #define PACKAGE_BUGREPORT "https://github.com/wolfssl/wolfssl/issues"
| #define PACKAGE_URL "http://www.wolfssl.com"
| #define STDC_HEADERS 1
| #define HAVE_SYS_TYPES_H 1
| #define HAVE_SYS_STAT_H 1
| #define HAVE_STDLIB_H 1
| #define HAVE_STRING_H 1
| #define HAVE_MEMORY_H 1
| #define HAVE_STRINGS_H 1
| #define HAVE_INTTYPES_H 1
| #define HAVE_STDINT_H 1
| #define HAVE_UNISTD_H 1
| #define HAVE_DLFCN_H 1
| #define LT_OBJDIR ".libs/"
| #define HAVE_VISIBILITY 1
| #define SIZEOF_LONG_LONG 8
| #define SIZEOF_LONG 8
| #define HAVE___UINT128_T 1
| #define HAVE_GETHOSTBYNAME 1
| #define HAVE_GETADDRINFO 1
| #define HAVE_GETTIMEOFDAY 1
| #define HAVE_GMTIME_R 1
| #define HAVE_INET_NTOA 1
| #define HAVE_MEMSET 1
| #define HAVE_SOCKET 1
| #define HAVE_ARPA_INET_H 1
| #define HAVE_FCNTL_H 1
| #define HAVE_LIMITS_H 1
| #define HAVE_NETDB_H 1
| #define HAVE_NETINET_IN_H 1
| #define HAVE_STDDEF_H 1
| #define HAVE_SYS_IOCTL_H 1
| #define HAVE_SYS_SOCKET_H 1
| #define HAVE_SYS_TIME_H 1
| #define HAVE_ERRNO_H 1
| #define TLS __thread
| #define DEBUG 0
| #define HAVE_PTHREAD_PRIO_INHERIT 1
| #define HAVE_PTHREAD 1
| #define BUILD_USER_RSA /**/
| #define VCS_SYSTEM "git"
| #define VCS_CHECKOUT 1
| /* end confdefs.h.  */
| 
| int
| main ()
| {
| 
|   ;
|   return 0;
| }
configure:27683: result: no
configure:27718: checking whether C compiler accepts -Wswitch-enum
configure:27737: gcc -c  -Werror -Wno-pragmas -Wall -Wno-strict-aliasing -Wextra -Wunknown-pragmas --param=ssp-buffer-size=1 -Waddress -Warray-bounds -Wbad-function-cast -Wchar-subscripts -Wcomment -Wfloat-equal -Wformat-security -Wformat=2 -Wmaybe-uninitialized -Wmissing-field-initializers -Wmissing-noreturn -Wmissing-prototypes -Wnested-externs -Wnormalized=id -Woverride-init -Wpointer-arith -Wpointer-sign -Wredundant-decls -Wshadow -Wsign-compare -Wstrict-overflow=1  -Wswitch-enum  -fvisibility=hidden conftest.c >&5
configure:27737: $? = 0
configure:27746: result: yes
configure:27759: : CFLAGS="$CFLAGS $flag"
configure:27762: $? = 0
configure:27781: checking whether C compiler accepts -Wundef
configure:27800: gcc -c  -Werror -Wno-pragmas -Wall -Wno-strict-aliasing -Wextra -Wunknown-pragmas --param=ssp-buffer-size=1 -Waddress -Warray-bounds -Wbad-function-cast -Wchar-subscripts -Wcomment -Wfloat-equal -Wformat-security -Wformat=2 -Wmaybe-uninitialized -Wmissing-field-initializers -Wmissing-noreturn -Wmissing-prototypes -Wnested-externs -Wnormalized=id -Woverride-init -Wpointer-arith -Wpointer-sign -Wredundant-decls -Wshadow -Wsign-compare -Wstrict-overflow=1 -Wswitch-enum  -Wundef  -fvisibility=hidden conftest.c >&5
configure:27800: $? = 0
configure:27809: result: yes
configure:27822: : CFLAGS="$CFLAGS $flag"
configure:27825: $? = 0
configure:27844: checking whether C compiler accepts -Wunused
configure:27863: gcc -c  -Werror -Wno-pragmas -Wall -Wno-strict-aliasing -Wextra -Wunknown-pragmas --param=ssp-buffer-size=1 -Waddress -Warray-bounds -Wbad-function-cast -Wchar-subscripts -Wcomment -Wfloat-equal -Wformat-security -Wformat=2 -Wmaybe-uninitialized -Wmissing-field-initializers -Wmissing-noreturn -Wmissing-prototypes -Wnested-externs -Wnormalized=id -Woverride-init -Wpointer-arith -Wpointer-sign -Wredundant-decls -Wshadow -Wsign-compare -Wstrict-overflow=1 -Wswitch-enum -Wundef  -Wunused  -fvisibility=hidden conftest.c >&5
configure:27863: $? = 0
configure:27872: result: yes
configure:27885: : CFLAGS="$CFLAGS $flag"
configure:27888: $? = 0
configure:27907: checking whether C compiler accepts -Wunused-result
configure:27926: gcc -c  -Werror -Wno-pragmas -Wall -Wno-strict-aliasing -Wextra -Wunknown-pragmas --param=ssp-buffer-size=1 -Waddress -Warray-bounds -Wbad-function-cast -Wchar-subscripts -Wcomment -Wfloat-equal -Wformat-security -Wformat=2 -Wmaybe-uninitialized -Wmissing-field-initializers -Wmissing-noreturn -Wmissing-prototypes -Wnested-externs -Wnormalized=id -Woverride-init -Wpointer-arith -Wpointer-sign -Wredundant-decls -Wshadow -Wsign-compare -Wstrict-overflow=1 -Wswitch-enum -Wundef -Wunused  -Wunused-result  -fvisibility=hidden conftest.c >&5
configure:27926: $? = 0
configure:27935: result: yes
configure:27948: : CFLAGS="$CFLAGS $flag"
configure:27951: $? = 0
configure:27970: checking whether C compiler accepts -Wunused-variable
configure:27989: gcc -c  -Werror -Wno-pragmas -Wall -Wno-strict-aliasing -Wextra -Wunknown-pragmas --param=ssp-buffer-size=1 -Waddress -Warray-bounds -Wbad-function-cast -Wchar-subscripts -Wcomment -Wfloat-equal -Wformat-security -Wformat=2 -Wmaybe-uninitialized -Wmissing-field-initializers -Wmissing-noreturn -Wmissing-prototypes -Wnested-externs -Wnormalized=id -Woverride-init -Wpointer-arith -Wpointer-sign -Wredundant-decls -Wshadow -Wsign-compare -Wstrict-overflow=1 -Wswitch-enum -Wundef -Wunused -Wunused-result  -Wunused-variable  -fvisibility=hidden conftest.c >&5
configure:27989: $? = 0
configure:27998: result: yes
configure:28011: : CFLAGS="$CFLAGS $flag"
configure:28014: $? = 0
configure:28033: checking whether C compiler accepts -Wwrite-strings
configure:28052: gcc -c  -Werror -Wno-pragmas -Wall -Wno-strict-aliasing -Wextra -Wunknown-pragmas --param=ssp-buffer-size=1 -Waddress -Warray-bounds -Wbad-function-cast -Wchar-subscripts -Wcomment -Wfloat-equal -Wformat-security -Wformat=2 -Wmaybe-uninitialized -Wmissing-field-initializers -Wmissing-noreturn -Wmissing-prototypes -Wnested-externs -Wnormalized=id -Woverride-init -Wpointer-arith -Wpointer-sign -Wredundant-decls -Wshadow -Wsign-compare -Wstrict-overflow=1 -Wswitch-enum -Wundef -Wunused -Wunused-result -Wunused-variable  -Wwrite-strings  -fvisibility=hidden conftest.c >&5
configure:28052: $? = 0
configure:28061: result: yes
configure:28074: : CFLAGS="$CFLAGS $flag"
configure:28077: $? = 0
configure:28096: checking whether C compiler accepts -fwrapv
configure:28115: gcc -c  -Werror -Wno-pragmas -Wall -Wno-strict-aliasing -Wextra -Wunknown-pragmas --param=ssp-buffer-size=1 -Waddress -Warray-bounds -Wbad-function-cast -Wchar-subscripts -Wcomment -Wfloat-equal -Wformat-security -Wformat=2 -Wmaybe-uninitialized -Wmissing-field-initializers -Wmissing-noreturn -Wmissing-prototypes -Wnested-externs -Wnormalized=id -Woverride-init -Wpointer-arith -Wpointer-sign -Wredundant-decls -Wshadow -Wsign-compare -Wstrict-overflow=1 -Wswitch-enum -Wundef -Wunused -Wunused-result -Wunused-variable -Wwrite-strings  -fwrapv  -fvisibility=hidden conftest.c >&5
configure:28115: $? = 0
configure:28124: result: yes
configure:28137: : CFLAGS="$CFLAGS $flag"
configure:28140: $? = 0
configure:28230: result: creating wolfssl-config - generic 3.13.0 for -lwolfssl
configure:28358: checking the number of available CPUs
configure:28401: result: 1 
configure:28414: adding automake macro support
configure:28418: creating aminclude.am
configure:28448: added jobserver support to make for 2 jobs
configure:28569: checking that generated files are newer than configure
configure:28575: result: done
configure:29015: creating ./config.status

## ---------------------- ##
## Running config.status. ##
## ---------------------- ##

This file was extended by wolfssl config.status 3.13.0, which was
generated by GNU Autoconf 2.69.  Invocation command line was

  CONFIG_FILES    = 
  CONFIG_HEADERS  = 
  CONFIG_LINKS    = 
  CONFIG_COMMANDS = 
  $ ./config.status 

on mininet-vm

config.status:1387: creating stamp-h
config.status:1387: creating Makefile
config.status:1387: creating wolfssl/version.h
config.status:1387: creating wolfssl/options.h
config.status:1387: creating support/wolfssl.pc
config.status:1387: creating rpm/spec
config.status:1387: creating config.h
config.status:1616: executing depfiles commands
config.status:1616: executing libtool commands

## ---------------- ##
## Cache variables. ##
## ---------------- ##

ac_cv_build=x86_64-unknown-linux-gnu
ac_cv_c_bigendian=no
ac_cv_c_compiler_gnu=yes
ac_cv_c_uint8_t=yes
ac_cv_cxx_compiler_gnu=yes
ac_cv_env_CCASFLAGS_set=
ac_cv_env_CCASFLAGS_value=
ac_cv_env_CCAS_set=
ac_cv_env_CCAS_value=
ac_cv_env_CCC_set=
ac_cv_env_CCC_value=
ac_cv_env_CC_set=
ac_cv_env_CC_value=
ac_cv_env_CFLAGS_set=
ac_cv_env_CFLAGS_value=
ac_cv_env_CPPFLAGS_set=
ac_cv_env_CPPFLAGS_value=
ac_cv_env_CPP_set=
ac_cv_env_CPP_value=
ac_cv_env_CXXCPP_set=
ac_cv_env_CXXCPP_value=
ac_cv_env_CXXFLAGS_set=
ac_cv_env_CXXFLAGS_value=
ac_cv_env_CXX_set=
ac_cv_env_CXX_value=
ac_cv_env_LDFLAGS_set=
ac_cv_env_LDFLAGS_value=
ac_cv_env_LIBS_set=
ac_cv_env_LIBS_value=
ac_cv_env_build_alias_set=
ac_cv_env_build_alias_value=
ac_cv_env_host_alias_set=
ac_cv_env_host_alias_value=
ac_cv_env_target_alias_set=
ac_cv_env_target_alias_value=
ac_cv_func_getaddrinfo=yes
ac_cv_func_gethostbyname=yes
ac_cv_func_gettimeofday=yes
ac_cv_func_gmtime_r=yes
ac_cv_func_inet_ntoa=yes
ac_cv_func_memset=yes
ac_cv_func_socket=yes
ac_cv_header_arpa_inet_h=yes
ac_cv_header_dlfcn_h=yes
ac_cv_header_errno_h=yes
ac_cv_header_fcntl_h=yes
ac_cv_header_inttypes_h=yes
ac_cv_header_limits_h=yes
ac_cv_header_memory_h=yes
ac_cv_header_netdb_h=yes
ac_cv_header_netinet_in_h=yes
ac_cv_header_stdc=yes
ac_cv_header_stddef_h=yes
ac_cv_header_stdint_h=yes
ac_cv_header_stdlib_h=yes
ac_cv_header_string_h=yes
ac_cv_header_strings_h=yes
ac_cv_header_sys_ioctl_h=yes
ac_cv_header_sys_socket_h=yes
ac_cv_header_sys_stat_h=yes
ac_cv_header_sys_time_h=yes
ac_cv_header_sys_types_h=yes
ac_cv_header_unistd_h=yes
ac_cv_host=x86_64-unknown-linux-gnu
ac_cv_lib_m_cos=yes
ac_cv_lib_network_socket=no
ac_cv_objext=o
ac_cv_path_EGREP='/bin/grep -E'
ac_cv_path_FGREP='/bin/grep -F'
ac_cv_path_GREP=/bin/grep
ac_cv_path_SED=/bin/sed
ac_cv_path_install='/usr/bin/install -c'
ac_cv_path_mkdir=/bin/mkdir
ac_cv_prog_AWK=mawk
ac_cv_prog_CPP='gcc -E'
ac_cv_prog_CXXCPP='g++ -E'
ac_cv_prog_ac_ct_AR=ar
ac_cv_prog_ac_ct_CC=gcc
ac_cv_prog_ac_ct_CXX=g++
ac_cv_prog_ac_ct_MANIFEST_TOOL=mt
ac_cv_prog_ac_ct_OBJDUMP=objdump
ac_cv_prog_ac_ct_RANLIB=ranlib
ac_cv_prog_ac_ct_STRIP=strip
ac_cv_prog_cc_c89=
ac_cv_prog_cc_g=yes
ac_cv_prog_cc_gcc_c_o=yes
ac_cv_prog_cxx_g=yes
ac_cv_prog_make_make_set=yes
ac_cv_search_gethostbyname='none required'
ac_cv_search_socket='none required'
ac_cv_sizeof_long=8
ac_cv_sizeof_long_long=8
ac_cv_tls=__thread
ac_cv_type___uint128_t=yes
ac_cv_type_size_t=yes
ac_cv_vcs_checkout=yes
ac_cv_vcs_system=git
ac_cv_warnings_as_errors=yes
am_cv_CCAS_dependencies_compiler_type=gcc3
am_cv_CC_dependencies_compiler_type=gcc3
am_cv_CXX_dependencies_compiler_type=gcc3
am_cv_make_support_nested_variables=yes
am_cv_prog_cc_c_o=yes
am_cv_prog_tar_ustar=gnutar
ax_cv_PTHREAD_PRIO_INHERIT=yes
ax_cv_check_cflags__=yes
ax_cv_check_cflags__Waddress=yes
ax_cv_check_cflags__Wall=yes
ax_cv_check_cflags__Warray_bounds=yes
ax_cv_check_cflags__Wbad_function_cast=yes
ax_cv_check_cflags__Wchar_subscripts=yes
ax_cv_check_cflags__Wcomment=yes
ax_cv_check_cflags__Wextra=yes
ax_cv_check_cflags__Wfloat_equal=yes
ax_cv_check_cflags__Wformat_2=yes
ax_cv_check_cflags__Wformat_security=yes
ax_cv_check_cflags__Wmaybe_uninitialized=yes
ax_cv_check_cflags__Wmissing_field_initializers=yes
ax_cv_check_cflags__Wmissing_noreturn=yes
ax_cv_check_cflags__Wmissing_prototypes=yes
ax_cv_check_cflags__Wnested_externs=yes
ax_cv_check_cflags__Wno_pragmas=yes
ax_cv_check_cflags__Wno_strict_aliasing=yes
ax_cv_check_cflags__Wnormalized_id=yes
ax_cv_check_cflags__Woverride_init=yes
ax_cv_check_cflags__Wpointer_arith=yes
ax_cv_check_cflags__Wpointer_sign=yes
ax_cv_check_cflags__Wredundant_decls=yes
ax_cv_check_cflags__Wshadow=yes
ax_cv_check_cflags__Wshorten_64_to_32=no
ax_cv_check_cflags__Wsign_compare=yes
ax_cv_check_cflags__Wstrict_overflow_1=yes
ax_cv_check_cflags__Wstrict_prototypes=no
ax_cv_check_cflags__Wswitch_enum=yes
ax_cv_check_cflags__Wthis_test_should_fail=no
ax_cv_check_cflags__Wundef=yes
ax_cv_check_cflags__Wunknown_pragmas=yes
ax_cv_check_cflags__Wunused=yes
ax_cv_check_cflags__Wunused_result=yes
ax_cv_check_cflags__Wunused_variable=yes
ax_cv_check_cflags__Wwrite_strings=yes
ax_cv_check_cflags___Werror=yes
ax_cv_check_cflags___param_ssp_buffer_size_1=yes
ax_cv_check_cflags__fwrapv=yes
ax_cv_check_ldflags___Werror=yes
ax_cv_check_ldflags__pie=yes
ax_cv_check_ldflags__z_relro__z_now=yes
gl_cv_cc_vis_werror=yes
gl_cv_cc_visibility=yes
lt_cv_ar_at_file=@
lt_cv_archive_cmds_need_lc=no
lt_cv_deplibs_check_method=pass_all
lt_cv_file_magic_cmd='$MAGIC_CMD'
lt_cv_file_magic_test_file=
lt_cv_ld_reload_flag=-r
lt_cv_nm_interface='BSD nm'
lt_cv_objdir=.libs
lt_cv_path_LD=/usr/bin/ld
lt_cv_path_LDCXX='/usr/bin/ld -m elf_x86_64'
lt_cv_path_NM='/usr/bin/nm -B'
lt_cv_path_mainfest_tool=no
lt_cv_prog_compiler_c_o=yes
lt_cv_prog_compiler_c_o_CXX=yes
lt_cv_prog_compiler_pic='-fPIC -DPIC'
lt_cv_prog_compiler_pic_CXX='-fPIC -DPIC'
lt_cv_prog_compiler_pic_works=yes
lt_cv_prog_compiler_pic_works_CXX=yes
lt_cv_prog_compiler_rtti_exceptions=no
lt_cv_prog_compiler_static_works=yes
lt_cv_prog_compiler_static_works_CXX=yes
lt_cv_prog_gnu_ld=yes
lt_cv_prog_gnu_ldcxx=yes
lt_cv_sharedlib_from_linklib_cmd='printf %s\n'
lt_cv_shlibpath_overrides_runpath=no
lt_cv_sys_global_symbol_pipe='sed -n -e '\''s/^.*[	 ]\([ABCDGIRSTW][ABCDGIRSTW]*\)[	 ][	 ]*\([_A-Za-z][_A-Za-z0-9]*\)$/\1 \2 \2/p'\'' | sed '\''/ __gnu_lto/d'\'''
lt_cv_sys_global_symbol_to_c_name_address='sed -n -e '\''s/^: \([^ ]*\)[ ]*$/  {\"\1\", (void *) 0},/p'\'' -e '\''s/^[ABCDGIRSTW]* \([^ ]*\) \([^ ]*\)$/  {"\2", (void *) \&\2},/p'\'''
lt_cv_sys_global_symbol_to_c_name_address_lib_prefix='sed -n -e '\''s/^: \([^ ]*\)[ ]*$/  {\"\1\", (void *) 0},/p'\'' -e '\''s/^[ABCDGIRSTW]* \([^ ]*\) \(lib[^ ]*\)$/  {"\2", (void *) \&\2},/p'\'' -e '\''s/^[ABCDGIRSTW]* \([^ ]*\) \([^ ]*\)$/  {"lib\2", (void *) \&\2},/p'\'''
lt_cv_sys_global_symbol_to_cdecl='sed -n -e '\''s/^T .* \(.*\)$/extern int \1();/p'\'' -e '\''s/^[ABCDGIRSTW]* .* \(.*\)$/extern char \1;/p'\'''
lt_cv_sys_max_cmd_len=1572864
lt_cv_to_host_file_cmd=func_convert_file_noop
lt_cv_to_tool_file_cmd=func_convert_file_noop

## ----------------- ##
## Output variables. ##
## ----------------- ##

ACLOCAL='${SHELL} /home/mininet/CSE222A/wolfssl/build-aux/missing aclocal-1.14'
AMDEPBACKSLASH='\'
AMDEP_FALSE='#'
AMDEP_TRUE=''
AMINCLUDE='aminclude.am'
AMTAR='$${TAR-tar}'
AM_BACKSLASH='\'
AM_CCASFLAGS=''
AM_CFLAGS='-D_POSIX_THREADS  -DHAVE_THREAD_LS -DNDEBUG -pthread -DTFM_TIMING_RESISTANT -DECC_TIMING_RESISTANT -DWC_RSA_BLINDING -DHAVE_AESGCM -DWOLFSSL_SHA512 -DWOLFSSL_SHA384 -DNO_DSA -DHAVE_ECC -DTFM_ECC256 -DECC_SHAMIR -DWOLFSSL_BASE64_ENCODE -DNO_RC4 -DNO_HC128 -DNO_RABBIT -DWOLFSSL_SHA224 -DWOLFSSL_SHA3 -DHAVE_POLY1305 -DHAVE_ONE_TIME_AUTH -DHAVE_CHACHA -DHAVE_HASHDRBG -DHAVE_TLS_EXTENSIONS -DHAVE_SUPPORTED_CURVES -DHAVE_EXTENDED_MASTER -DNO_PSK -DNO_MD4 -DNO_PWDBASED -DUSE_FAST_MATH -DWOLFSSL_X86_64_BUILD -DWC_NO_ASYNC_THREADING -DNO_DES3 -Wall -Wno-unused -O2 -fomit-frame-pointer -DHAVE___UINT128_T'
AM_CPPFLAGS=' -fvisibility=hidden'
AM_DEFAULT_V='$(AM_DEFAULT_VERBOSITY)'
AM_DEFAULT_VERBOSITY='0'
AM_LDFLAGS=''
AM_V='$(V)'
AR='ar'
AUTOCONF='${SHELL} /home/mininet/CSE222A/wolfssl/build-aux/missing autoconf'
AUTOHEADER='${SHELL} /home/mininet/CSE222A/wolfssl/build-aux/missing autoheader'
AUTOMAKE='${SHELL} /home/mininet/CSE222A/wolfssl/build-aux/missing automake-1.14'
AWK='mawk'
BUILD_AESCCM_FALSE=''
BUILD_AESCCM_TRUE='#'
BUILD_AESGCM_FALSE='#'
BUILD_AESGCM_TRUE=''
BUILD_AESNI_FALSE=''
BUILD_AESNI_TRUE='#'
BUILD_AES_FALSE='#'
BUILD_AES_TRUE=''
BUILD_ALL_FALSE=''
BUILD_ALL_TRUE='#'
BUILD_ARMASM_FALSE=''
BUILD_ARMASM_TRUE='#'
BUILD_ASN_FALSE='#'
BUILD_ASN_TRUE=''
BUILD_ASYNCCRYPT_FALSE=''
BUILD_ASYNCCRYPT_TRUE='#'
BUILD_BLAKE2_FALSE=''
BUILD_BLAKE2_TRUE='#'
BUILD_CAMELLIA_FALSE=''
BUILD_CAMELLIA_TRUE='#'
BUILD_CAVIUM_FALSE=''
BUILD_CAVIUM_TRUE='#'
BUILD_CHACHA_FALSE='#'
BUILD_CHACHA_TRUE=''
BUILD_CMAC_FALSE=''
BUILD_CMAC_TRUE='#'
BUILD_CODING_FALSE='#'
BUILD_CODING_TRUE=''
BUILD_CRL_FALSE=''
BUILD_CRL_MONITOR_FALSE=''
BUILD_CRL_MONITOR_TRUE='#'
BUILD_CRL_TRUE='#'
BUILD_CRYPTONLY_FALSE=''
BUILD_CRYPTONLY_TRUE='#'
BUILD_CURVE25519_FALSE=''
BUILD_CURVE25519_SMALL_FALSE=''
BUILD_CURVE25519_SMALL_TRUE='#'
BUILD_CURVE25519_TRUE='#'
BUILD_DES3_FALSE=''
BUILD_DES3_TRUE='#'
BUILD_DH_FALSE='#'
BUILD_DH_TRUE=''
BUILD_DISTRO_FALSE=''
BUILD_DISTRO_TRUE='#'
BUILD_DSA_FALSE=''
BUILD_DSA_TRUE='#'
BUILD_ECC_FALSE='#'
BUILD_ECC_TRUE=''
BUILD_ED25519_FALSE=''
BUILD_ED25519_SMALL_FALSE=''
BUILD_ED25519_SMALL_TRUE='#'
BUILD_ED25519_TRUE='#'
BUILD_EXAMPLE_CLIENTS_FALSE='#'
BUILD_EXAMPLE_CLIENTS_TRUE=''
BUILD_EXAMPLE_SERVERS_FALSE='#'
BUILD_EXAMPLE_SERVERS_TRUE=''
BUILD_FASTMATH_FALSE='#'
BUILD_FASTMATH_TRUE=''
BUILD_FAST_RSA_FALSE=''
BUILD_FAST_RSA_TRUE='#'
BUILD_FEMATH_FALSE=''
BUILD_FEMATH_TRUE='#'
BUILD_FIPS_FALSE=''
BUILD_FIPS_TRUE='#'
BUILD_FIPS_V2_FALSE=''
BUILD_FIPS_V2_TRUE='#'
BUILD_GEMATH_FALSE=''
BUILD_GEMATH_TRUE='#'
BUILD_HC128_FALSE=''
BUILD_HC128_TRUE='#'
BUILD_IDEA_FALSE=''
BUILD_IDEA_TRUE='#'
BUILD_INLINE_FALSE='#'
BUILD_INLINE_TRUE=''
BUILD_INTEL_QA_FALSE=''
BUILD_INTEL_QA_TRUE='#'
BUILD_IPV6_FALSE=''
BUILD_IPV6_TRUE='#'
BUILD_LEANPSK_FALSE=''
BUILD_LEANPSK_TRUE='#'
BUILD_LEANTLS_FALSE=''
BUILD_LEANTLS_TRUE='#'
BUILD_LIBZ_FALSE=''
BUILD_LIBZ_TRUE='#'
BUILD_LOWMEM_FALSE=''
BUILD_LOWMEM_TRUE='#'
BUILD_MCAPI_FALSE=''
BUILD_MCAPI_TRUE='#'
BUILD_MCAST_FALSE=''
BUILD_MCAST_TRUE='#'
BUILD_MD2_FALSE=''
BUILD_MD2_TRUE='#'
BUILD_MD4_FALSE=''
BUILD_MD4_TRUE='#'
BUILD_MD5_FALSE='#'
BUILD_MD5_TRUE=''
BUILD_MEMORY_FALSE='#'
BUILD_MEMORY_TRUE=''
BUILD_NTRU_FALSE=''
BUILD_NTRU_TRUE='#'
BUILD_OCSP_FALSE=''
BUILD_OCSP_STAPLING_FALSE=''
BUILD_OCSP_STAPLING_TRUE='#'
BUILD_OCSP_STAPLING_V2_FALSE=''
BUILD_OCSP_STAPLING_V2_TRUE='#'
BUILD_OCSP_TRUE='#'
BUILD_PKCALLBACKS_FALSE=''
BUILD_PKCALLBACKS_TRUE='#'
BUILD_PKCS7_FALSE=''
BUILD_PKCS7_TRUE='#'
BUILD_PKI_FALSE='#'
BUILD_PKI_TRUE=''
BUILD_POLY1305_FALSE='#'
BUILD_POLY1305_TRUE=''
BUILD_PSK_FALSE=''
BUILD_PSK_TRUE='#'
BUILD_PWDBASED_FALSE=''
BUILD_PWDBASED_TRUE='#'
BUILD_RABBIT_FALSE=''
BUILD_RABBIT_TRUE='#'
BUILD_RC4_FALSE=''
BUILD_RC4_TRUE='#'
BUILD_RIPEMD_FALSE=''
BUILD_RIPEMD_TRUE='#'
BUILD_RNG_FALSE='#'
BUILD_RNG_TRUE=''
BUILD_RSA_FALSE='#'
BUILD_RSA_TRUE=''
BUILD_SCRYPT_FALSE=''
BUILD_SCRYPT_TRUE='#'
BUILD_SCTP_FALSE=''
BUILD_SCTP_TRUE='#'
BUILD_SHA224_FALSE='#'
BUILD_SHA224_TRUE=''
BUILD_SHA3_FALSE='#'
BUILD_SHA3_TRUE=''
BUILD_SHA512_FALSE='#'
BUILD_SHA512_TRUE=''
BUILD_SHA_FALSE='#'
BUILD_SHA_TRUE=''
BUILD_SLOWMATH_FALSE=''
BUILD_SLOWMATH_TRUE='#'
BUILD_SNIFFER_FALSE=''
BUILD_SNIFFER_TRUE='#'
BUILD_SNIFFTEST_FALSE=''
BUILD_SNIFFTEST_TRUE='#'
BUILD_SP_FALSE=''
BUILD_SP_TRUE='#'
BUILD_SRP_FALSE=''
BUILD_SRP_TRUE='#'
BUILD_TESTS_FALSE='#'
BUILD_TESTS_TRUE=''
BUILD_THREADED_EXAMPLES_FALSE='#'
BUILD_THREADED_EXAMPLES_TRUE=''
BUILD_TLS13_FALSE=''
BUILD_TLS13_TRUE='#'
BUILD_TRUST_PEER_CERT_FALSE=''
BUILD_TRUST_PEER_CERT_TRUE='#'
BUILD_USER_CRYPTO_FALSE=''
BUILD_USER_CRYPTO_TRUE='#'
BUILD_USER_RSA_FALSE=''
BUILD_USER_RSA_TRUE='#'
BUILD_WNR_FALSE=''
BUILD_WNR_TRUE='#'
BUILD_WOLFCRYPT_TESTS_FALSE='#'
BUILD_WOLFCRYPT_TESTS_TRUE=''
BUILD_WOLFEVENT_FALSE=''
BUILD_WOLFEVENT_TRUE='#'
BUILD_XILINX_FALSE=''
BUILD_XILINX_TRUE='#'
CC='gcc'
CCAS='gcc'
CCASDEPMODE='depmode=gcc3'
CCASFLAGS=''
CCDEPMODE='depmode=gcc3'
CFLAGS=' -Werror -Wno-pragmas -Wall -Wno-strict-aliasing -Wextra -Wunknown-pragmas --param=ssp-buffer-size=1 -Waddress -Warray-bounds -Wbad-function-cast -Wchar-subscripts -Wcomment -Wfloat-equal -Wformat-security -Wformat=2 -Wmaybe-uninitialized -Wmissing-field-initializers -Wmissing-noreturn -Wmissing-prototypes -Wnested-externs -Wnormalized=id -Woverride-init -Wpointer-arith -Wpointer-sign -Wredundant-decls -Wshadow -Wsign-compare -Wstrict-overflow=1 -Wswitch-enum -Wundef -Wunused -Wunused-result -Wunused-variable -Wwrite-strings -fwrapv '
CFLAG_VISIBILITY='-fvisibility=hidden'
CPP='gcc -E'
CPPFLAGS=' -fvisibility=hidden'
CXX='g++'
CXXCPP='g++ -E'
CXXDEPMODE='depmode=gcc3'
CXXFLAGS='-g -O2'
CYGPATH_W='echo'
DEBUG_FALSE=''
DEBUG_TRUE='#'
DEFS='-DHAVE_CONFIG_H'
DEPDIR='.deps'
DLLTOOL='false'
DSYMUTIL=''
DUMPBIN=''
ECHO_C=''
ECHO_N='-n'
ECHO_T=''
EGREP='/bin/grep -E'
EXEEXT=''
FGREP='/bin/grep -F'
GENERIC_CONFIG='wolfssl-config'
GREP='/bin/grep'
HAVE_OPENSSL_CMD=''
HAVE_VALGRIND=''
HAVE_VISIBILITY='1'
HEX_VERSION='0x03013000'
INC_AMINCLUDE='include $(top_builddir)/aminclude.am'
INSTALL_DATA='${INSTALL} -m 644'
INSTALL_PROGRAM='${INSTALL}'
INSTALL_SCRIPT='${INSTALL}'
INSTALL_STRIP_PROGRAM='$(install_sh) -c -s'
IPPHEADERS=''
IPPLIBS=''
IPPLINK=''
IS_VCS_CHECKOUT_FALSE='#'
IS_VCS_CHECKOUT_TRUE=''
LD='/usr/bin/ld -m elf_x86_64'
LDFLAGS=''
LIBM='-lm'
LIBOBJS=''
LIBS=' '
LIBTOOL='$(SHELL) $(top_builddir)/libtool'
LIB_ADD=''
LIB_STATIC_ADD=''
LIPO=''
LN_S='ln -s'
LTLIBOBJS=''
MAKEINFO='${SHELL} /home/mininet/CSE222A/wolfssl/build-aux/missing makeinfo'
MANIFEST_TOOL=':'
MCHECK=''
MKDIR_P='/bin/mkdir -p'
NM='/usr/bin/nm -B'
NMEDIT=''
OBJDUMP='objdump'
OBJEXT='o'
OTOOL64=''
OTOOL=''
PACKAGE='wolfssl'
PACKAGE_BUGREPORT='https://github.com/wolfssl/wolfssl/issues'
PACKAGE_NAME='wolfssl'
PACKAGE_STRING='wolfssl 3.13.0'
PACKAGE_TARNAME='wolfssl'
PACKAGE_URL='http://www.wolfssl.com'
PACKAGE_VERSION='3.13.0'
PATH_SEPARATOR=':'
PTHREAD_CC='gcc'
PTHREAD_CFLAGS='-pthread'
PTHREAD_LIBS=''
RANLIB='ranlib'
SED='/bin/sed'
SET_MAKE=''
SHELL='/bin/bash'
STRIP='strip'
USE_VALGRIND_FALSE=''
USE_VALGRIND_TRUE='#'
VERSION='3.13.0'
WOLFSSL_LIBRARY_VERSION='15:0:0'
ac_ct_AR='ar'
ac_ct_CC='gcc'
ac_ct_CXX='g++'
ac_ct_DUMPBIN=''
am__EXEEXT_FALSE=''
am__EXEEXT_TRUE='#'
am__fastdepCCAS_FALSE='#'
am__fastdepCCAS_TRUE=''
am__fastdepCC_FALSE='#'
am__fastdepCC_TRUE=''
am__fastdepCXX_FALSE='#'
am__fastdepCXX_TRUE=''
am__include='include'
am__isrc=''
am__leading_dot='.'
am__nodep='_no'
am__quote=''
am__tar='tar --format=ustar -chf - "$$tardir"'
am__untar='tar -xf -'
ax_pthread_config=''
bindir='${exec_prefix}/bin'
build='x86_64-unknown-linux-gnu'
build_alias=''
build_cpu='x86_64'
build_os='linux-gnu'
build_vendor='unknown'
datadir='${datarootdir}'
datarootdir='${prefix}/share'
docdir='${datarootdir}/doc/${PACKAGE_TARNAME}'
dvidir='${docdir}'
exec_prefix='${prefix}'
host='x86_64-unknown-linux-gnu'
host_alias=''
host_cpu='x86_64'
host_os='linux-gnu'
host_vendor='unknown'
htmldir='${docdir}'
includedir='${prefix}/include'
infodir='${datarootdir}/info'
install_sh='${SHELL} /home/mininet/CSE222A/wolfssl/build-aux/install-sh'
libdir='${exec_prefix}/lib'
libexecdir='${exec_prefix}/libexec'
localedir='${datarootdir}/locale'
localstatedir='${prefix}/var'
mandir='${datarootdir}/man'
mkdir_p='$(MKDIR_P)'
oldincludedir='/usr/include'
pdfdir='${docdir}'
prefix='/usr/local'
program_transform_name='s,x,x,'
psdir='${docdir}'
sbindir='${exec_prefix}/sbin'
sharedstatedir='${prefix}/com'
sysconfdir='${prefix}/etc'
target_alias=''

## ----------- ##
## confdefs.h. ##
## ----------- ##

/* confdefs.h */
#define PACKAGE_NAME "wolfssl"
#define PACKAGE_TARNAME "wolfssl"
#define PACKAGE_VERSION "3.13.0"
#define PACKAGE_STRING "wolfssl 3.13.0"
#define PACKAGE_BUGREPORT "https://github.com/wolfssl/wolfssl/issues"
#define PACKAGE_URL "http://www.wolfssl.com"
#define STDC_HEADERS 1
#define HAVE_SYS_TYPES_H 1
#define HAVE_SYS_STAT_H 1
#define HAVE_STDLIB_H 1
#define HAVE_STRING_H 1
#define HAVE_MEMORY_H 1
#define HAVE_STRINGS_H 1
#define HAVE_INTTYPES_H 1
#define HAVE_STDINT_H 1
#define HAVE_UNISTD_H 1
#define HAVE_DLFCN_H 1
#define LT_OBJDIR ".libs/"
#define HAVE_VISIBILITY 1
#define SIZEOF_LONG_LONG 8
#define SIZEOF_LONG 8
#define HAVE___UINT128_T 1
#define HAVE_GETHOSTBYNAME 1
#define HAVE_GETADDRINFO 1
#define HAVE_GETTIMEOFDAY 1
#define HAVE_GMTIME_R 1
#define HAVE_INET_NTOA 1
#define HAVE_MEMSET 1
#define HAVE_SOCKET 1
#define HAVE_ARPA_INET_H 1
#define HAVE_FCNTL_H 1
#define HAVE_LIMITS_H 1
#define HAVE_NETDB_H 1
#define HAVE_NETINET_IN_H 1
#define HAVE_STDDEF_H 1
#define HAVE_SYS_IOCTL_H 1
#define HAVE_SYS_SOCKET_H 1
#define HAVE_SYS_TIME_H 1
#define HAVE_ERRNO_H 1
#define TLS __thread
#define DEBUG 0
#define HAVE_PTHREAD_PRIO_INHERIT 1
#define HAVE_PTHREAD 1
#define BUILD_USER_RSA /**/
#define VCS_SYSTEM "git"
#define VCS_CHECKOUT 1

configure: exit 0
