This file contains any messages produced by compilers while
running configure, to aid debugging if configure makes a mistake.

It was created by wolfmqtt configure 0.14.0, which was
generated by GNU Autoconf 2.69.  Invocation command line was

  $ ./configure 

## --------- ##
## Platform. ##
## --------- ##

hostname = mininet-vm
uname -m = x86_64
uname -r = 4.2.0-27-generic
uname -s = Linux
uname -v = #32~14.04.1-Ubuntu SMP Fri Jan 22 15:32:26 UTC 2016

/usr/bin/uname -p = unknown
/bin/uname -X     = unknown

/bin/arch              = unknown
/usr/bin/arch -k       = unknown
/usr/convex/getsysinfo = unknown
/usr/bin/hostinfo      = unknown
/bin/machine           = unknown
/usr/bin/oslevel       = unknown
/bin/universe          = unknown

PATH: /usr/local/sbin
PATH: /usr/local/bin
PATH: /usr/sbin
PATH: /usr/bin
PATH: /sbin
PATH: /bin
PATH: /usr/games
PATH: /usr/local/games


## ----------- ##
## Core tests. ##
## ----------- ##

configure:2391: checking build system type
configure:2405: result: x86_64-unknown-linux-gnu
configure:2425: checking host system type
configure:2438: result: x86_64-unknown-linux-gnu
configure:2476: checking for a BSD-compatible install
configure:2544: result: /usr/bin/install -c
configure:2555: checking whether build environment is sane
configure:2610: result: yes
configure:2761: checking for a thread-safe mkdir -p
configure:2800: result: /bin/mkdir -p
configure:2807: checking for gawk
configure:2837: result: no
configure:2807: checking for mawk
configure:2823: found /usr/bin/mawk
configure:2834: result: mawk
configure:2845: checking whether make sets $(MAKE)
configure:2867: result: yes
configure:2896: checking whether make supports nested variables
configure:2913: result: yes
configure:2993: checking whether UID '1000' is supported by ustar format
configure:2996: result: yes
configure:3003: checking whether GID '1000' is supported by ustar format
configure:3006: result: yes
configure:3014: checking how to create a ustar tar archive
configure:3025: tar --version
tar (GNU tar) 1.27.1
Copyright (C) 2013 Free Software Foundation, Inc.
License GPLv3+: GNU GPL version 3 or later <http://gnu.org/licenses/gpl.html>.
This is free software: you are free to change and redistribute it.
There is NO WARRANTY, to the extent permitted by law.

Written by John Gilmore and Jay Fenlason.
configure:3028: $? = 0
configure:3068: tardir=conftest.dir && eval tar --format=ustar -chf - "$tardir" >conftest.tar
configure:3071: $? = 0
configure:3075: tar -xf - <conftest.tar
configure:3078: $? = 0
configure:3080: cat conftest.dir/file
GrepMe
configure:3083: $? = 0
configure:3096: result: gnutar
configure:3212: checking how to print strings
configure:3239: result: printf
configure:3272: checking for style of include used by make
configure:3300: result: GNU
configure:3371: checking for gcc
configure:3387: found /usr/bin/gcc
configure:3398: result: gcc
configure:3627: checking for C compiler version
configure:3636: gcc --version >&5
gcc (Ubuntu 4.8.4-2ubuntu1~14.04.3) 4.8.4
Copyright (C) 2013 Free Software Foundation, Inc.
This is free software; see the source for copying conditions.  There is NO
warranty; not even for MERCHANTABILITY or FITNESS FOR A PARTICULAR PURPOSE.

configure:3647: $? = 0
configure:3636: gcc -v >&5
Using built-in specs.
COLLECT_GCC=gcc
COLLECT_LTO_WRAPPER=/usr/lib/gcc/x86_64-linux-gnu/4.8/lto-wrapper
Target: x86_64-linux-gnu
Configured with: ../src/configure -v --with-pkgversion='Ubuntu 4.8.4-2ubuntu1~14.04.3' --with-bugurl=file:///usr/share/doc/gcc-4.8/README.Bugs --enable-languages=c,c++,java,go,d,fortran,objc,obj-c++ --prefix=/usr --program-suffix=-4.8 --enable-shared --enable-linker-build-id --libexecdir=/usr/lib --without-included-gettext --enable-threads=posix --with-gxx-include-dir=/usr/include/c++/4.8 --libdir=/usr/lib --enable-nls --with-sysroot=/ --enable-clocale=gnu --enable-libstdcxx-debug --enable-libstdcxx-time=yes --enable-gnu-unique-object --disable-libmudflap --enable-plugin --with-system-zlib --disable-browser-plugin --enable-java-awt=gtk --enable-gtk-cairo --with-java-home=/usr/lib/jvm/java-1.5.0-gcj-4.8-amd64/jre --enable-java-home --with-jvm-root-dir=/usr/lib/jvm/java-1.5.0-gcj-4.8-amd64 --with-jvm-jar-dir=/usr/lib/jvm-exports/java-1.5.0-gcj-4.8-amd64 --with-arch-directory=amd64 --with-ecj-jar=/usr/share/java/eclipse-ecj.jar --enable-objc-gc --enable-multiarch --disable-werror --with-arch-32=i686 --with-abi=m64 --with-multilib-list=m32,m64,mx32 --with-tune=generic --enable-checking=release --build=x86_64-linux-gnu --host=x86_64-linux-gnu --target=x86_64-linux-gnu
Thread model: posix
gcc version 4.8.4 (Ubuntu 4.8.4-2ubuntu1~14.04.3) 
configure:3647: $? = 0
configure:3636: gcc -V >&5
gcc: error: unrecognized command line option '-V'
gcc: fatal error: no input files
compilation terminated.
configure:3647: $? = 4
configure:3636: gcc -qversion >&5
gcc: error: unrecognized command line option '-qversion'
gcc: fatal error: no input files
compilation terminated.
configure:3647: $? = 4
configure:3667: checking whether the C compiler works
configure:3689: gcc    conftest.c  >&5
configure:3693: $? = 0
configure:3741: result: yes
configure:3744: checking for C compiler default output file name
configure:3746: result: a.out
configure:3752: checking for suffix of executables
configure:3759: gcc -o conftest    conftest.c  >&5
configure:3763: $? = 0
configure:3785: result: 
configure:3807: checking whether we are cross compiling
configure:3815: gcc -o conftest    conftest.c  >&5
configure:3819: $? = 0
configure:3826: ./conftest
configure:3830: $? = 0
configure:3845: result: no
configure:3850: checking for suffix of object files
configure:3872: gcc -c   conftest.c >&5
configure:3876: $? = 0
configure:3897: result: o
configure:3901: checking whether we are using the GNU C compiler
configure:3920: gcc -c   conftest.c >&5
configure:3920: $? = 0
configure:3929: result: yes
configure:3938: checking whether gcc accepts -g
configure:3958: gcc -c -g  conftest.c >&5
configure:3958: $? = 0
configure:3999: result: yes
configure:4016: checking for gcc option to accept ISO C89
configure:4079: gcc  -c   conftest.c >&5
configure:4079: $? = 0
configure:4092: result: none needed
configure:4117: checking whether gcc understands -c and -o together
configure:4139: gcc -c conftest.c -o conftest2.o
configure:4142: $? = 0
configure:4139: gcc -c conftest.c -o conftest2.o
configure:4142: $? = 0
configure:4154: result: yes
configure:4173: checking dependency style of gcc
configure:4284: result: gcc3
configure:4299: checking for a sed that does not truncate output
configure:4363: result: /bin/sed
configure:4381: checking for grep that handles long lines and -e
configure:4439: result: /bin/grep
configure:4444: checking for egrep
configure:4506: result: /bin/grep -E
configure:4511: checking for fgrep
configure:4573: result: /bin/grep -F
configure:4608: checking for ld used by gcc
configure:4675: result: /usr/bin/ld
configure:4682: checking if the linker (/usr/bin/ld) is GNU ld
configure:4697: result: yes
configure:4709: checking for BSD- or MS-compatible name lister (nm)
configure:4758: result: /usr/bin/nm -B
configure:4888: checking the name lister (/usr/bin/nm -B) interface
configure:4895: gcc -c   conftest.c >&5
configure:4898: /usr/bin/nm -B "conftest.o"
configure:4901: output
0000000000000000 B some_variable
configure:4908: result: BSD nm
configure:4911: checking whether ln -s works
configure:4915: result: yes
configure:4923: checking the maximum length of command line arguments
configure:5054: result: 1572864
configure:5071: checking whether the shell understands some XSI constructs
configure:5081: result: yes
configure:5085: checking whether the shell understands "+="
configure:5091: result: yes
configure:5126: checking how to convert x86_64-unknown-linux-gnu file names to x86_64-unknown-linux-gnu format
configure:5166: result: func_convert_file_noop
configure:5173: checking how to convert x86_64-unknown-linux-gnu file names to toolchain format
configure:5193: result: func_convert_file_noop
configure:5200: checking for /usr/bin/ld option to reload object files
configure:5207: result: -r
configure:5281: checking for objdump
configure:5297: found /usr/bin/objdump
configure:5308: result: objdump
configure:5340: checking how to recognize dependent libraries
configure:5538: result: pass_all
configure:5623: checking for dlltool
configure:5653: result: no
configure:5683: checking how to associate runtime and link libraries
configure:5710: result: printf %s\n
configure:5771: checking for ar
configure:5787: found /usr/bin/ar
configure:5798: result: ar
configure:5835: checking for archiver @FILE support
configure:5852: gcc -c   conftest.c >&5
configure:5852: $? = 0
configure:5855: ar cru libconftest.a @conftest.lst >&5
configure:5858: $? = 0
configure:5863: ar cru libconftest.a @conftest.lst >&5
ar: conftest.o: No such file or directory
configure:5866: $? = 1
configure:5878: result: @
configure:5936: checking for strip
configure:5952: found /usr/bin/strip
configure:5963: result: strip
configure:6035: checking for ranlib
configure:6051: found /usr/bin/ranlib
configure:6062: result: ranlib
configure:6164: checking command to parse /usr/bin/nm -B output from gcc object
configure:6284: gcc -c   conftest.c >&5
configure:6287: $? = 0
configure:6291: /usr/bin/nm -B conftest.o \| sed -n -e 's/^.*[ ]\([ABCDGIRSTW][ABCDGIRSTW]*\)[ ][ ]*\([_A-Za-z][_A-Za-z0-9]*\)$/\1 \2 \2/p' | sed '/ __gnu_lto/d' \> conftest.nm
configure:6294: $? = 0
configure:6360: gcc -o conftest    conftest.c conftstm.o >&5
configure:6363: $? = 0
configure:6401: result: ok
configure:6438: checking for sysroot
configure:6468: result: no
configure:6545: gcc -c   conftest.c >&5
configure:6548: $? = 0
configure:6737: checking for mt
configure:6753: found /bin/mt
configure:6764: result: mt
configure:6787: checking if mt is a manifest tool
configure:6793: mt '-?'
configure:6801: result: no
configure:7443: checking how to run the C preprocessor
configure:7474: gcc -E  conftest.c
configure:7474: $? = 0
configure:7488: gcc -E  conftest.c
conftest.c:9:28: fatal error: ac_nonexistent.h: No such file or directory
 #include <ac_nonexistent.h>
                            ^
compilation terminated.
configure:7488: $? = 1
configure: failed program was:
| /* confdefs.h */
| #define PACKAGE_NAME "wolfmqtt"
| #define PACKAGE_TARNAME "wolfmqtt"
| #define PACKAGE_VERSION "0.14.0"
| #define PACKAGE_STRING "wolfmqtt 0.14.0"
| #define PACKAGE_BUGREPORT "https://github.com/wolfssl/wolfMQTT/issues"
| #define PACKAGE_URL "http://www.wolfssl.com"
| /* end confdefs.h.  */
| #include <ac_nonexistent.h>
configure:7513: result: gcc -E
configure:7533: gcc -E  conftest.c
configure:7533: $? = 0
configure:7547: gcc -E  conftest.c
conftest.c:9:28: fatal error: ac_nonexistent.h: No such file or directory
 #include <ac_nonexistent.h>
                            ^
compilation terminated.
configure:7547: $? = 1
configure: failed program was:
| /* confdefs.h */
| #define PACKAGE_NAME "wolfmqtt"
| #define PACKAGE_TARNAME "wolfmqtt"
| #define PACKAGE_VERSION "0.14.0"
| #define PACKAGE_STRING "wolfmqtt 0.14.0"
| #define PACKAGE_BUGREPORT "https://github.com/wolfssl/wolfMQTT/issues"
| #define PACKAGE_URL "http://www.wolfssl.com"
| /* end confdefs.h.  */
| #include <ac_nonexistent.h>
configure:7576: checking for ANSI C header files
configure:7596: gcc -c   conftest.c >&5
configure:7596: $? = 0
configure:7669: gcc -o conftest    conftest.c  >&5
configure:7669: $? = 0
configure:7669: ./conftest
configure:7669: $? = 0
configure:7680: result: yes
configure:7693: checking for sys/types.h
configure:7693: gcc -c   conftest.c >&5
configure:7693: $? = 0
configure:7693: result: yes
configure:7693: checking for sys/stat.h
configure:7693: gcc -c   conftest.c >&5
configure:7693: $? = 0
configure:7693: result: yes
configure:7693: checking for stdlib.h
configure:7693: gcc -c   conftest.c >&5
configure:7693: $? = 0
configure:7693: result: yes
configure:7693: checking for string.h
configure:7693: gcc -c   conftest.c >&5
configure:7693: $? = 0
configure:7693: result: yes
configure:7693: checking for memory.h
configure:7693: gcc -c   conftest.c >&5
configure:7693: $? = 0
configure:7693: result: yes
configure:7693: checking for strings.h
configure:7693: gcc -c   conftest.c >&5
configure:7693: $? = 0
configure:7693: result: yes
configure:7693: checking for inttypes.h
configure:7693: gcc -c   conftest.c >&5
configure:7693: $? = 0
configure:7693: result: yes
configure:7693: checking for stdint.h
configure:7693: gcc -c   conftest.c >&5
configure:7693: $? = 0
configure:7693: result: yes
configure:7693: checking for unistd.h
configure:7693: gcc -c   conftest.c >&5
configure:7693: $? = 0
configure:7693: result: yes
configure:7707: checking for dlfcn.h
configure:7707: gcc -c   conftest.c >&5
configure:7707: $? = 0
configure:7707: result: yes
configure:7912: checking for objdir
configure:7927: result: .libs
configure:8198: checking if gcc supports -fno-rtti -fno-exceptions
configure:8216: gcc -c   -fno-rtti -fno-exceptions conftest.c >&5
cc1: warning: command line option '-fno-rtti' is valid for C++/ObjC++ but not for C [enabled by default]
configure:8220: $? = 0
configure:8233: result: no
configure:8560: checking for gcc option to produce PIC
configure:8567: result: -fPIC -DPIC
configure:8575: checking if gcc PIC flag -fPIC -DPIC works
configure:8593: gcc -c   -fPIC -DPIC -DPIC conftest.c >&5
configure:8597: $? = 0
configure:8610: result: yes
configure:8639: checking if gcc static flag -static works
configure:8667: result: yes
configure:8682: checking if gcc supports -c -o file.o
configure:8703: gcc -c   -o out/conftest2.o conftest.c >&5
configure:8707: $? = 0
configure:8729: result: yes
configure:8737: checking if gcc supports -c -o file.o
configure:8784: result: yes
configure:8817: checking whether the gcc linker (/usr/bin/ld -m elf_x86_64) supports shared libraries
configure:9974: result: yes
configure:10011: checking whether -lc should be explicitly linked in
configure:10019: gcc -c   conftest.c >&5
configure:10022: $? = 0
configure:10037: gcc -shared  -fPIC -DPIC conftest.o  -v -Wl,-soname -Wl,conftest -o conftest 2\>\&1 \| /bin/grep  -lc  \>/dev/null 2\>\&1
configure:10040: $? = 0
configure:10054: result: no
configure:10214: checking dynamic linker characteristics
configure:10714: gcc -o conftest    -Wl,-rpath -Wl,/foo conftest.c  >&5
configure:10714: $? = 0
configure:10948: result: GNU/Linux ld.so
configure:11055: checking how to hardcode library paths into programs
configure:11080: result: immediate
configure:11620: checking whether stripping libraries is possible
configure:11625: result: yes
configure:11660: checking if libtool supports shared libraries
configure:11662: result: yes
configure:11665: checking whether to build shared libraries
configure:11686: result: yes
configure:11689: checking whether to build static libraries
configure:11693: result: no
configure:11737: checking whether the -Werror option is usable
configure:11756: gcc -c  -Werror  conftest.c >&5
configure:11756: $? = 0
configure:11765: result: yes
configure:11767: checking for simple visibility declarations
configure:11794: gcc -c  -fvisibility=hidden -Werror  conftest.c >&5
configure:11794: $? = 0
configure:11803: result: yes
configure:11835: checking whether make supports nested variables
configure:11852: result: yes
configure:11913: checking for gcc
configure:11940: result: gcc
configure:12169: checking for C compiler version
configure:12178: gcc --version >&5
gcc (Ubuntu 4.8.4-2ubuntu1~14.04.3) 4.8.4
Copyright (C) 2013 Free Software Foundation, Inc.
This is free software; see the source for copying conditions.  There is NO
warranty; not even for MERCHANTABILITY or FITNESS FOR A PARTICULAR PURPOSE.

configure:12189: $? = 0
configure:12178: gcc -v >&5
Using built-in specs.
COLLECT_GCC=gcc
COLLECT_LTO_WRAPPER=/usr/lib/gcc/x86_64-linux-gnu/4.8/lto-wrapper
Target: x86_64-linux-gnu
Configured with: ../src/configure -v --with-pkgversion='Ubuntu 4.8.4-2ubuntu1~14.04.3' --with-bugurl=file:///usr/share/doc/gcc-4.8/README.Bugs --enable-languages=c,c++,java,go,d,fortran,objc,obj-c++ --prefix=/usr --program-suffix=-4.8 --enable-shared --enable-linker-build-id --libexecdir=/usr/lib --without-included-gettext --enable-threads=posix --with-gxx-include-dir=/usr/include/c++/4.8 --libdir=/usr/lib --enable-nls --with-sysroot=/ --enable-clocale=gnu --enable-libstdcxx-debug --enable-libstdcxx-time=yes --enable-gnu-unique-object --disable-libmudflap --enable-plugin --with-system-zlib --disable-browser-plugin --enable-java-awt=gtk --enable-gtk-cairo --with-java-home=/usr/lib/jvm/java-1.5.0-gcj-4.8-amd64/jre --enable-java-home --with-jvm-root-dir=/usr/lib/jvm/java-1.5.0-gcj-4.8-amd64 --with-jvm-jar-dir=/usr/lib/jvm-exports/java-1.5.0-gcj-4.8-amd64 --with-arch-directory=amd64 --with-ecj-jar=/usr/share/java/eclipse-ecj.jar --enable-objc-gc --enable-multiarch --disable-werror --with-arch-32=i686 --with-abi=m64 --with-multilib-list=m32,m64,mx32 --with-tune=generic --enable-checking=release --build=x86_64-linux-gnu --host=x86_64-linux-gnu --target=x86_64-linux-gnu
Thread model: posix
gcc version 4.8.4 (Ubuntu 4.8.4-2ubuntu1~14.04.3) 
configure:12189: $? = 0
configure:12178: gcc -V >&5
gcc: error: unrecognized command line option '-V'
gcc: fatal error: no input files
compilation terminated.
configure:12189: $? = 4
configure:12178: gcc -qversion >&5
gcc: error: unrecognized command line option '-qversion'
gcc: fatal error: no input files
compilation terminated.
configure:12189: $? = 4
configure:12193: checking whether we are using the GNU C compiler
configure:12221: result: yes
configure:12230: checking whether gcc accepts -g
configure:12291: result: yes
configure:12308: checking for gcc option to accept ISO C89
configure:12384: result: none needed
configure:12409: checking whether gcc understands -c and -o together
configure:12446: result: yes
configure:12465: checking dependency style of gcc
configure:12576: result: gcc3
configure:12593: checking whether gcc and cc understand -c and -o together
configure:12624: gcc -c conftest.c -o conftest2.o >&5
configure:12628: $? = 0
configure:12634: gcc -c conftest.c -o conftest2.o >&5
configure:12638: $? = 0
configure:12649: cc -c conftest.c >&5
configure:12653: $? = 0
configure:12661: cc -c conftest.c -o conftest2.o >&5
configure:12665: $? = 0
configure:12671: cc -c conftest.c -o conftest2.o >&5
configure:12675: $? = 0
configure:12693: result: yes
configure:12706: checking for ANSI C header files
configure:12810: result: yes
configure:12822: checking size of long long
configure:12827: gcc -o conftest   -fvisibility=hidden  conftest.c  >&5
configure:12827: $? = 0
configure:12827: ./conftest
configure:12827: $? = 0
configure:12841: result: 8
configure:12855: checking size of long
configure:12860: gcc -o conftest   -fvisibility=hidden  conftest.c  >&5
configure:12860: $? = 0
configure:12860: ./conftest
configure:12860: $? = 0
configure:12874: result: 8
configure:12888: checking for gethostbyname
configure:12888: gcc -o conftest   -fvisibility=hidden  conftest.c  >&5
configure:12888: $? = 0
configure:12888: result: yes
configure:12899: checking for getaddrinfo
configure:12899: gcc -o conftest   -fvisibility=hidden  conftest.c  >&5
configure:12899: $? = 0
configure:12899: result: yes
configure:12910: checking for gettimeofday
configure:12910: gcc -o conftest   -fvisibility=hidden  conftest.c  >&5
configure:12910: $? = 0
configure:12910: result: yes
configure:12921: checking for inet_ntoa
configure:12921: gcc -o conftest   -fvisibility=hidden  conftest.c  >&5
configure:12921: $? = 0
configure:12921: result: yes
configure:12932: checking for memset
configure:12932: gcc -o conftest   -fvisibility=hidden  conftest.c  >&5
conftest.c:52:6: warning: conflicting types for built-in function 'memset' [enabled by default]
 char memset ();
      ^
configure:12932: $? = 0
configure:12932: result: yes
configure:12943: checking for socket
configure:12943: gcc -o conftest   -fvisibility=hidden  conftest.c  >&5
configure:12943: $? = 0
configure:12943: result: yes
configure:12954: checking for signal
configure:12954: gcc -o conftest   -fvisibility=hidden  conftest.c  >&5
configure:12954: $? = 0
configure:12954: result: yes
configure:12963: checking for socket in -lnetwork
configure:12988: gcc -o conftest   -fvisibility=hidden  conftest.c -lnetwork   >&5
/usr/bin/ld: cannot find -lnetwork
collect2: error: ld returned 1 exit status
configure:12988: $? = 1
configure: failed program was:
| /* confdefs.h */
| #define PACKAGE_NAME "wolfmqtt"
| #define PACKAGE_TARNAME "wolfmqtt"
| #define PACKAGE_VERSION "0.14.0"
| #define PACKAGE_STRING "wolfmqtt 0.14.0"
| #define PACKAGE_BUGREPORT "https://github.com/wolfssl/wolfMQTT/issues"
| #define PACKAGE_URL "http://www.wolfssl.com"
| #define STDC_HEADERS 1
| #define HAVE_SYS_TYPES_H 1
| #define HAVE_SYS_STAT_H 1
| #define HAVE_STDLIB_H 1
| #define HAVE_STRING_H 1
| #define HAVE_MEMORY_H 1
| #define HAVE_STRINGS_H 1
| #define HAVE_INTTYPES_H 1
| #define HAVE_STDINT_H 1
| #define HAVE_UNISTD_H 1
| #define HAVE_DLFCN_H 1
| #define LT_OBJDIR ".libs/"
| #define HAVE_VISIBILITY 1
| #define STDC_HEADERS 1
| #define SIZEOF_LONG_LONG 8
| #define SIZEOF_LONG 8
| #define HAVE_GETHOSTBYNAME 1
| #define HAVE_GETADDRINFO 1
| #define HAVE_GETTIMEOFDAY 1
| #define HAVE_INET_NTOA 1
| #define HAVE_MEMSET 1
| #define HAVE_SOCKET 1
| #define HAVE_SIGNAL 1
| /* end confdefs.h.  */
| 
| /* Override any GCC internal prototype to avoid an error.
|    Use char because int might match the return type of a GCC
|    builtin and then its argument prototype would still apply.  */
| #ifdef __cplusplus
| extern "C"
| #endif
| char socket ();
| int
| main ()
| {
| return socket ();
|   ;
|   return 0;
| }
configure:12997: result: no
configure:13032: checking for debug
configure:13034: result: no
configure:13234: checking for the pthreads library -lpthreads
configure:13272: gcc -o conftest    -fvisibility=hidden  conftest.c -lpthreads  >&5
/usr/bin/ld: cannot find -lpthreads
collect2: error: ld returned 1 exit status
configure:13272: $? = 1
configure: failed program was:
| /* confdefs.h */
| #define PACKAGE_NAME "wolfmqtt"
| #define PACKAGE_TARNAME "wolfmqtt"
| #define PACKAGE_VERSION "0.14.0"
| #define PACKAGE_STRING "wolfmqtt 0.14.0"
| #define PACKAGE_BUGREPORT "https://github.com/wolfssl/wolfMQTT/issues"
| #define PACKAGE_URL "http://www.wolfssl.com"
| #define STDC_HEADERS 1
| #define HAVE_SYS_TYPES_H 1
| #define HAVE_SYS_STAT_H 1
| #define HAVE_STDLIB_H 1
| #define HAVE_STRING_H 1
| #define HAVE_MEMORY_H 1
| #define HAVE_STRINGS_H 1
| #define HAVE_INTTYPES_H 1
| #define HAVE_STDINT_H 1
| #define HAVE_UNISTD_H 1
| #define HAVE_DLFCN_H 1
| #define LT_OBJDIR ".libs/"
| #define HAVE_VISIBILITY 1
| #define STDC_HEADERS 1
| #define SIZEOF_LONG_LONG 8
| #define SIZEOF_LONG 8
| #define HAVE_GETHOSTBYNAME 1
| #define HAVE_GETADDRINFO 1
| #define HAVE_GETTIMEOFDAY 1
| #define HAVE_INET_NTOA 1
| #define HAVE_MEMSET 1
| #define HAVE_SOCKET 1
| #define HAVE_SIGNAL 1
| #define DEBUG 0
| /* end confdefs.h.  */
| #include <pthread.h>
|                         static void routine(void *a) { a = 0; }
|                         static void *start_routine(void *a) { return a; }
| int
| main ()
| {
| pthread_t th; pthread_attr_t attr;
|                         pthread_create(&th, 0, start_routine, 0);
|                         pthread_join(th, 0);
|                         pthread_attr_init(&attr);
|                         pthread_cleanup_push(routine, 0);
|                         pthread_cleanup_pop(0) /* ; */
|   ;
|   return 0;
| }
configure:13281: result: no
configure:13179: checking whether pthreads work without any flags
configure:13272: gcc -o conftest    -fvisibility=hidden  conftest.c   >&5
/tmp/ccHOCxFA.o: In function `main':
conftest.c:(.text+0x55): undefined reference to `pthread_create'
conftest.c:(.text+0x69): undefined reference to `pthread_join'
conftest.c:(.text+0xe3): undefined reference to `__pthread_register_cancel'
conftest.c:(.text+0xf2): undefined reference to `__pthread_unregister_cancel'
collect2: error: ld returned 1 exit status
configure:13272: $? = 1
configure: failed program was:
| /* confdefs.h */
| #define PACKAGE_NAME "wolfmqtt"
| #define PACKAGE_TARNAME "wolfmqtt"
| #define PACKAGE_VERSION "0.14.0"
| #define PACKAGE_STRING "wolfmqtt 0.14.0"
| #define PACKAGE_BUGREPORT "https://github.com/wolfssl/wolfMQTT/issues"
| #define PACKAGE_URL "http://www.wolfssl.com"
| #define STDC_HEADERS 1
| #define HAVE_SYS_TYPES_H 1
| #define HAVE_SYS_STAT_H 1
| #define HAVE_STDLIB_H 1
| #define HAVE_STRING_H 1
| #define HAVE_MEMORY_H 1
| #define HAVE_STRINGS_H 1
| #define HAVE_INTTYPES_H 1
| #define HAVE_STDINT_H 1
| #define HAVE_UNISTD_H 1
| #define HAVE_DLFCN_H 1
| #define LT_OBJDIR ".libs/"
| #define HAVE_VISIBILITY 1
| #define STDC_HEADERS 1
| #define SIZEOF_LONG_LONG 8
| #define SIZEOF_LONG 8
| #define HAVE_GETHOSTBYNAME 1
| #define HAVE_GETADDRINFO 1
| #define HAVE_GETTIMEOFDAY 1
| #define HAVE_INET_NTOA 1
| #define HAVE_MEMSET 1
| #define HAVE_SOCKET 1
| #define HAVE_SIGNAL 1
| #define DEBUG 0
| /* end confdefs.h.  */
| #include <pthread.h>
|                         static void routine(void *a) { a = 0; }
|                         static void *start_routine(void *a) { return a; }
| int
| main ()
| {
| pthread_t th; pthread_attr_t attr;
|                         pthread_create(&th, 0, start_routine, 0);
|                         pthread_join(th, 0);
|                         pthread_attr_init(&attr);
|                         pthread_cleanup_push(routine, 0);
|                         pthread_cleanup_pop(0) /* ; */
|   ;
|   return 0;
| }
configure:13281: result: no
configure:13184: checking whether pthreads work with -Kthread
configure:13272: gcc -o conftest  -Kthread  -fvisibility=hidden  conftest.c   >&5
gcc: error: unrecognized command line option '-Kthread'
configure:13272: $? = 1
configure: failed program was:
| /* confdefs.h */
| #define PACKAGE_NAME "wolfmqtt"
| #define PACKAGE_TARNAME "wolfmqtt"
| #define PACKAGE_VERSION "0.14.0"
| #define PACKAGE_STRING "wolfmqtt 0.14.0"
| #define PACKAGE_BUGREPORT "https://github.com/wolfssl/wolfMQTT/issues"
| #define PACKAGE_URL "http://www.wolfssl.com"
| #define STDC_HEADERS 1
| #define HAVE_SYS_TYPES_H 1
| #define HAVE_SYS_STAT_H 1
| #define HAVE_STDLIB_H 1
| #define HAVE_STRING_H 1
| #define HAVE_MEMORY_H 1
| #define HAVE_STRINGS_H 1
| #define HAVE_INTTYPES_H 1
| #define HAVE_STDINT_H 1
| #define HAVE_UNISTD_H 1
| #define HAVE_DLFCN_H 1
| #define LT_OBJDIR ".libs/"
| #define HAVE_VISIBILITY 1
| #define STDC_HEADERS 1
| #define SIZEOF_LONG_LONG 8
| #define SIZEOF_LONG 8
| #define HAVE_GETHOSTBYNAME 1
| #define HAVE_GETADDRINFO 1
| #define HAVE_GETTIMEOFDAY 1
| #define HAVE_INET_NTOA 1
| #define HAVE_MEMSET 1
| #define HAVE_SOCKET 1
| #define HAVE_SIGNAL 1
| #define DEBUG 0
| /* end confdefs.h.  */
| #include <pthread.h>
|                         static void routine(void *a) { a = 0; }
|                         static void *start_routine(void *a) { return a; }
| int
| main ()
| {
| pthread_t th; pthread_attr_t attr;
|                         pthread_create(&th, 0, start_routine, 0);
|                         pthread_join(th, 0);
|                         pthread_attr_init(&attr);
|                         pthread_cleanup_push(routine, 0);
|                         pthread_cleanup_pop(0) /* ; */
|   ;
|   return 0;
| }
configure:13281: result: no
configure:13184: checking whether pthreads work with -kthread
configure:13272: gcc -o conftest  -kthread  -fvisibility=hidden  conftest.c   >&5
gcc: error: unrecognized command line option '-kthread'
configure:13272: $? = 1
configure: failed program was:
| /* confdefs.h */
| #define PACKAGE_NAME "wolfmqtt"
| #define PACKAGE_TARNAME "wolfmqtt"
| #define PACKAGE_VERSION "0.14.0"
| #define PACKAGE_STRING "wolfmqtt 0.14.0"
| #define PACKAGE_BUGREPORT "https://github.com/wolfssl/wolfMQTT/issues"
| #define PACKAGE_URL "http://www.wolfssl.com"
| #define STDC_HEADERS 1
| #define HAVE_SYS_TYPES_H 1
| #define HAVE_SYS_STAT_H 1
| #define HAVE_STDLIB_H 1
| #define HAVE_STRING_H 1
| #define HAVE_MEMORY_H 1
| #define HAVE_STRINGS_H 1
| #define HAVE_INTTYPES_H 1
| #define HAVE_STDINT_H 1
| #define HAVE_UNISTD_H 1
| #define HAVE_DLFCN_H 1
| #define LT_OBJDIR ".libs/"
| #define HAVE_VISIBILITY 1
| #define STDC_HEADERS 1
| #define SIZEOF_LONG_LONG 8
| #define SIZEOF_LONG 8
| #define HAVE_GETHOSTBYNAME 1
| #define HAVE_GETADDRINFO 1
| #define HAVE_GETTIMEOFDAY 1
| #define HAVE_INET_NTOA 1
| #define HAVE_MEMSET 1
| #define HAVE_SOCKET 1
| #define HAVE_SIGNAL 1
| #define DEBUG 0
| /* end confdefs.h.  */
| #include <pthread.h>
|                         static void routine(void *a) { a = 0; }
|                         static void *start_routine(void *a) { return a; }
| int
| main ()
| {
| pthread_t th; pthread_attr_t attr;
|                         pthread_create(&th, 0, start_routine, 0);
|                         pthread_join(th, 0);
|                         pthread_attr_init(&attr);
|                         pthread_cleanup_push(routine, 0);
|                         pthread_cleanup_pop(0) /* ; */
|   ;
|   return 0;
| }
configure:13281: result: no
configure:13234: checking for the pthreads library -llthread
configure:13272: gcc -o conftest    -fvisibility=hidden  conftest.c -llthread  >&5
/usr/bin/ld: cannot find -llthread
collect2: error: ld returned 1 exit status
configure:13272: $? = 1
configure: failed program was:
| /* confdefs.h */
| #define PACKAGE_NAME "wolfmqtt"
| #define PACKAGE_TARNAME "wolfmqtt"
| #define PACKAGE_VERSION "0.14.0"
| #define PACKAGE_STRING "wolfmqtt 0.14.0"
| #define PACKAGE_BUGREPORT "https://github.com/wolfssl/wolfMQTT/issues"
| #define PACKAGE_URL "http://www.wolfssl.com"
| #define STDC_HEADERS 1
| #define HAVE_SYS_TYPES_H 1
| #define HAVE_SYS_STAT_H 1
| #define HAVE_STDLIB_H 1
| #define HAVE_STRING_H 1
| #define HAVE_MEMORY_H 1
| #define HAVE_STRINGS_H 1
| #define HAVE_INTTYPES_H 1
| #define HAVE_STDINT_H 1
| #define HAVE_UNISTD_H 1
| #define HAVE_DLFCN_H 1
| #define LT_OBJDIR ".libs/"
| #define HAVE_VISIBILITY 1
| #define STDC_HEADERS 1
| #define SIZEOF_LONG_LONG 8
| #define SIZEOF_LONG 8
| #define HAVE_GETHOSTBYNAME 1
| #define HAVE_GETADDRINFO 1
| #define HAVE_GETTIMEOFDAY 1
| #define HAVE_INET_NTOA 1
| #define HAVE_MEMSET 1
| #define HAVE_SOCKET 1
| #define HAVE_SIGNAL 1
| #define DEBUG 0
| /* end confdefs.h.  */
| #include <pthread.h>
|                         static void routine(void *a) { a = 0; }
|                         static void *start_routine(void *a) { return a; }
| int
| main ()
| {
| pthread_t th; pthread_attr_t attr;
|                         pthread_create(&th, 0, start_routine, 0);
|                         pthread_join(th, 0);
|                         pthread_attr_init(&attr);
|                         pthread_cleanup_push(routine, 0);
|                         pthread_cleanup_pop(0) /* ; */
|   ;
|   return 0;
| }
configure:13281: result: no
configure:13184: checking whether pthreads work with -pthread
configure:13272: gcc -o conftest  -pthread  -fvisibility=hidden  conftest.c   >&5
configure:13272: $? = 0
configure:13281: result: yes
configure:13300: checking for joinable pthread attribute
configure:13315: gcc -o conftest  -pthread  -fvisibility=hidden  conftest.c   >&5
configure:13315: $? = 0
configure:13321: result: PTHREAD_CREATE_JOINABLE
configure:13331: checking if more special flags are required for pthreads
configure:13345: result: no
configure:13351: checking for PTHREAD_PRIO_INHERIT
configure:13369: gcc -o conftest  -pthread  -fvisibility=hidden  conftest.c   >&5
configure:13369: $? = 0
configure:13378: result: yes
configure:13730: checking for ld used by GCC
configure:13794: result: /usr/bin/ld -m elf_x86_64
configure:13801: checking if the linker (/usr/bin/ld -m elf_x86_64) is GNU ld
configure:13814: result: yes
configure:13821: checking for shared library run path origin
configure:13834: result: done
configure:14360: checking for libwolfssl
configure:14383: gcc -o conftest   -fvisibility=hidden  -L/usr/local/lib conftest.c  -lwolfssl -lwolfssl >&5
In file included from /usr/local/include/wolfssl/ssl.h:31:0,
                 from conftest.c:35:
/usr/local/include/wolfssl/wolfcrypt/settings.h:1608:14: warning: #warning "For timing resistance / side-channel attack prevention consider using harden options" [-Wcpp]
             #warning "For timing resistance / side-channel attack prevention consider using harden options"
              ^
configure:14383: $? = 0
configure:14393: result: yes
configure:14400: checking how to link with libwolfssl
configure:14402: result: -lwolfssl
configure:14434: checking for wolfSSL_Cleanup
configure:14434: gcc -o conftest   -fvisibility=hidden  -L/usr/local/lib conftest.c  -lwolfssl -lwolfssl >&5
configure:14434: $? = 0
configure:14434: result: yes
configure:14547: checking whether C compiler accepts 
configure:14566: gcc -c     -fvisibility=hidden conftest.c >&5
configure:14566: $? = 0
configure:14574: result: yes
configure:14585: : CFLAGS already contains 
configure:14588: $? = 0
configure:14667: checking whether the linker accepts 
configure:14686: gcc -o conftest   -fvisibility=hidden  -L/usr/local/lib   conftest.c  -lwolfssl >&5
configure:14686: $? = 0
configure:14695: result: yes
configure:14703: checking for vcs system
configure:14723: result: git
configure:14732: checking for vcs checkout
configure:14744: result: yes
configure:14774: checking whether the linker accepts -Werror
configure:14793: gcc -o conftest   -fvisibility=hidden  -L/usr/local/lib  -Werror conftest.c  -lwolfssl >&5
configure:14793: $? = 0
configure:14802: result: yes
configure:14857: checking whether the linker accepts -z relro -z now
configure:14876: gcc -o conftest   -fvisibility=hidden  -L/usr/local/lib  -z relro -z now conftest.c  -lwolfssl >&5
configure:14876: $? = 0
configure:14886: result: yes
configure:14898: checking whether the linker accepts -pie
configure:14917: gcc -o conftest   -fvisibility=hidden  -L/usr/local/lib  -pie conftest.c  -lwolfssl >&5
configure:14917: $? = 0
configure:14927: result: yes
configure:14960: checking whether C compiler accepts -Werror
configure:14979: gcc -c   -Werror  -fvisibility=hidden conftest.c >&5
configure:14979: $? = 0
configure:14988: result: yes
configure:15001: : CFLAGS="$CFLAGS $flag"
configure:15004: $? = 0
configure:15287: checking whether C compiler accepts -Wno-pragmas
configure:15306: gcc -c  -Werror  -Wno-pragmas  -fvisibility=hidden conftest.c >&5
configure:15306: $? = 0
configure:15315: result: yes
configure:15328: : CFLAGS="$CFLAGS $flag"
configure:15331: $? = 0
configure:15351: checking whether C compiler accepts -Wall
configure:15370: gcc -c  -Werror -Wno-pragmas  -Wall  -fvisibility=hidden conftest.c >&5
configure:15370: $? = 0
configure:15379: result: yes
configure:15392: : CFLAGS="$CFLAGS $flag"
configure:15395: $? = 0
configure:15414: checking whether C compiler accepts -Wno-strict-aliasing
configure:15433: gcc -c  -Werror -Wno-pragmas -Wall  -Wno-strict-aliasing  -fvisibility=hidden conftest.c >&5
configure:15433: $? = 0
configure:15442: result: yes
configure:15455: : CFLAGS="$CFLAGS $flag"
configure:15458: $? = 0
configure:15477: checking whether C compiler accepts -Wextra
configure:15496: gcc -c  -Werror -Wno-pragmas -Wall -Wno-strict-aliasing  -Wextra  -fvisibility=hidden conftest.c >&5
configure:15496: $? = 0
configure:15505: result: yes
configure:15518: : CFLAGS="$CFLAGS $flag"
configure:15521: $? = 0
configure:15540: checking whether C compiler accepts -Wunknown-pragmas
configure:15559: gcc -c  -Werror -Wno-pragmas -Wall -Wno-strict-aliasing -Wextra  -Wunknown-pragmas  -fvisibility=hidden conftest.c >&5
configure:15559: $? = 0
configure:15568: result: yes
configure:15581: : CFLAGS="$CFLAGS $flag"
configure:15584: $? = 0
configure:15603: checking whether C compiler accepts -Wthis-test-should-fail
configure:15622: gcc -c  -Werror -Wno-pragmas -Wall -Wno-strict-aliasing -Wextra -Wunknown-pragmas  -Wthis-test-should-fail  -fvisibility=hidden conftest.c >&5
gcc: error: unrecognized command line option '-Wthis-test-should-fail'
configure:15622: $? = 1
configure: failed program was:
| /* confdefs.h */
| #define PACKAGE_NAME "wolfmqtt"
| #define PACKAGE_TARNAME "wolfmqtt"
| #define PACKAGE_VERSION "0.14.0"
| #define PACKAGE_STRING "wolfmqtt 0.14.0"
| #define PACKAGE_BUGREPORT "https://github.com/wolfssl/wolfMQTT/issues"
| #define PACKAGE_URL "http://www.wolfssl.com"
| #define STDC_HEADERS 1
| #define HAVE_SYS_TYPES_H 1
| #define HAVE_SYS_STAT_H 1
| #define HAVE_STDLIB_H 1
| #define HAVE_STRING_H 1
| #define HAVE_MEMORY_H 1
| #define HAVE_STRINGS_H 1
| #define HAVE_INTTYPES_H 1
| #define HAVE_STDINT_H 1
| #define HAVE_UNISTD_H 1
| #define HAVE_DLFCN_H 1
| #define LT_OBJDIR ".libs/"
| #define HAVE_VISIBILITY 1
| #define STDC_HEADERS 1
| #define SIZEOF_LONG_LONG 8
| #define SIZEOF_LONG 8
| #define HAVE_GETHOSTBYNAME 1
| #define HAVE_GETADDRINFO 1
| #define HAVE_GETTIMEOFDAY 1
| #define HAVE_INET_NTOA 1
| #define HAVE_MEMSET 1
| #define HAVE_SOCKET 1
| #define HAVE_SIGNAL 1
| #define DEBUG 0
| #define HAVE_PTHREAD_PRIO_INHERIT 1
| #define HAVE_LIBWOLFSSL 1
| #define HAVE_WOLFSSL_CLEANUP 1
| #define VCS_SYSTEM "git"
| #define VCS_CHECKOUT 1
| /* end confdefs.h.  */
| 
| int
| main ()
| {
| 
|   ;
|   return 0;
| }
configure:15631: result: no
configure:15670: checking whether C compiler accepts --param=ssp-buffer-size=1
configure:15689: gcc -c  -Werror -Wno-pragmas -Wall -Wno-strict-aliasing -Wextra -Wunknown-pragmas  --param=ssp-buffer-size=1  -fvisibility=hidden conftest.c >&5
configure:15689: $? = 0
configure:15698: result: yes
configure:15711: : CFLAGS="$CFLAGS $flag"
configure:15714: $? = 0
configure:15735: checking whether C compiler accepts -Waddress
configure:15754: gcc -c  -Werror -Wno-pragmas -Wall -Wno-strict-aliasing -Wextra -Wunknown-pragmas --param=ssp-buffer-size=1  -Waddress  -fvisibility=hidden conftest.c >&5
configure:15754: $? = 0
configure:15763: result: yes
configure:15776: : CFLAGS="$CFLAGS $flag"
configure:15779: $? = 0
configure:15798: checking whether C compiler accepts -Warray-bounds
configure:15817: gcc -c  -Werror -Wno-pragmas -Wall -Wno-strict-aliasing -Wextra -Wunknown-pragmas --param=ssp-buffer-size=1 -Waddress  -Warray-bounds  -fvisibility=hidden conftest.c >&5
configure:15817: $? = 0
configure:15826: result: yes
configure:15839: : CFLAGS="$CFLAGS $flag"
configure:15842: $? = 0
configure:15861: checking whether C compiler accepts -Wbad-function-cast
configure:15880: gcc -c  -Werror -Wno-pragmas -Wall -Wno-strict-aliasing -Wextra -Wunknown-pragmas --param=ssp-buffer-size=1 -Waddress -Warray-bounds  -Wbad-function-cast  -fvisibility=hidden conftest.c >&5
configure:15880: $? = 0
configure:15889: result: yes
configure:15902: : CFLAGS="$CFLAGS $flag"
configure:15905: $? = 0
configure:15924: checking whether C compiler accepts -Wchar-subscripts
configure:15943: gcc -c  -Werror -Wno-pragmas -Wall -Wno-strict-aliasing -Wextra -Wunknown-pragmas --param=ssp-buffer-size=1 -Waddress -Warray-bounds -Wbad-function-cast  -Wchar-subscripts  -fvisibility=hidden conftest.c >&5
configure:15943: $? = 0
configure:15952: result: yes
configure:15965: : CFLAGS="$CFLAGS $flag"
configure:15968: $? = 0
configure:15987: checking whether C compiler accepts -Wcomment
configure:16006: gcc -c  -Werror -Wno-pragmas -Wall -Wno-strict-aliasing -Wextra -Wunknown-pragmas --param=ssp-buffer-size=1 -Waddress -Warray-bounds -Wbad-function-cast -Wchar-subscripts  -Wcomment  -fvisibility=hidden conftest.c >&5
configure:16006: $? = 0
configure:16015: result: yes
configure:16028: : CFLAGS="$CFLAGS $flag"
configure:16031: $? = 0
configure:16050: checking whether C compiler accepts -Wfloat-equal
configure:16069: gcc -c  -Werror -Wno-pragmas -Wall -Wno-strict-aliasing -Wextra -Wunknown-pragmas --param=ssp-buffer-size=1 -Waddress -Warray-bounds -Wbad-function-cast -Wchar-subscripts -Wcomment  -Wfloat-equal  -fvisibility=hidden conftest.c >&5
configure:16069: $? = 0
configure:16078: result: yes
configure:16091: : CFLAGS="$CFLAGS $flag"
configure:16094: $? = 0
configure:16113: checking whether C compiler accepts -Wformat-security
configure:16132: gcc -c  -Werror -Wno-pragmas -Wall -Wno-strict-aliasing -Wextra -Wunknown-pragmas --param=ssp-buffer-size=1 -Waddress -Warray-bounds -Wbad-function-cast -Wchar-subscripts -Wcomment -Wfloat-equal  -Wformat-security  -fvisibility=hidden conftest.c >&5
configure:16132: $? = 0
configure:16141: result: yes
configure:16154: : CFLAGS="$CFLAGS $flag"
configure:16157: $? = 0
configure:16176: checking whether C compiler accepts -Wformat=2
configure:16195: gcc -c  -Werror -Wno-pragmas -Wall -Wno-strict-aliasing -Wextra -Wunknown-pragmas --param=ssp-buffer-size=1 -Waddress -Warray-bounds -Wbad-function-cast -Wchar-subscripts -Wcomment -Wfloat-equal -Wformat-security  -Wformat=2  -fvisibility=hidden conftest.c >&5
configure:16195: $? = 0
configure:16204: result: yes
configure:16217: : CFLAGS="$CFLAGS $flag"
configure:16220: $? = 0
configure:16239: checking whether C compiler accepts -Wmaybe-uninitialized
configure:16258: gcc -c  -Werror -Wno-pragmas -Wall -Wno-strict-aliasing -Wextra -Wunknown-pragmas --param=ssp-buffer-size=1 -Waddress -Warray-bounds -Wbad-function-cast -Wchar-subscripts -Wcomment -Wfloat-equal -Wformat-security -Wformat=2  -Wmaybe-uninitialized  -fvisibility=hidden conftest.c >&5
configure:16258: $? = 0
configure:16267: result: yes
configure:16280: : CFLAGS="$CFLAGS $flag"
configure:16283: $? = 0
configure:16302: checking whether C compiler accepts -Wmissing-field-initializers
configure:16321: gcc -c  -Werror -Wno-pragmas -Wall -Wno-strict-aliasing -Wextra -Wunknown-pragmas --param=ssp-buffer-size=1 -Waddress -Warray-bounds -Wbad-function-cast -Wchar-subscripts -Wcomment -Wfloat-equal -Wformat-security -Wformat=2 -Wmaybe-uninitialized  -Wmissing-field-initializers  -fvisibility=hidden conftest.c >&5
configure:16321: $? = 0
configure:16330: result: yes
configure:16343: : CFLAGS="$CFLAGS $flag"
configure:16346: $? = 0
configure:16365: checking whether C compiler accepts -Wmissing-noreturn
configure:16384: gcc -c  -Werror -Wno-pragmas -Wall -Wno-strict-aliasing -Wextra -Wunknown-pragmas --param=ssp-buffer-size=1 -Waddress -Warray-bounds -Wbad-function-cast -Wchar-subscripts -Wcomment -Wfloat-equal -Wformat-security -Wformat=2 -Wmaybe-uninitialized -Wmissing-field-initializers  -Wmissing-noreturn  -fvisibility=hidden conftest.c >&5
configure:16384: $? = 0
configure:16393: result: yes
configure:16406: : CFLAGS="$CFLAGS $flag"
configure:16409: $? = 0
configure:16428: checking whether C compiler accepts -Wmissing-prototypes
configure:16447: gcc -c  -Werror -Wno-pragmas -Wall -Wno-strict-aliasing -Wextra -Wunknown-pragmas --param=ssp-buffer-size=1 -Waddress -Warray-bounds -Wbad-function-cast -Wchar-subscripts -Wcomment -Wfloat-equal -Wformat-security -Wformat=2 -Wmaybe-uninitialized -Wmissing-field-initializers -Wmissing-noreturn  -Wmissing-prototypes  -fvisibility=hidden conftest.c >&5
configure:16447: $? = 0
configure:16456: result: yes
configure:16469: : CFLAGS="$CFLAGS $flag"
configure:16472: $? = 0
configure:16491: checking whether C compiler accepts -Wnested-externs
configure:16510: gcc -c  -Werror -Wno-pragmas -Wall -Wno-strict-aliasing -Wextra -Wunknown-pragmas --param=ssp-buffer-size=1 -Waddress -Warray-bounds -Wbad-function-cast -Wchar-subscripts -Wcomment -Wfloat-equal -Wformat-security -Wformat=2 -Wmaybe-uninitialized -Wmissing-field-initializers -Wmissing-noreturn -Wmissing-prototypes  -Wnested-externs  -fvisibility=hidden conftest.c >&5
configure:16510: $? = 0
configure:16519: result: yes
configure:16532: : CFLAGS="$CFLAGS $flag"
configure:16535: $? = 0
configure:16554: checking whether C compiler accepts -Wnormalized=id
configure:16573: gcc -c  -Werror -Wno-pragmas -Wall -Wno-strict-aliasing -Wextra -Wunknown-pragmas --param=ssp-buffer-size=1 -Waddress -Warray-bounds -Wbad-function-cast -Wchar-subscripts -Wcomment -Wfloat-equal -Wformat-security -Wformat=2 -Wmaybe-uninitialized -Wmissing-field-initializers -Wmissing-noreturn -Wmissing-prototypes -Wnested-externs  -Wnormalized=id  -fvisibility=hidden conftest.c >&5
configure:16573: $? = 0
configure:16582: result: yes
configure:16595: : CFLAGS="$CFLAGS $flag"
configure:16598: $? = 0
configure:16617: checking whether C compiler accepts -Woverride-init
configure:16636: gcc -c  -Werror -Wno-pragmas -Wall -Wno-strict-aliasing -Wextra -Wunknown-pragmas --param=ssp-buffer-size=1 -Waddress -Warray-bounds -Wbad-function-cast -Wchar-subscripts -Wcomment -Wfloat-equal -Wformat-security -Wformat=2 -Wmaybe-uninitialized -Wmissing-field-initializers -Wmissing-noreturn -Wmissing-prototypes -Wnested-externs -Wnormalized=id  -Woverride-init  -fvisibility=hidden conftest.c >&5
configure:16636: $? = 0
configure:16645: result: yes
configure:16658: : CFLAGS="$CFLAGS $flag"
configure:16661: $? = 0
configure:16680: checking whether C compiler accepts -Wpointer-arith
configure:16699: gcc -c  -Werror -Wno-pragmas -Wall -Wno-strict-aliasing -Wextra -Wunknown-pragmas --param=ssp-buffer-size=1 -Waddress -Warray-bounds -Wbad-function-cast -Wchar-subscripts -Wcomment -Wfloat-equal -Wformat-security -Wformat=2 -Wmaybe-uninitialized -Wmissing-field-initializers -Wmissing-noreturn -Wmissing-prototypes -Wnested-externs -Wnormalized=id -Woverride-init  -Wpointer-arith  -fvisibility=hidden conftest.c >&5
configure:16699: $? = 0
configure:16708: result: yes
configure:16721: : CFLAGS="$CFLAGS $flag"
configure:16724: $? = 0
configure:16743: checking whether C compiler accepts -Wpointer-sign
configure:16762: gcc -c  -Werror -Wno-pragmas -Wall -Wno-strict-aliasing -Wextra -Wunknown-pragmas --param=ssp-buffer-size=1 -Waddress -Warray-bounds -Wbad-function-cast -Wchar-subscripts -Wcomment -Wfloat-equal -Wformat-security -Wformat=2 -Wmaybe-uninitialized -Wmissing-field-initializers -Wmissing-noreturn -Wmissing-prototypes -Wnested-externs -Wnormalized=id -Woverride-init -Wpointer-arith  -Wpointer-sign  -fvisibility=hidden conftest.c >&5
configure:16762: $? = 0
configure:16771: result: yes
configure:16784: : CFLAGS="$CFLAGS $flag"
configure:16787: $? = 0
configure:16806: checking whether C compiler accepts -Wredundant-decls
configure:16825: gcc -c  -Werror -Wno-pragmas -Wall -Wno-strict-aliasing -Wextra -Wunknown-pragmas --param=ssp-buffer-size=1 -Waddress -Warray-bounds -Wbad-function-cast -Wchar-subscripts -Wcomment -Wfloat-equal -Wformat-security -Wformat=2 -Wmaybe-uninitialized -Wmissing-field-initializers -Wmissing-noreturn -Wmissing-prototypes -Wnested-externs -Wnormalized=id -Woverride-init -Wpointer-arith -Wpointer-sign  -Wredundant-decls  -fvisibility=hidden conftest.c >&5
configure:16825: $? = 0
configure:16834: result: yes
configure:16847: : CFLAGS="$CFLAGS $flag"
configure:16850: $? = 0
configure:16869: checking whether C compiler accepts -Wshadow
configure:16888: gcc -c  -Werror -Wno-pragmas -Wall -Wno-strict-aliasing -Wextra -Wunknown-pragmas --param=ssp-buffer-size=1 -Waddress -Warray-bounds -Wbad-function-cast -Wchar-subscripts -Wcomment -Wfloat-equal -Wformat-security -Wformat=2 -Wmaybe-uninitialized -Wmissing-field-initializers -Wmissing-noreturn -Wmissing-prototypes -Wnested-externs -Wnormalized=id -Woverride-init -Wpointer-arith -Wpointer-sign -Wredundant-decls  -Wshadow  -fvisibility=hidden conftest.c >&5
configure:16888: $? = 0
configure:16897: result: yes
configure:16910: : CFLAGS="$CFLAGS $flag"
configure:16913: $? = 0
configure:16932: checking whether C compiler accepts -Wshorten-64-to-32
configure:16951: gcc -c  -Werror -Wno-pragmas -Wall -Wno-strict-aliasing -Wextra -Wunknown-pragmas --param=ssp-buffer-size=1 -Waddress -Warray-bounds -Wbad-function-cast -Wchar-subscripts -Wcomment -Wfloat-equal -Wformat-security -Wformat=2 -Wmaybe-uninitialized -Wmissing-field-initializers -Wmissing-noreturn -Wmissing-prototypes -Wnested-externs -Wnormalized=id -Woverride-init -Wpointer-arith -Wpointer-sign -Wredundant-decls -Wshadow  -Wshorten-64-to-32  -fvisibility=hidden conftest.c >&5
gcc: error: unrecognized command line option '-Wshorten-64-to-32'
configure:16951: $? = 1
configure: failed program was:
| /* confdefs.h */
| #define PACKAGE_NAME "wolfmqtt"
| #define PACKAGE_TARNAME "wolfmqtt"
| #define PACKAGE_VERSION "0.14.0"
| #define PACKAGE_STRING "wolfmqtt 0.14.0"
| #define PACKAGE_BUGREPORT "https://github.com/wolfssl/wolfMQTT/issues"
| #define PACKAGE_URL "http://www.wolfssl.com"
| #define STDC_HEADERS 1
| #define HAVE_SYS_TYPES_H 1
| #define HAVE_SYS_STAT_H 1
| #define HAVE_STDLIB_H 1
| #define HAVE_STRING_H 1
| #define HAVE_MEMORY_H 1
| #define HAVE_STRINGS_H 1
| #define HAVE_INTTYPES_H 1
| #define HAVE_STDINT_H 1
| #define HAVE_UNISTD_H 1
| #define HAVE_DLFCN_H 1
| #define LT_OBJDIR ".libs/"
| #define HAVE_VISIBILITY 1
| #define STDC_HEADERS 1
| #define SIZEOF_LONG_LONG 8
| #define SIZEOF_LONG 8
| #define HAVE_GETHOSTBYNAME 1
| #define HAVE_GETADDRINFO 1
| #define HAVE_GETTIMEOFDAY 1
| #define HAVE_INET_NTOA 1
| #define HAVE_MEMSET 1
| #define HAVE_SOCKET 1
| #define HAVE_SIGNAL 1
| #define DEBUG 0
| #define HAVE_PTHREAD_PRIO_INHERIT 1
| #define HAVE_LIBWOLFSSL 1
| #define HAVE_WOLFSSL_CLEANUP 1
| #define VCS_SYSTEM "git"
| #define VCS_CHECKOUT 1
| /* end confdefs.h.  */
| 
| int
| main ()
| {
| 
|   ;
|   return 0;
| }
configure:16960: result: no
configure:16995: checking whether C compiler accepts -Wsign-compare
configure:17014: gcc -c  -Werror -Wno-pragmas -Wall -Wno-strict-aliasing -Wextra -Wunknown-pragmas --param=ssp-buffer-size=1 -Waddress -Warray-bounds -Wbad-function-cast -Wchar-subscripts -Wcomment -Wfloat-equal -Wformat-security -Wformat=2 -Wmaybe-uninitialized -Wmissing-field-initializers -Wmissing-noreturn -Wmissing-prototypes -Wnested-externs -Wnormalized=id -Woverride-init -Wpointer-arith -Wpointer-sign -Wredundant-decls -Wshadow  -Wsign-compare  -fvisibility=hidden conftest.c >&5
configure:17014: $? = 0
configure:17023: result: yes
configure:17036: : CFLAGS="$CFLAGS $flag"
configure:17039: $? = 0
configure:17058: checking whether C compiler accepts -Wstrict-overflow=1
configure:17077: gcc -c  -Werror -Wno-pragmas -Wall -Wno-strict-aliasing -Wextra -Wunknown-pragmas --param=ssp-buffer-size=1 -Waddress -Warray-bounds -Wbad-function-cast -Wchar-subscripts -Wcomment -Wfloat-equal -Wformat-security -Wformat=2 -Wmaybe-uninitialized -Wmissing-field-initializers -Wmissing-noreturn -Wmissing-prototypes -Wnested-externs -Wnormalized=id -Woverride-init -Wpointer-arith -Wpointer-sign -Wredundant-decls -Wshadow -Wsign-compare  -Wstrict-overflow=1  -fvisibility=hidden conftest.c >&5
configure:17077: $? = 0
configure:17086: result: yes
configure:17099: : CFLAGS="$CFLAGS $flag"
configure:17102: $? = 0
configure:17121: checking whether C compiler accepts -Wstrict-prototypes
configure:17140: gcc -c  -Werror -Wno-pragmas -Wall -Wno-strict-aliasing -Wextra -Wunknown-pragmas --param=ssp-buffer-size=1 -Waddress -Warray-bounds -Wbad-function-cast -Wchar-subscripts -Wcomment -Wfloat-equal -Wformat-security -Wformat=2 -Wmaybe-uninitialized -Wmissing-field-initializers -Wmissing-noreturn -Wmissing-prototypes -Wnested-externs -Wnormalized=id -Woverride-init -Wpointer-arith -Wpointer-sign -Wredundant-decls -Wshadow -Wsign-compare -Wstrict-overflow=1  -Wstrict-prototypes  -fvisibility=hidden conftest.c >&5
conftest.c:40:1: error: function declaration isn't a prototype [-Werror=strict-prototypes]
 main ()
 ^
cc1: all warnings being treated as errors
configure:17140: $? = 1
configure: failed program was:
| /* confdefs.h */
| #define PACKAGE_NAME "wolfmqtt"
| #define PACKAGE_TARNAME "wolfmqtt"
| #define PACKAGE_VERSION "0.14.0"
| #define PACKAGE_STRING "wolfmqtt 0.14.0"
| #define PACKAGE_BUGREPORT "https://github.com/wolfssl/wolfMQTT/issues"
| #define PACKAGE_URL "http://www.wolfssl.com"
| #define STDC_HEADERS 1
| #define HAVE_SYS_TYPES_H 1
| #define HAVE_SYS_STAT_H 1
| #define HAVE_STDLIB_H 1
| #define HAVE_STRING_H 1
| #define HAVE_MEMORY_H 1
| #define HAVE_STRINGS_H 1
| #define HAVE_INTTYPES_H 1
| #define HAVE_STDINT_H 1
| #define HAVE_UNISTD_H 1
| #define HAVE_DLFCN_H 1
| #define LT_OBJDIR ".libs/"
| #define HAVE_VISIBILITY 1
| #define STDC_HEADERS 1
| #define SIZEOF_LONG_LONG 8
| #define SIZEOF_LONG 8
| #define HAVE_GETHOSTBYNAME 1
| #define HAVE_GETADDRINFO 1
| #define HAVE_GETTIMEOFDAY 1
| #define HAVE_INET_NTOA 1
| #define HAVE_MEMSET 1
| #define HAVE_SOCKET 1
| #define HAVE_SIGNAL 1
| #define DEBUG 0
| #define HAVE_PTHREAD_PRIO_INHERIT 1
| #define HAVE_LIBWOLFSSL 1
| #define HAVE_WOLFSSL_CLEANUP 1
| #define VCS_SYSTEM "git"
| #define VCS_CHECKOUT 1
| /* end confdefs.h.  */
| 
| int
| main ()
| {
| 
|   ;
|   return 0;
| }
configure:17149: result: no
configure:17184: checking whether C compiler accepts -Wswitch-enum
configure:17203: gcc -c  -Werror -Wno-pragmas -Wall -Wno-strict-aliasing -Wextra -Wunknown-pragmas --param=ssp-buffer-size=1 -Waddress -Warray-bounds -Wbad-function-cast -Wchar-subscripts -Wcomment -Wfloat-equal -Wformat-security -Wformat=2 -Wmaybe-uninitialized -Wmissing-field-initializers -Wmissing-noreturn -Wmissing-prototypes -Wnested-externs -Wnormalized=id -Woverride-init -Wpointer-arith -Wpointer-sign -Wredundant-decls -Wshadow -Wsign-compare -Wstrict-overflow=1  -Wswitch-enum  -fvisibility=hidden conftest.c >&5
configure:17203: $? = 0
configure:17212: result: yes
configure:17225: : CFLAGS="$CFLAGS $flag"
configure:17228: $? = 0
configure:17247: checking whether C compiler accepts -Wundef
configure:17266: gcc -c  -Werror -Wno-pragmas -Wall -Wno-strict-aliasing -Wextra -Wunknown-pragmas --param=ssp-buffer-size=1 -Waddress -Warray-bounds -Wbad-function-cast -Wchar-subscripts -Wcomment -Wfloat-equal -Wformat-security -Wformat=2 -Wmaybe-uninitialized -Wmissing-field-initializers -Wmissing-noreturn -Wmissing-prototypes -Wnested-externs -Wnormalized=id -Woverride-init -Wpointer-arith -Wpointer-sign -Wredundant-decls -Wshadow -Wsign-compare -Wstrict-overflow=1 -Wswitch-enum  -Wundef  -fvisibility=hidden conftest.c >&5
configure:17266: $? = 0
configure:17275: result: yes
configure:17288: : CFLAGS="$CFLAGS $flag"
configure:17291: $? = 0
configure:17310: checking whether C compiler accepts -Wunused
configure:17329: gcc -c  -Werror -Wno-pragmas -Wall -Wno-strict-aliasing -Wextra -Wunknown-pragmas --param=ssp-buffer-size=1 -Waddress -Warray-bounds -Wbad-function-cast -Wchar-subscripts -Wcomment -Wfloat-equal -Wformat-security -Wformat=2 -Wmaybe-uninitialized -Wmissing-field-initializers -Wmissing-noreturn -Wmissing-prototypes -Wnested-externs -Wnormalized=id -Woverride-init -Wpointer-arith -Wpointer-sign -Wredundant-decls -Wshadow -Wsign-compare -Wstrict-overflow=1 -Wswitch-enum -Wundef  -Wunused  -fvisibility=hidden conftest.c >&5
configure:17329: $? = 0
configure:17338: result: yes
configure:17351: : CFLAGS="$CFLAGS $flag"
configure:17354: $? = 0
configure:17373: checking whether C compiler accepts -Wunused-result
configure:17392: gcc -c  -Werror -Wno-pragmas -Wall -Wno-strict-aliasing -Wextra -Wunknown-pragmas --param=ssp-buffer-size=1 -Waddress -Warray-bounds -Wbad-function-cast -Wchar-subscripts -Wcomment -Wfloat-equal -Wformat-security -Wformat=2 -Wmaybe-uninitialized -Wmissing-field-initializers -Wmissing-noreturn -Wmissing-prototypes -Wnested-externs -Wnormalized=id -Woverride-init -Wpointer-arith -Wpointer-sign -Wredundant-decls -Wshadow -Wsign-compare -Wstrict-overflow=1 -Wswitch-enum -Wundef -Wunused  -Wunused-result  -fvisibility=hidden conftest.c >&5
configure:17392: $? = 0
configure:17401: result: yes
configure:17414: : CFLAGS="$CFLAGS $flag"
configure:17417: $? = 0
configure:17436: checking whether C compiler accepts -Wunused-variable
configure:17455: gcc -c  -Werror -Wno-pragmas -Wall -Wno-strict-aliasing -Wextra -Wunknown-pragmas --param=ssp-buffer-size=1 -Waddress -Warray-bounds -Wbad-function-cast -Wchar-subscripts -Wcomment -Wfloat-equal -Wformat-security -Wformat=2 -Wmaybe-uninitialized -Wmissing-field-initializers -Wmissing-noreturn -Wmissing-prototypes -Wnested-externs -Wnormalized=id -Woverride-init -Wpointer-arith -Wpointer-sign -Wredundant-decls -Wshadow -Wsign-compare -Wstrict-overflow=1 -Wswitch-enum -Wundef -Wunused -Wunused-result  -Wunused-variable  -fvisibility=hidden conftest.c >&5
configure:17455: $? = 0
configure:17464: result: yes
configure:17477: : CFLAGS="$CFLAGS $flag"
configure:17480: $? = 0
configure:17499: checking whether C compiler accepts -Wwrite-strings
configure:17518: gcc -c  -Werror -Wno-pragmas -Wall -Wno-strict-aliasing -Wextra -Wunknown-pragmas --param=ssp-buffer-size=1 -Waddress -Warray-bounds -Wbad-function-cast -Wchar-subscripts -Wcomment -Wfloat-equal -Wformat-security -Wformat=2 -Wmaybe-uninitialized -Wmissing-field-initializers -Wmissing-noreturn -Wmissing-prototypes -Wnested-externs -Wnormalized=id -Woverride-init -Wpointer-arith -Wpointer-sign -Wredundant-decls -Wshadow -Wsign-compare -Wstrict-overflow=1 -Wswitch-enum -Wundef -Wunused -Wunused-result -Wunused-variable  -Wwrite-strings  -fvisibility=hidden conftest.c >&5
configure:17518: $? = 0
configure:17527: result: yes
configure:17540: : CFLAGS="$CFLAGS $flag"
configure:17543: $? = 0
configure:17562: checking whether C compiler accepts -fwrapv
configure:17581: gcc -c  -Werror -Wno-pragmas -Wall -Wno-strict-aliasing -Wextra -Wunknown-pragmas --param=ssp-buffer-size=1 -Waddress -Warray-bounds -Wbad-function-cast -Wchar-subscripts -Wcomment -Wfloat-equal -Wformat-security -Wformat=2 -Wmaybe-uninitialized -Wmissing-field-initializers -Wmissing-noreturn -Wmissing-prototypes -Wnested-externs -Wnormalized=id -Woverride-init -Wpointer-arith -Wpointer-sign -Wredundant-decls -Wshadow -Wsign-compare -Wstrict-overflow=1 -Wswitch-enum -Wundef -Wunused -Wunused-result -Wunused-variable -Wwrite-strings  -fwrapv  -fvisibility=hidden conftest.c >&5
configure:17581: $? = 0
configure:17590: result: yes
configure:17603: : CFLAGS="$CFLAGS $flag"
configure:17606: $? = 0
configure:17652: result: creating wolfmqtt-config - generic 0.14.0 for -lwolfmqtt -lwolfssl
configure:17780: checking the number of available CPUs
configure:17823: result: 1 
configure:17836: adding automake macro support
configure:17840: creating aminclude.am
configure:17871: added jobserver support to make for 2 jobs
configure:17992: checking that generated files are newer than configure
configure:17998: result: done
configure:18049: creating ./config.status

## ---------------------- ##
## Running config.status. ##
## ---------------------- ##

This file was extended by wolfmqtt config.status 0.14.0, which was
generated by GNU Autoconf 2.69.  Invocation command line was

  CONFIG_FILES    = 
  CONFIG_HEADERS  = 
  CONFIG_LINKS    = 
  CONFIG_COMMANDS = 
  $ ./config.status 

on mininet-vm

config.status:1129: creating Makefile
config.status:1129: creating wolfmqtt/version.h
config.status:1129: creating src/config.h
config.status:1358: executing depfiles commands
config.status:1358: executing libtool commands

## ---------------- ##
## Cache variables. ##
## ---------------- ##

ac_cv_build=x86_64-unknown-linux-gnu
ac_cv_c_compiler_gnu=yes
ac_cv_env_CC_set=
ac_cv_env_CC_value=
ac_cv_env_CFLAGS_set=
ac_cv_env_CFLAGS_value=
ac_cv_env_CPPFLAGS_set=
ac_cv_env_CPPFLAGS_value=
ac_cv_env_CPP_set=
ac_cv_env_CPP_value=
ac_cv_env_LDFLAGS_set=
ac_cv_env_LDFLAGS_value=
ac_cv_env_LIBS_set=
ac_cv_env_LIBS_value=
ac_cv_env_build_alias_set=
ac_cv_env_build_alias_value=
ac_cv_env_host_alias_set=
ac_cv_env_host_alias_value=
ac_cv_env_target_alias_set=
ac_cv_env_target_alias_value=
ac_cv_func_getaddrinfo=yes
ac_cv_func_gethostbyname=yes
ac_cv_func_gettimeofday=yes
ac_cv_func_inet_ntoa=yes
ac_cv_func_memset=yes
ac_cv_func_signal=yes
ac_cv_func_socket=yes
ac_cv_func_wolfSSL_Cleanup=yes
ac_cv_header_dlfcn_h=yes
ac_cv_header_inttypes_h=yes
ac_cv_header_memory_h=yes
ac_cv_header_stdc=yes
ac_cv_header_stdint_h=yes
ac_cv_header_stdlib_h=yes
ac_cv_header_string_h=yes
ac_cv_header_strings_h=yes
ac_cv_header_sys_stat_h=yes
ac_cv_header_sys_types_h=yes
ac_cv_header_unistd_h=yes
ac_cv_host=x86_64-unknown-linux-gnu
ac_cv_lib_network_socket=no
ac_cv_libwolfssl=yes
ac_cv_objext=o
ac_cv_path_EGREP='/bin/grep -E'
ac_cv_path_FGREP='/bin/grep -F'
ac_cv_path_GREP=/bin/grep
ac_cv_path_SED=/bin/sed
ac_cv_path_install='/usr/bin/install -c'
ac_cv_path_mkdir=/bin/mkdir
ac_cv_prog_AWK=mawk
ac_cv_prog_CPP='gcc -E'
ac_cv_prog_ac_ct_AR=ar
ac_cv_prog_ac_ct_CC=gcc
ac_cv_prog_ac_ct_MANIFEST_TOOL=mt
ac_cv_prog_ac_ct_OBJDUMP=objdump
ac_cv_prog_ac_ct_RANLIB=ranlib
ac_cv_prog_ac_ct_STRIP=strip
ac_cv_prog_cc_c89=
ac_cv_prog_cc_g=yes
ac_cv_prog_cc_gcc_c_o=yes
ac_cv_prog_make_make_set=yes
ac_cv_sizeof_long=8
ac_cv_sizeof_long_long=8
ac_cv_vcs_checkout=yes
ac_cv_vcs_system=git
ac_cv_warnings_as_errors=yes
acl_cv_path_LD='/usr/bin/ld -m elf_x86_64'
acl_cv_prog_gnu_ld=yes
acl_cv_rpath=done
am_cv_CC_dependencies_compiler_type=gcc3
am_cv_make_support_nested_variables=yes
am_cv_prog_cc_c_o=yes
am_cv_prog_tar_ustar=gnutar
ax_cv_PTHREAD_PRIO_INHERIT=yes
ax_cv_check_cflags__=yes
ax_cv_check_cflags__Waddress=yes
ax_cv_check_cflags__Wall=yes
ax_cv_check_cflags__Warray_bounds=yes
ax_cv_check_cflags__Wbad_function_cast=yes
ax_cv_check_cflags__Wchar_subscripts=yes
ax_cv_check_cflags__Wcomment=yes
ax_cv_check_cflags__Wextra=yes
ax_cv_check_cflags__Wfloat_equal=yes
ax_cv_check_cflags__Wformat_2=yes
ax_cv_check_cflags__Wformat_security=yes
ax_cv_check_cflags__Wmaybe_uninitialized=yes
ax_cv_check_cflags__Wmissing_field_initializers=yes
ax_cv_check_cflags__Wmissing_noreturn=yes
ax_cv_check_cflags__Wmissing_prototypes=yes
ax_cv_check_cflags__Wnested_externs=yes
ax_cv_check_cflags__Wno_pragmas=yes
ax_cv_check_cflags__Wnormalized_id=yes
ax_cv_check_cflags__Woverride_init=yes
ax_cv_check_cflags__Wpointer_arith=yes
ax_cv_check_cflags__Wpointer_sign=yes
ax_cv_check_cflags__Wredundant_decls=yes
ax_cv_check_cflags__Wshadow=yes
ax_cv_check_cflags__Wshorten_64_to_32=no
ax_cv_check_cflags__Wsign_compare=yes
ax_cv_check_cflags__Wstrict_overflow_1=yes
ax_cv_check_cflags__Wstrict_prototypes=no
ax_cv_check_cflags__Wswitch_enum=yes
ax_cv_check_cflags__Wthis_test_should_fail=no
ax_cv_check_cflags__Wundef=yes
ax_cv_check_cflags__Wunknown_pragmas=yes
ax_cv_check_cflags__Wunused=yes
ax_cv_check_cflags__Wunused_result=yes
ax_cv_check_cflags__Wunused_variable=yes
ax_cv_check_cflags__Wwrite_strings=yes
ax_cv_check_cflags___Werror=yes
ax_cv_check_cflags___Wno_strict_aliasing=yes
ax_cv_check_cflags___param_ssp_buffer_size_1=yes
ax_cv_check_cflags__fwrapv=yes
ax_cv_check_ldflags__=yes
ax_cv_check_ldflags___Werror=yes
ax_cv_check_ldflags__pie=yes
ax_cv_check_ldflags__z_relro__z_now=yes
gl_cv_cc_vis_werror=yes
gl_cv_cc_visibility=yes
lt_cv_ar_at_file=@
lt_cv_archive_cmds_need_lc=no
lt_cv_deplibs_check_method=pass_all
lt_cv_file_magic_cmd='$MAGIC_CMD'
lt_cv_file_magic_test_file=
lt_cv_ld_reload_flag=-r
lt_cv_nm_interface='BSD nm'
lt_cv_objdir=.libs
lt_cv_path_LD=/usr/bin/ld
lt_cv_path_NM='/usr/bin/nm -B'
lt_cv_path_mainfest_tool=no
lt_cv_prog_compiler_c_o=yes
lt_cv_prog_compiler_pic='-fPIC -DPIC'
lt_cv_prog_compiler_pic_works=yes
lt_cv_prog_compiler_rtti_exceptions=no
lt_cv_prog_compiler_static_works=yes
lt_cv_prog_gnu_ld=yes
lt_cv_sharedlib_from_linklib_cmd='printf %s\n'
lt_cv_shlibpath_overrides_runpath=no
lt_cv_sys_global_symbol_pipe='sed -n -e '\''s/^.*[	 ]\([ABCDGIRSTW][ABCDGIRSTW]*\)[	 ][	 ]*\([_A-Za-z][_A-Za-z0-9]*\)$/\1 \2 \2/p'\'' | sed '\''/ __gnu_lto/d'\'''
lt_cv_sys_global_symbol_to_c_name_address='sed -n -e '\''s/^: \([^ ]*\)[ ]*$/  {\"\1\", (void *) 0},/p'\'' -e '\''s/^[ABCDGIRSTW]* \([^ ]*\) \([^ ]*\)$/  {"\2", (void *) \&\2},/p'\'''
lt_cv_sys_global_symbol_to_c_name_address_lib_prefix='sed -n -e '\''s/^: \([^ ]*\)[ ]*$/  {\"\1\", (void *) 0},/p'\'' -e '\''s/^[ABCDGIRSTW]* \([^ ]*\) \(lib[^ ]*\)$/  {"\2", (void *) \&\2},/p'\'' -e '\''s/^[ABCDGIRSTW]* \([^ ]*\) \([^ ]*\)$/  {"lib\2", (void *) \&\2},/p'\'''
lt_cv_sys_global_symbol_to_cdecl='sed -n -e '\''s/^T .* \(.*\)$/extern int \1();/p'\'' -e '\''s/^[ABCDGIRSTW]* .* \(.*\)$/extern char \1;/p'\'''
lt_cv_sys_max_cmd_len=1572864
lt_cv_to_host_file_cmd=func_convert_file_noop
lt_cv_to_tool_file_cmd=func_convert_file_noop

## ----------------- ##
## Output variables. ##
## ----------------- ##

ACLOCAL='${SHELL} /home/mininet/CSE222A/wolfMQTT/build-aux/missing aclocal-1.14'
AMDEPBACKSLASH='\'
AMDEP_FALSE='#'
AMDEP_TRUE=''
AMINCLUDE='aminclude.am'
AMTAR='$${TAR-tar}'
AM_BACKSLASH='\'
AM_CFLAGS=' -O2 -pthread'
AM_CPPFLAGS='-DNDEBUG  -O2 -DSIZEOF_LONG=8 -DENABLE_MQTT_TLS -DDHAVE_WOLFSSL_OPTIONS -DHAVE_CYASSL_OPTIONS'
AM_DEFAULT_V='$(AM_DEFAULT_VERBOSITY)'
AM_DEFAULT_VERBOSITY='0'
AM_LDFLAGS=''
AM_V='$(V)'
AR='ar'
AUTOCONF='${SHELL} /home/mininet/CSE222A/wolfMQTT/build-aux/missing autoconf'
AUTOHEADER='${SHELL} /home/mininet/CSE222A/wolfMQTT/build-aux/missing autoheader'
AUTOMAKE='${SHELL} /home/mininet/CSE222A/wolfMQTT/build-aux/missing automake-1.14'
AWK='mawk'
BUILD_EXAMPLES_FALSE='#'
BUILD_EXAMPLES_TRUE=''
BUILD_STDINCAP_FALSE='#'
BUILD_STDINCAP_TRUE=''
CC='gcc'
CCDEPMODE='depmode=gcc3'
CFLAGS=' -Werror -Wno-pragmas -Wall -Wno-strict-aliasing -Wextra -Wunknown-pragmas --param=ssp-buffer-size=1 -Waddress -Warray-bounds -Wbad-function-cast -Wchar-subscripts -Wcomment -Wfloat-equal -Wformat-security -Wformat=2 -Wmaybe-uninitialized -Wmissing-field-initializers -Wmissing-noreturn -Wmissing-prototypes -Wnested-externs -Wnormalized=id -Woverride-init -Wpointer-arith -Wpointer-sign -Wredundant-decls -Wshadow -Wsign-compare -Wstrict-overflow=1 -Wswitch-enum -Wundef -Wunused -Wunused-result -Wunused-variable -Wwrite-strings -fwrapv'
CFLAG_VISIBILITY='-fvisibility=hidden'
CPP='gcc -E'
CPPFLAGS=' -fvisibility=hidden'
CYGPATH_W='echo'
DEBUG_FALSE=''
DEBUG_TRUE='#'
DEFS='-DHAVE_CONFIG_H'
DEPDIR='.deps'
DLLTOOL='false'
DSYMUTIL=''
DUMPBIN=''
ECHO_C=''
ECHO_N='-n'
ECHO_T=''
EGREP='/bin/grep -E'
EXEEXT=''
FGREP='/bin/grep -F'
GENERIC_CONFIG='wolfmqtt-config'
GREP='/bin/grep'
HAVE_LIBWOLFSSL='yes'
HAVE_LIBWOLFSSL_FALSE='#'
HAVE_LIBWOLFSSL_TRUE=''
HAVE_VISIBILITY='1'
HEX_VERSION='0x00014000'
INC_AMINCLUDE='include $(top_builddir)/aminclude.am'
INSTALL_DATA='${INSTALL} -m 644'
INSTALL_PROGRAM='${INSTALL}'
INSTALL_SCRIPT='${INSTALL}'
INSTALL_STRIP_PROGRAM='$(install_sh) -c -s'
IS_VCS_CHECKOUT_FALSE='#'
IS_VCS_CHECKOUT_TRUE=''
LD='/usr/bin/ld -m elf_x86_64'
LDFLAGS=' -L/usr/local/lib'
LIBOBJS=''
LIBS=' -lwolfssl'
LIBTOOL='$(SHELL) $(top_builddir)/libtool'
LIBWOLFSSL='-lwolfssl'
LIBWOLFSSL_PREFIX=''
LIPO=''
LN_S='ln -s'
LTLIBOBJS=''
LTLIBWOLFSSL='-lwolfssl'
MAKEINFO='${SHELL} /home/mininet/CSE222A/wolfMQTT/build-aux/missing makeinfo'
MANIFEST_TOOL=':'
MCHECK=''
MKDIR_P='/bin/mkdir -p'
NM='/usr/bin/nm -B'
NMEDIT=''
OBJDUMP='objdump'
OBJEXT='o'
OTOOL64=''
OTOOL=''
PACKAGE='wolfmqtt'
PACKAGE_BUGREPORT='https://github.com/wolfssl/wolfMQTT/issues'
PACKAGE_NAME='wolfmqtt'
PACKAGE_STRING='wolfmqtt 0.14.0'
PACKAGE_TARNAME='wolfmqtt'
PACKAGE_URL='http://www.wolfssl.com'
PACKAGE_VERSION='0.14.0'
PATH_SEPARATOR=':'
PTHREAD_CC='gcc'
PTHREAD_CFLAGS='-pthread'
PTHREAD_LIBS=''
RANLIB='ranlib'
SED='/bin/sed'
SET_MAKE=''
SHELL='/bin/bash'
STRIP='strip'
VERSION='0.14.0'
WOLFMQTT_LIBRARY_VERSION='1:2:0'
ac_ct_AR='ar'
ac_ct_CC='gcc'
ac_ct_DUMPBIN=''
am__EXEEXT_FALSE=''
am__EXEEXT_TRUE='#'
am__fastdepCC_FALSE='#'
am__fastdepCC_TRUE=''
am__include='include'
am__isrc=''
am__leading_dot='.'
am__nodep='_no'
am__quote=''
am__tar='tar --format=ustar -chf - "$$tardir"'
am__untar='tar -xf -'
ax_pthread_config=''
bindir='${exec_prefix}/bin'
build='x86_64-unknown-linux-gnu'
build_alias=''
build_cpu='x86_64'
build_os='linux-gnu'
build_vendor='unknown'
datadir='${datarootdir}'
datarootdir='${prefix}/share'
docdir='${datarootdir}/doc/${PACKAGE_TARNAME}'
dvidir='${docdir}'
exec_prefix='${prefix}'
host='x86_64-unknown-linux-gnu'
host_alias=''
host_cpu='x86_64'
host_os='linux-gnu'
host_vendor='unknown'
htmldir='${docdir}'
includedir='${prefix}/include'
infodir='${datarootdir}/info'
install_sh='${SHELL} /home/mininet/CSE222A/wolfMQTT/build-aux/install-sh'
libdir='${exec_prefix}/lib'
libexecdir='${exec_prefix}/libexec'
localedir='${datarootdir}/locale'
localstatedir='${prefix}/var'
mandir='${datarootdir}/man'
mkdir_p='$(MKDIR_P)'
oldincludedir='/usr/include'
pdfdir='${docdir}'
prefix='/usr/local'
program_transform_name='s,x,x,'
psdir='${docdir}'
sbindir='${exec_prefix}/sbin'
sharedstatedir='${prefix}/com'
sysconfdir='${prefix}/etc'
target_alias=''

## ----------- ##
## confdefs.h. ##
## ----------- ##

/* confdefs.h */
#define PACKAGE_NAME "wolfmqtt"
#define PACKAGE_TARNAME "wolfmqtt"
#define PACKAGE_VERSION "0.14.0"
#define PACKAGE_STRING "wolfmqtt 0.14.0"
#define PACKAGE_BUGREPORT "https://github.com/wolfssl/wolfMQTT/issues"
#define PACKAGE_URL "http://www.wolfssl.com"
#define STDC_HEADERS 1
#define HAVE_SYS_TYPES_H 1
#define HAVE_SYS_STAT_H 1
#define HAVE_STDLIB_H 1
#define HAVE_STRING_H 1
#define HAVE_MEMORY_H 1
#define HAVE_STRINGS_H 1
#define HAVE_INTTYPES_H 1
#define HAVE_STDINT_H 1
#define HAVE_UNISTD_H 1
#define HAVE_DLFCN_H 1
#define LT_OBJDIR ".libs/"
#define HAVE_VISIBILITY 1
#define STDC_HEADERS 1
#define SIZEOF_LONG_LONG 8
#define SIZEOF_LONG 8
#define HAVE_GETHOSTBYNAME 1
#define HAVE_GETADDRINFO 1
#define HAVE_GETTIMEOFDAY 1
#define HAVE_INET_NTOA 1
#define HAVE_MEMSET 1
#define HAVE_SOCKET 1
#define HAVE_SIGNAL 1
#define DEBUG 0
#define HAVE_PTHREAD_PRIO_INHERIT 1
#define HAVE_LIBWOLFSSL 1
#define HAVE_WOLFSSL_CLEANUP 1
#define VCS_SYSTEM "git"
#define VCS_CHECKOUT 1

configure: exit 0
